Using pre-set license
Built from '2022.2/staging' branch; Version is '2022.2.5f1 (551d45108343) revision 5578053'; Using compiler version '192829333'; Build Type 'Release'
OS: 'Windows 11  (10.0.22621) 64bit Core' Language: 'fr' Physical Memory: 15720 MB
BatchMode: 1, IsHumanControllingUs: 0, StartBugReporterOnCrash: 0, Is64bit: 1, IsPro: 1

COMMAND LINE ARGUMENTS:
C:\Program Files\Unity\Hub\Editor\2022.2.5f1\Editor\Unity.exe
-adb2
-batchMode
-noUpm
-name
AssetImportWorker17
-projectPath
C:/Users/staba/ProjetS2/Projet S2
-logFile
Logs/AssetImportWorker17.log
-srvPort
54534
Successfully changed project path to: C:/Users/staba/ProjetS2/Projet S2
C:/Users/staba/ProjetS2/Projet S2
[UnityMemory] Configuration Parameters - Can be set up in boot.config
    "memorysetup-bucket-allocator-granularity=16"
    "memorysetup-bucket-allocator-bucket-count=8"
    "memorysetup-bucket-allocator-block-size=33554432"
    "memorysetup-bucket-allocator-block-count=8"
    "memorysetup-main-allocator-block-size=16777216"
    "memorysetup-thread-allocator-block-size=16777216"
    "memorysetup-gfx-main-allocator-block-size=16777216"
    "memorysetup-gfx-thread-allocator-block-size=16777216"
    "memorysetup-cache-allocator-block-size=4194304"
    "memorysetup-typetree-allocator-block-size=2097152"
    "memorysetup-profiler-bucket-allocator-granularity=16"
    "memorysetup-profiler-bucket-allocator-bucket-count=8"
    "memorysetup-profiler-bucket-allocator-block-size=33554432"
    "memorysetup-profiler-bucket-allocator-block-count=8"
    "memorysetup-profiler-allocator-block-size=16777216"
    "memorysetup-profiler-editor-allocator-block-size=1048576"
    "memorysetup-temp-allocator-size-main=16777216"
    "memorysetup-job-temp-allocator-block-size=2097152"
    "memorysetup-job-temp-allocator-block-size-background=1048576"
    "memorysetup-job-temp-allocator-reduction-small-platforms=262144"
    "memorysetup-temp-allocator-size-background-worker=32768"
    "memorysetup-temp-allocator-size-job-worker=262144"
    "memorysetup-temp-allocator-size-preload-manager=33554432"
    "memorysetup-temp-allocator-size-nav-mesh-worker=65536"
    "memorysetup-temp-allocator-size-audio-worker=65536"
    "memorysetup-temp-allocator-size-cloud-worker=32768"
    "memorysetup-temp-allocator-size-gi-baking-worker=262144"
    "memorysetup-temp-allocator-size-gfx=262144"
Player connection [28564] Host "[IP] 192.168.1.36 [Port] 0 [Flags] 2 [Guid] 3049523043 [EditorId] 3049523043 [Version] 1048832 [Id] WindowsEditor(7,DESKTOP-ETVF3KA) [Debug] 1 [PackageName] WindowsEditor [ProjectName] Editor" joined multi-casting on [225.0.0.222:54997]...

Player connection [28564] Host "[IP] 192.168.1.36 [Port] 0 [Flags] 2 [Guid] 3049523043 [EditorId] 3049523043 [Version] 1048832 [Id] WindowsEditor(7,DESKTOP-ETVF3KA) [Debug] 1 [PackageName] WindowsEditor [ProjectName] Editor" joined alternative multi-casting on [225.0.0.222:34997]...

Refreshing native plugins compatible for Editor in 21.04 ms, found 3 plugins.
Preloading 0 native plugins for Editor in 0.00 ms.
Initialize engine version: 2022.2.5f1 (551d45108343)
[Subsystems] Discovering subsystems at path C:/Program Files/Unity/Hub/Editor/2022.2.5f1/Editor/Data/Resources/UnitySubsystems
[Subsystems] Discovering subsystems at path C:/Users/staba/ProjetS2/Projet S2/Assets
GfxDevice: creating device client; threaded=0; jobified=0
Direct3D:
    Version:  Direct3D 11.0 [level 11.1]
    Renderer: NVIDIA GeForce RTX 3060 Laptop GPU (ID=0x2560)
    Vendor:   NVIDIA
    VRAM:     6009 MB
    Driver:   31.0.15.2756
Initialize mono
Mono path[0] = 'C:/Program Files/Unity/Hub/Editor/2022.2.5f1/Editor/Data/Managed'
Mono path[1] = 'C:/Program Files/Unity/Hub/Editor/2022.2.5f1/Editor/Data/MonoBleedingEdge/lib/mono/unityjit-win32'
Mono config path = 'C:/Program Files/Unity/Hub/Editor/2022.2.5f1/Editor/Data/MonoBleedingEdge/etc'
Using monoOptions --debugger-agent=transport=dt_socket,embedding=1,server=y,suspend=n,address=127.0.0.1:56112
Begin MonoManager ReloadAssembly
Registering precompiled unity dll's ...
Register platform support module: C:/Program Files/Unity/Hub/Editor/2022.2.5f1/Editor/Data/PlaybackEngines/WindowsStandaloneSupport/UnityEditor.WindowsStandalone.Extensions.dll
Registered in 0.005096 seconds.
- Loaded All Assemblies, in  0.275 seconds
Native extension for WindowsStandalone target not found
Mono: successfully reloaded assembly
- Finished resetting the current domain, in  0.246 seconds
Domain Reload Profiling:
	ReloadAssembly (165ms)
		BeginReloadAssembly (66ms)
			ExecutionOrderSort (0ms)
			DisableScriptedObjects (0ms)
			BackupInstance (0ms)
			ReleaseScriptingObjects (0ms)
			CreateAndSetChildDomain (1ms)
		LoadAllAssembliesAndSetupDomain (0ms)
			LoadAssemblies (64ms)
			RebuildTransferFunctionScriptingTraits (0ms)
			SetupTypeCache (104ms)
				TypeCache.Initialize (103ms)
					TypeCache.ScanAssembly (101ms)
				ResolveRequiredComponents (1ms)
		FinalizeReload (0ms)
			ReleaseScriptCaches (0ms)
			RebuildScriptCaches (0ms)
			SetupLoadedEditorAssemblies (194ms)
				LogAssemblyErrors (0ms)
				InitializePlatformSupportModulesInManaged (8ms)
				SetLoadedEditorAssemblies (7ms)
				RefreshPlugins (0ms)
				BeforeProcessingInitializeOnLoad (1ms)
				ProcessInitializeOnLoadAttributes (131ms)
				ProcessInitializeOnLoadMethodAttributes (46ms)
				AfterProcessingInitializeOnLoad (0ms)
				EditorAssembliesLoaded (0ms)
			ExecutionOrderSort2 (0ms)
			AwakeInstancesAfterBackupRestoration (0ms)
========================================================================
Worker process is ready to serve import requests
Begin MonoManager ReloadAssembly
Symbol file LoadedFromMemory doesn't match image C:\Users\staba\ProjetS2\Projet S2\Library\PackageCache\com.unity.visualscripting@1.8.0\Editor\VisualScripting.Core\Dependencies\YamlDotNet\Unity.VisualScripting.YamlDotNet.dll
Symbol file LoadedFromMemory doesn't match image C:\Users\staba\ProjetS2\Projet S2\Library\PackageCache\com.unity.visualscripting@1.8.0\Editor\VisualScripting.Core\Dependencies\DotNetZip\Unity.VisualScripting.IonicZip.dll
- Loaded All Assemblies, in  0.897 seconds
Refreshing native plugins compatible for Editor in 12.26 ms, found 3 plugins.
Native extension for WindowsStandalone target not found
Mono: successfully reloaded assembly
- Finished resetting the current domain, in  0.805 seconds
Domain Reload Profiling:
	ReloadAssembly (193ms)
		BeginReloadAssembly (109ms)
			ExecutionOrderSort (0ms)
			DisableScriptedObjects (6ms)
			BackupInstance (0ms)
			ReleaseScriptingObjects (0ms)
			CreateAndSetChildDomain (23ms)
		LoadAllAssembliesAndSetupDomain (701ms)
			LoadAssemblies (286ms)
			RebuildTransferFunctionScriptingTraits (0ms)
			SetupTypeCache (458ms)
				TypeCache.Initialize (256ms)
					TypeCache.ScanAssembly (251ms)
				ResolveRequiredComponents (4ms)
		FinalizeReload (0ms)
			ReleaseScriptCaches (0ms)
			RebuildScriptCaches (0ms)
			SetupLoadedEditorAssemblies (644ms)
				LogAssemblyErrors (0ms)
				InitializePlatformSupportModulesInManaged (6ms)
				SetLoadedEditorAssemblies (3ms)
				RefreshPlugins (0ms)
				BeforeProcessingInitializeOnLoad (69ms)
				ProcessInitializeOnLoadAttributes (428ms)
				ProcessInitializeOnLoadMethodAttributes (128ms)
				AfterProcessingInitializeOnLoad (9ms)
				EditorAssembliesLoaded (0ms)
			ExecutionOrderSort2 (0ms)
			AwakeInstancesAfterBackupRestoration (10ms)
Launched and connected shader compiler UnityShaderCompiler.exe after 0.06 seconds
Refreshing native plugins compatible for Editor in 13.45 ms, found 3 plugins.
Preloading 0 native plugins for Editor in 0.00 ms.
Unloading 4166 Unused Serialized files (Serialized files now loaded: 0)
Unloading 70 unused Assets / (88.8 KB). Loaded Objects now: 4632.
Memory consumption went from 0.63 GB to 0.63 GB.
Total: 8.081900 ms (FindLiveObjects: 0.463700 ms CreateObjectMapping: 0.135000 ms MarkObjects: 7.256000 ms  DeleteObjects: 0.226000 ms)

AssetImportParameters requested are different than current active one (requested -> active):
  custom:container-demuxer-ogg: 62fdf1f143b41e24485cea50d1cbac27 -> 
  custom:video-codec-MediaFoundation-h265: 746d11721c4dcdbdad8f713fa42b33f4 -> 
  custom:video-decoder-ogg-theora: a1e56fd34408186e4bbccfd4996cb3dc -> 
  custom:framework-win-MediaFoundation: 216162199b28c13a410421893ffa2e32 -> 
  custom:container-demuxer-webm: 4f35f7cbe854078d1ac9338744f61a02 -> 
  custom:container-muxer-webm: aa71ff27fc2769a1b78a27578f13a17b -> 
  custom:video-decoder-webm-vp8: 9c59270c3fd7afecdb556c50c9e8de78 -> 
  custom:AudioImporter_EditorPlatform: d09bf68614088b80899f8185d706f6e7 -> 
  custom:video-encoder-webm-vp8: eb34c28f22e8b96e1ab97ce403110664 -> 
  custom:audio-decoder-ogg-vorbis: bf7c407c2cedff20999df2af8eb42d56 -> 
  custom:audio-encoder-webm-vorbis: bf7c407c2cedff20999df2af8eb42d56 -> 
========================================================================
Received Import Request.
  Time since last request: 705093.527799 seconds.
  path: Assets/CastlePack/Prefabs/CornerWallsForExplosions/CornerWallLvl0.prefab
  artifactKey: Guid(ff3a96c838eab1c469d00c2d8e56268f) Importer(815301076,1909f56bfc062723c751e8b465ee728b)
Start importing Assets/CastlePack/Prefabs/CornerWallsForExplosions/CornerWallLvl0.prefab using Guid(ff3a96c838eab1c469d00c2d8e56268f) Importer(815301076,1909f56bfc062723c751e8b465ee728b)  -> (artifact id: '6785233015c46105f27e57c12d11f2d1') in 0.158229 seconds 
Number of updated asset objects reloaded before import = 0
Number of asset objects unloaded after import = 66
========================================================================
Received Import Request.
  Time since last request: 343.594924 seconds.
  path: Assets/CastlePack/Prefabs/CornerWalls
  artifactKey: Guid(ede54b8aefe02c24296d0ab64c227ad4) Importer(815301076,1909f56bfc062723c751e8b465ee728b)
Start importing Assets/CastlePack/Prefabs/CornerWalls using Guid(ede54b8aefe02c24296d0ab64c227ad4) Importer(815301076,1909f56bfc062723c751e8b465ee728b)  -> (artifact id: 'fcc9591466cd3c17fd7a7842e771db8f') in 0.000657 seconds 
Number of updated asset objects reloaded before import = 0
Number of asset objects unloaded after import = 0
========================================================================
Received Import Request.
  Time since last request: 0.048187 seconds.
  path: Assets/CastlePack/Prefabs/CornerWalls/CornerWallLvl0Merged.prefab
  artifactKey: Guid(0c3dbdf72851e534c91c94a8f57cb0e7) Importer(815301076,1909f56bfc062723c751e8b465ee728b)
Start importing Assets/CastlePack/Prefabs/CornerWalls/CornerWallLvl0Merged.prefab using Guid(0c3dbdf72851e534c91c94a8f57cb0e7) Importer(815301076,1909f56bfc062723c751e8b465ee728b)  -> (artifact id: '2c2e4157aeaf7b291bf74195c1696b66') in 0.042975 seconds 
Number of updated asset objects reloaded before import = 0
Number of asset objects unloaded after import = 18
========================================================================
Received Import Request.
  Time since last request: 0.000028 seconds.
  path: Assets/CastlePack/Prefabs/CornerWalls/CornerWallLvl2Merge.prefab
  artifactKey: Guid(7ac8f970f126d084bb5f1238d1e81022) Importer(815301076,1909f56bfc062723c751e8b465ee728b)
Start importing Assets/CastlePack/Prefabs/CornerWalls/CornerWallLvl2Merge.prefab using Guid(7ac8f970f126d084bb5f1238d1e81022) Importer(815301076,1909f56bfc062723c751e8b465ee728b)  -> (artifact id: '2d52807726cfb3c73055fff42f3dc79f') in 0.028903 seconds 
Number of updated asset objects reloaded before import = 0
Number of asset objects unloaded after import = 25
========================================================================
Received Import Request.
  Time since last request: 0.000032 seconds.
  path: Assets/CastlePack/Prefabs/CornerWalls/CornerWallLvl3Merged.prefab
  artifactKey: Guid(ff8fad4f6313d304ca0397c92491d769) Importer(815301076,1909f56bfc062723c751e8b465ee728b)
Start importing Assets/CastlePack/Prefabs/CornerWalls/CornerWallLvl3Merged.prefab using Guid(ff8fad4f6313d304ca0397c92491d769) Importer(815301076,1909f56bfc062723c751e8b465ee728b)  -> (artifact id: '28e4938aebc40821d5c7453bc5cb882e') in 0.021500 seconds 
Number of updated asset objects reloaded before import = 0
Number of asset objects unloaded after import = 31
========================================================================
Received Import Request.
  Time since last request: 0.000034 seconds.
  path: Assets/CastlePack/Prefabs/CornerWalls/CornerWallLvl6Merged.prefab
  artifactKey: Guid(d6c8964a7f3e1284797fa459cfbe00a5) Importer(815301076,1909f56bfc062723c751e8b465ee728b)
Start importing Assets/CastlePack/Prefabs/CornerWalls/CornerWallLvl6Merged.prefab using Guid(d6c8964a7f3e1284797fa459cfbe00a5) Importer(815301076,1909f56bfc062723c751e8b465ee728b)  -> (artifact id: '97a8227ccb201a65219dc0765624434d') in 0.017871 seconds 
Number of updated asset objects reloaded before import = 0
Number of asset objects unloaded after import = 18
========================================================================
Received Import Request.
  Time since last request: 0.000023 seconds.
  path: Assets/CastlePack/Prefabs/CornerWalls/CornerWallLvl4Merged.prefab
  artifactKey: Guid(aed44a4518f9eb74194242f66a30add7) Importer(815301076,1909f56bfc062723c751e8b465ee728b)
Start importing Assets/CastlePack/Prefabs/CornerWalls/CornerWallLvl4Merged.prefab using Guid(aed44a4518f9eb74194242f66a30add7) Importer(815301076,1909f56bfc062723c751e8b465ee728b)  -> (artifact id: 'b877d1b089c8b582e10ac69deee8c88c') in 0.017669 seconds 
Number of updated asset objects reloaded before import = 0
Number of asset objects unloaded after import = 31
========================================================================
Received Import Request.
  Time since last request: 4.353154 seconds.
  path: Assets/CastlePack/Prefabs/WallsForExplosions
  artifactKey: Guid(6832e049a9325704b8e4eb1b0f734d4c) Importer(815301076,1909f56bfc062723c751e8b465ee728b)
Start importing Assets/CastlePack/Prefabs/WallsForExplosions using Guid(6832e049a9325704b8e4eb1b0f734d4c) Importer(815301076,1909f56bfc062723c751e8b465ee728b)  -> (artifact id: 'eb521b83f55ddc39e50f9405ac557382') in 0.000701 seconds 
Number of updated asset objects reloaded before import = 0
Number of asset objects unloaded after import = 0
========================================================================
Received Import Request.
  Time since last request: 0.057539 seconds.
  path: Assets/CastlePack/Prefabs/WallsForExplosions/Walllvl0.prefab
  artifactKey: Guid(ca589386c47a7d3459220b207eae07a7) Importer(815301076,1909f56bfc062723c751e8b465ee728b)
Start importing Assets/CastlePack/Prefabs/WallsForExplosions/Walllvl0.prefab using Guid(ca589386c47a7d3459220b207eae07a7) Importer(815301076,1909f56bfc062723c751e8b465ee728b)  -> (artifact id: 'fa11fc08bf3edf23af404462e1edcb23') in 0.014005 seconds 
Number of updated asset objects reloaded before import = 0
Number of asset objects unloaded after import = 72
========================================================================
Received Import Request.
  Time since last request: 0.000024 seconds.
  path: Assets/CastlePack/Prefabs/WallsForExplosions/Walllvl4.prefab
  artifactKey: Guid(f438d328bef439f4b90b9360f4040a0f) Importer(815301076,1909f56bfc062723c751e8b465ee728b)
Start importing Assets/CastlePack/Prefabs/WallsForExplosions/Walllvl4.prefab using Guid(f438d328bef439f4b90b9360f4040a0f) Importer(815301076,1909f56bfc062723c751e8b465ee728b)  -> (artifact id: 'e735f1137a5a8e02bcaf2266995276f6') in 0.017169 seconds 
Number of updated asset objects reloaded before import = 0
Number of asset objects unloaded after import = 91
========================================================================
Received Import Request.
  Time since last request: 0.000029 seconds.
  path: Assets/CastlePack/Prefabs/WallsForExplosions/Walllvl6.prefab
  artifactKey: Guid(f1b456201f7e1574d881f301939a85d6) Importer(815301076,1909f56bfc062723c751e8b465ee728b)
Start importing Assets/CastlePack/Prefabs/WallsForExplosions/Walllvl6.prefab using Guid(f1b456201f7e1574d881f301939a85d6) Importer(815301076,1909f56bfc062723c751e8b465ee728b)  -> (artifact id: '54c51c1065b26cac23be72ac9937aaf6') in 0.021418 seconds 
Number of updated asset objects reloaded before import = 0
Number of asset objects unloaded after import = 54
Editor requested this worker to shutdown with reason: Scaling down because of idle timeout
TcpMessagingSession - receive error: operation aborted. errorcode: 995, details: L’opération d’entrée/sortie a été abandonnée en raison de l’arrêt d’un thread ou à la demande d’une application.
AssetImportWorker is now disconnected from the server
Process exiting
Exiting without the bug reporter. Application will terminate with return code 0