Using pre-set license
Built from '2022.2/staging' branch; Version is '2022.2.5f1 (551d45108343) revision 5578053'; Using compiler version '192829333'; Build Type 'Release'
OS: 'Windows 11  (10.0.22621) 64bit Core' Language: 'fr' Physical Memory: 15720 MB
BatchMode: 1, IsHumanControllingUs: 0, StartBugReporterOnCrash: 0, Is64bit: 1, IsPro: 1

COMMAND LINE ARGUMENTS:
C:\Program Files\Unity\Hub\Editor\2022.2.5f1\Editor\Unity.exe
-adb2
-batchMode
-noUpm
-name
AssetImportWorker13
-projectPath
C:/Users/staba/ProjetS2/Projet S2
-logFile
Logs/AssetImportWorker13.log
-srvPort
54534
Successfully changed project path to: C:/Users/staba/ProjetS2/Projet S2
C:/Users/staba/ProjetS2/Projet S2
[UnityMemory] Configuration Parameters - Can be set up in boot.config
    "memorysetup-bucket-allocator-granularity=16"
    "memorysetup-bucket-allocator-bucket-count=8"
    "memorysetup-bucket-allocator-block-size=33554432"
    "memorysetup-bucket-allocator-block-count=8"
    "memorysetup-main-allocator-block-size=16777216"
    "memorysetup-thread-allocator-block-size=16777216"
    "memorysetup-gfx-main-allocator-block-size=16777216"
    "memorysetup-gfx-thread-allocator-block-size=16777216"
    "memorysetup-cache-allocator-block-size=4194304"
    "memorysetup-typetree-allocator-block-size=2097152"
    "memorysetup-profiler-bucket-allocator-granularity=16"
    "memorysetup-profiler-bucket-allocator-bucket-count=8"
    "memorysetup-profiler-bucket-allocator-block-size=33554432"
    "memorysetup-profiler-bucket-allocator-block-count=8"
    "memorysetup-profiler-allocator-block-size=16777216"
    "memorysetup-profiler-editor-allocator-block-size=1048576"
    "memorysetup-temp-allocator-size-main=16777216"
    "memorysetup-job-temp-allocator-block-size=2097152"
    "memorysetup-job-temp-allocator-block-size-background=1048576"
    "memorysetup-job-temp-allocator-reduction-small-platforms=262144"
    "memorysetup-temp-allocator-size-background-worker=32768"
    "memorysetup-temp-allocator-size-job-worker=262144"
    "memorysetup-temp-allocator-size-preload-manager=33554432"
    "memorysetup-temp-allocator-size-nav-mesh-worker=65536"
    "memorysetup-temp-allocator-size-audio-worker=65536"
    "memorysetup-temp-allocator-size-cloud-worker=32768"
    "memorysetup-temp-allocator-size-gi-baking-worker=262144"
    "memorysetup-temp-allocator-size-gfx=262144"
Player connection [18148] Host "[IP] 192.168.1.36 [Port] 0 [Flags] 2 [Guid] 1733914852 [EditorId] 1733914852 [Version] 1048832 [Id] WindowsEditor(7,DESKTOP-ETVF3KA) [Debug] 1 [PackageName] WindowsEditor [ProjectName] Editor" joined multi-casting on [225.0.0.222:54997]...

Player connection [18148] Host "[IP] 192.168.1.36 [Port] 0 [Flags] 2 [Guid] 1733914852 [EditorId] 1733914852 [Version] 1048832 [Id] WindowsEditor(7,DESKTOP-ETVF3KA) [Debug] 1 [PackageName] WindowsEditor [ProjectName] Editor" joined alternative multi-casting on [225.0.0.222:34997]...

Refreshing native plugins compatible for Editor in 28.46 ms, found 3 plugins.
Preloading 0 native plugins for Editor in 0.00 ms.
Initialize engine version: 2022.2.5f1 (551d45108343)
[Subsystems] Discovering subsystems at path C:/Program Files/Unity/Hub/Editor/2022.2.5f1/Editor/Data/Resources/UnitySubsystems
[Subsystems] Discovering subsystems at path C:/Users/staba/ProjetS2/Projet S2/Assets
GfxDevice: creating device client; threaded=0; jobified=0
Direct3D:
    Version:  Direct3D 11.0 [level 11.1]
    Renderer: NVIDIA GeForce RTX 3060 Laptop GPU (ID=0x2560)
    Vendor:   NVIDIA
    VRAM:     6009 MB
    Driver:   31.0.15.2756
Initialize mono
Mono path[0] = 'C:/Program Files/Unity/Hub/Editor/2022.2.5f1/Editor/Data/Managed'
Mono path[1] = 'C:/Program Files/Unity/Hub/Editor/2022.2.5f1/Editor/Data/MonoBleedingEdge/lib/mono/unityjit-win32'
Mono config path = 'C:/Program Files/Unity/Hub/Editor/2022.2.5f1/Editor/Data/MonoBleedingEdge/etc'
Using monoOptions --debugger-agent=transport=dt_socket,embedding=1,server=y,suspend=n,address=127.0.0.1:56024
Begin MonoManager ReloadAssembly
Registering precompiled unity dll's ...
Register platform support module: C:/Program Files/Unity/Hub/Editor/2022.2.5f1/Editor/Data/PlaybackEngines/WindowsStandaloneSupport/UnityEditor.WindowsStandalone.Extensions.dll
Registered in 0.007126 seconds.
- Loaded All Assemblies, in  0.427 seconds
Native extension for WindowsStandalone target not found
Mono: successfully reloaded assembly
- Finished resetting the current domain, in  0.273 seconds
Domain Reload Profiling:
	ReloadAssembly (275ms)
		BeginReloadAssembly (101ms)
			ExecutionOrderSort (0ms)
			DisableScriptedObjects (0ms)
			BackupInstance (0ms)
			ReleaseScriptingObjects (0ms)
			CreateAndSetChildDomain (1ms)
		LoadAllAssembliesAndSetupDomain (0ms)
			LoadAssemblies (99ms)
			RebuildTransferFunctionScriptingTraits (0ms)
			SetupTypeCache (142ms)
				TypeCache.Initialize (141ms)
					TypeCache.ScanAssembly (139ms)
				ResolveRequiredComponents (0ms)
		FinalizeReload (0ms)
			ReleaseScriptCaches (0ms)
			RebuildScriptCaches (0ms)
			SetupLoadedEditorAssemblies (212ms)
				LogAssemblyErrors (0ms)
				InitializePlatformSupportModulesInManaged (8ms)
				SetLoadedEditorAssemblies (9ms)
				RefreshPlugins (0ms)
				BeforeProcessingInitializeOnLoad (1ms)
				ProcessInitializeOnLoadAttributes (144ms)
				ProcessInitializeOnLoadMethodAttributes (50ms)
				AfterProcessingInitializeOnLoad (0ms)
				EditorAssembliesLoaded (0ms)
			ExecutionOrderSort2 (0ms)
			AwakeInstancesAfterBackupRestoration (0ms)
========================================================================
Worker process is ready to serve import requests
Begin MonoManager ReloadAssembly
Symbol file LoadedFromMemory doesn't match image C:\Users\staba\ProjetS2\Projet S2\Library\PackageCache\com.unity.visualscripting@1.8.0\Editor\VisualScripting.Core\Dependencies\YamlDotNet\Unity.VisualScripting.YamlDotNet.dll
Symbol file LoadedFromMemory doesn't match image C:\Users\staba\ProjetS2\Projet S2\Library\PackageCache\com.unity.visualscripting@1.8.0\Editor\VisualScripting.Core\Dependencies\DotNetZip\Unity.VisualScripting.IonicZip.dll
- Loaded All Assemblies, in  0.936 seconds
Refreshing native plugins compatible for Editor in 9.46 ms, found 3 plugins.
Native extension for WindowsStandalone target not found
Mono: successfully reloaded assembly
- Finished resetting the current domain, in  0.596 seconds
Domain Reload Profiling:
	ReloadAssembly (202ms)
		BeginReloadAssembly (114ms)
			ExecutionOrderSort (0ms)
			DisableScriptedObjects (6ms)
			BackupInstance (0ms)
			ReleaseScriptingObjects (0ms)
			CreateAndSetChildDomain (24ms)
		LoadAllAssembliesAndSetupDomain (731ms)
			LoadAssemblies (308ms)
			RebuildTransferFunctionScriptingTraits (0ms)
			SetupTypeCache (466ms)
				TypeCache.Initialize (266ms)
					TypeCache.ScanAssembly (262ms)
				ResolveRequiredComponents (3ms)
		FinalizeReload (0ms)
			ReleaseScriptCaches (0ms)
			RebuildScriptCaches (0ms)
			SetupLoadedEditorAssemblies (461ms)
				LogAssemblyErrors (0ms)
				InitializePlatformSupportModulesInManaged (6ms)
				SetLoadedEditorAssemblies (3ms)
				RefreshPlugins (0ms)
				BeforeProcessingInitializeOnLoad (65ms)
				ProcessInitializeOnLoadAttributes (266ms)
				ProcessInitializeOnLoadMethodAttributes (116ms)
				AfterProcessingInitializeOnLoad (6ms)
				EditorAssembliesLoaded (0ms)
			ExecutionOrderSort2 (0ms)
			AwakeInstancesAfterBackupRestoration (6ms)
Launched and connected shader compiler UnityShaderCompiler.exe after 0.05 seconds
Refreshing native plugins compatible for Editor in 10.75 ms, found 3 plugins.
Preloading 0 native plugins for Editor in 0.00 ms.
Unloading 4166 Unused Serialized files (Serialized files now loaded: 0)
Unloading 70 unused Assets / (89.5 KB). Loaded Objects now: 4628.
Memory consumption went from 0.63 GB to 0.63 GB.
Total: 6.667500 ms (FindLiveObjects: 0.333100 ms CreateObjectMapping: 0.145300 ms MarkObjects: 6.002500 ms  DeleteObjects: 0.185400 ms)

AssetImportParameters requested are different than current active one (requested -> active):
  custom:container-demuxer-ogg: 62fdf1f143b41e24485cea50d1cbac27 -> 
  custom:video-codec-MediaFoundation-h265: 746d11721c4dcdbdad8f713fa42b33f4 -> 
  custom:video-decoder-ogg-theora: a1e56fd34408186e4bbccfd4996cb3dc -> 
  custom:framework-win-MediaFoundation: 216162199b28c13a410421893ffa2e32 -> 
  custom:container-demuxer-webm: 4f35f7cbe854078d1ac9338744f61a02 -> 
  custom:container-muxer-webm: aa71ff27fc2769a1b78a27578f13a17b -> 
  custom:video-decoder-webm-vp8: 9c59270c3fd7afecdb556c50c9e8de78 -> 
  custom:AudioImporter_EditorPlatform: d09bf68614088b80899f8185d706f6e7 -> 
  custom:video-encoder-webm-vp8: eb34c28f22e8b96e1ab97ce403110664 -> 
  custom:audio-decoder-ogg-vorbis: bf7c407c2cedff20999df2af8eb42d56 -> 
  custom:audio-encoder-webm-vorbis: bf7c407c2cedff20999df2af8eb42d56 -> 
========================================================================
Received Import Request.
  Time since last request: 701675.257827 seconds.
  path: Assets/BrokenVector/LowPolyBrickHouses/Materials/Foliage_3.mat
  artifactKey: Guid(bf38be5702209e74795ead7610f44046) Importer(815301076,1909f56bfc062723c751e8b465ee728b)
Start importing Assets/BrokenVector/LowPolyBrickHouses/Materials/Foliage_3.mat using Guid(bf38be5702209e74795ead7610f44046) Importer(815301076,1909f56bfc062723c751e8b465ee728b)  -> (artifact id: 'a008ab061f00367dc1dc831fa3363b2b') in 0.339962 seconds 
Number of updated asset objects reloaded before import = 0
Number of asset objects unloaded after import = 3
========================================================================
Received Import Request.
  Time since last request: 1.670275 seconds.
  path: Assets/BrokenVector/LowPolyBrickHouses/Models/Chair.dae
  artifactKey: Guid(1c582774c98a4e049b5dcca19e619f41) Importer(815301076,1909f56bfc062723c751e8b465ee728b)
Start importing Assets/BrokenVector/LowPolyBrickHouses/Models/Chair.dae using Guid(1c582774c98a4e049b5dcca19e619f41) Importer(815301076,1909f56bfc062723c751e8b465ee728b)  -> (artifact id: '47c63cb8d4b3c93edc42b169af0bf616') in 0.056758 seconds 
Number of updated asset objects reloaded before import = 0
Number of asset objects unloaded after import = 8
========================================================================
Received Import Request.
  Time since last request: 0.000021 seconds.
  path: Assets/BrokenVector/LowPolyBrickHouses/Models/House-1-5.dae
  artifactKey: Guid(9bc22645b4e0c0c43a80a54b9ff4bee5) Importer(815301076,1909f56bfc062723c751e8b465ee728b)
Start importing Assets/BrokenVector/LowPolyBrickHouses/Models/House-1-5.dae using Guid(9bc22645b4e0c0c43a80a54b9ff4bee5) Importer(815301076,1909f56bfc062723c751e8b465ee728b)  -> (artifact id: '631ea33cd1e1ca0f762f47e8836914bc') in 0.083905 seconds 
Number of updated asset objects reloaded before import = 0
Number of asset objects unloaded after import = 34
========================================================================
Received Import Request.
  Time since last request: 0.000024 seconds.
  path: Assets/BrokenVector/LowPolyBrickHouses/Models/Ship.dae
  artifactKey: Guid(bf0eb6c971b2c0448bb9fc7061fc0637) Importer(815301076,1909f56bfc062723c751e8b465ee728b)
Start importing Assets/BrokenVector/LowPolyBrickHouses/Models/Ship.dae using Guid(bf0eb6c971b2c0448bb9fc7061fc0637) Importer(815301076,1909f56bfc062723c751e8b465ee728b)  -> (artifact id: '337bc3ac1d8895510ec3e9ff6e614848') in 0.024336 seconds 
Number of updated asset objects reloaded before import = 0
Number of asset objects unloaded after import = 8
========================================================================
Received Import Request.
  Time since last request: 0.000041 seconds.
  path: Assets/BrokenVector/LowPolyBrickHouses/Models/Fence.dae
  artifactKey: Guid(108af3f06d0d9744996923c346ab866e) Importer(815301076,1909f56bfc062723c751e8b465ee728b)
Start importing Assets/BrokenVector/LowPolyBrickHouses/Models/Fence.dae using Guid(108af3f06d0d9744996923c346ab866e) Importer(815301076,1909f56bfc062723c751e8b465ee728b)  -> (artifact id: '4857f26a2881afe2d4b0257ad1acece2') in 0.025966 seconds 
Number of updated asset objects reloaded before import = 0
Number of asset objects unloaded after import = 8
========================================================================
Received Import Request.
  Time since last request: 0.000036 seconds.
  path: Assets/BrokenVector/LowPolyBrickHouses/Models/House-1-2.dae
  artifactKey: Guid(3c8ca546276c2614285d0e021f3266a1) Importer(815301076,1909f56bfc062723c751e8b465ee728b)
Start importing Assets/BrokenVector/LowPolyBrickHouses/Models/House-1-2.dae using Guid(3c8ca546276c2614285d0e021f3266a1) Importer(815301076,1909f56bfc062723c751e8b465ee728b)  -> (artifact id: 'f0585e2a4c6c50c5f580f08ff0f90451') in 0.072371 seconds 
Number of updated asset objects reloaded before import = 0
Number of asset objects unloaded after import = 40
========================================================================
Received Import Request.
  Time since last request: 0.000028 seconds.
  path: Assets/BrokenVector/LowPolyBrickHouses/Models/ShoreRock.dae
  artifactKey: Guid(ee1899eea84135f4ab0a6afbcfe20b3d) Importer(815301076,1909f56bfc062723c751e8b465ee728b)
Start importing Assets/BrokenVector/LowPolyBrickHouses/Models/ShoreRock.dae using Guid(ee1899eea84135f4ab0a6afbcfe20b3d) Importer(815301076,1909f56bfc062723c751e8b465ee728b)  -> (artifact id: '8525a3397a4670a829085cc0212d1a03') in 0.027566 seconds 
Number of updated asset objects reloaded before import = 0
Number of asset objects unloaded after import = 8
========================================================================
Received Import Request.
  Time since last request: 0.000021 seconds.
  path: Assets/BrokenVector/LowPolyBrickHouses/Models/House-2-2.dae
  artifactKey: Guid(1aa74ef2ba7ca4f40aa62f4c29abefe6) Importer(815301076,1909f56bfc062723c751e8b465ee728b)
Start importing Assets/BrokenVector/LowPolyBrickHouses/Models/House-2-2.dae using Guid(1aa74ef2ba7ca4f40aa62f4c29abefe6) Importer(815301076,1909f56bfc062723c751e8b465ee728b)  -> (artifact id: '8b6db2c2515804dcb2cd1a629fb26a9b') in 0.074403 seconds 
Number of updated asset objects reloaded before import = 0
Number of asset objects unloaded after import = 34
========================================================================
Received Prepare
Begin MonoManager ReloadAssembly
Symbol file LoadedFromMemory doesn't match image C:\Users\staba\ProjetS2\Projet S2\Library\PackageCache\com.unity.visualscripting@1.8.0\Editor\VisualScripting.Core\Dependencies\YamlDotNet\Unity.VisualScripting.YamlDotNet.dll
Symbol file LoadedFromMemory doesn't match image C:\Users\staba\ProjetS2\Projet S2\Library\PackageCache\com.unity.visualscripting@1.8.0\Editor\VisualScripting.Core\Dependencies\DotNetZip\Unity.VisualScripting.IonicZip.dll
- Loaded All Assemblies, in  1.077 seconds
Refreshing native plugins compatible for Editor in 11.71 ms, found 3 plugins.
Native extension for WindowsStandalone target not found
Mono: successfully reloaded assembly
- Finished resetting the current domain, in  1.036 seconds
Domain Reload Profiling:
	ReloadAssembly (248ms)
		BeginReloadAssembly (166ms)
			ExecutionOrderSort (0ms)
			DisableScriptedObjects (7ms)
			BackupInstance (0ms)
			ReleaseScriptingObjects (0ms)
			CreateAndSetChildDomain (61ms)
		LoadAllAssembliesAndSetupDomain (826ms)
			LoadAssemblies (337ms)
			RebuildTransferFunctionScriptingTraits (0ms)
			SetupTypeCache (545ms)
				TypeCache.Initialize (278ms)
					TypeCache.ScanAssembly (269ms)
				ResolveRequiredComponents (4ms)
		FinalizeReload (0ms)
			ReleaseScriptCaches (0ms)
			RebuildScriptCaches (0ms)
			SetupLoadedEditorAssemblies (499ms)
				LogAssemblyErrors (0ms)
				InitializePlatformSupportModulesInManaged (5ms)
				SetLoadedEditorAssemblies (5ms)
				RefreshPlugins (0ms)
				BeforeProcessingInitializeOnLoad (72ms)
				ProcessInitializeOnLoadAttributes (277ms)
				ProcessInitializeOnLoadMethodAttributes (134ms)
				AfterProcessingInitializeOnLoad (6ms)
				EditorAssembliesLoaded (0ms)
			ExecutionOrderSort2 (0ms)
			AwakeInstancesAfterBackupRestoration (7ms)
Refreshing native plugins compatible for Editor in 10.14 ms, found 3 plugins.
Preloading 0 native plugins for Editor in 0.00 ms.
Unloading 4159 Unused Serialized files (Serialized files now loaded: 0)
Unloading 62 unused Assets / (346.8 KB). Loaded Objects now: 4678.
Memory consumption went from 0.64 GB to 0.64 GB.
Total: 7.381900 ms (FindLiveObjects: 0.329800 ms CreateObjectMapping: 0.322700 ms MarkObjects: 6.420400 ms  DeleteObjects: 0.307600 ms)

Prepare: number of updated asset objects reloaded= 0
AssetImportParameters requested are different than current active one (requested -> active):
  custom:container-demuxer-ogg: 62fdf1f143b41e24485cea50d1cbac27 -> 
  custom:video-codec-MediaFoundation-h265: 746d11721c4dcdbdad8f713fa42b33f4 -> 
  custom:video-decoder-ogg-theora: a1e56fd34408186e4bbccfd4996cb3dc -> 
  custom:framework-win-MediaFoundation: 216162199b28c13a410421893ffa2e32 -> 
  custom:container-demuxer-webm: 4f35f7cbe854078d1ac9338744f61a02 -> 
  custom:container-muxer-webm: aa71ff27fc2769a1b78a27578f13a17b -> 
  custom:video-decoder-webm-vp8: 9c59270c3fd7afecdb556c50c9e8de78 -> 
  custom:AudioImporter_EditorPlatform: d09bf68614088b80899f8185d706f6e7 -> 
  custom:video-encoder-webm-vp8: eb34c28f22e8b96e1ab97ce403110664 -> 
  custom:audio-decoder-ogg-vorbis: bf7c407c2cedff20999df2af8eb42d56 -> 
  custom:audio-encoder-webm-vorbis: bf7c407c2cedff20999df2af8eb42d56 -> 
========================================================================
Received Prepare
Begin MonoManager ReloadAssembly
Symbol file LoadedFromMemory doesn't match image C:\Users\staba\ProjetS2\Projet S2\Library\PackageCache\com.unity.visualscripting@1.8.0\Editor\VisualScripting.Core\Dependencies\YamlDotNet\Unity.VisualScripting.YamlDotNet.dll
Symbol file LoadedFromMemory doesn't match image C:\Users\staba\ProjetS2\Projet S2\Library\PackageCache\com.unity.visualscripting@1.8.0\Editor\VisualScripting.Core\Dependencies\DotNetZip\Unity.VisualScripting.IonicZip.dll
- Loaded All Assemblies, in  1.179 seconds
Refreshing native plugins compatible for Editor in 11.50 ms, found 3 plugins.
Native extension for WindowsStandalone target not found
Mono: successfully reloaded assembly
- Finished resetting the current domain, in  1.052 seconds
Domain Reload Profiling:
	ReloadAssembly (247ms)
		BeginReloadAssembly (165ms)
			ExecutionOrderSort (0ms)
			DisableScriptedObjects (7ms)
			BackupInstance (0ms)
			ReleaseScriptingObjects (0ms)
			CreateAndSetChildDomain (58ms)
		LoadAllAssembliesAndSetupDomain (927ms)
			LoadAssemblies (359ms)
			RebuildTransferFunctionScriptingTraits (0ms)
			SetupTypeCache (623ms)
				TypeCache.Initialize (397ms)
					TypeCache.ScanAssembly (390ms)
				ResolveRequiredComponents (4ms)
		FinalizeReload (0ms)
			ReleaseScriptCaches (0ms)
			RebuildScriptCaches (0ms)
			SetupLoadedEditorAssemblies (504ms)
				LogAssemblyErrors (0ms)
				InitializePlatformSupportModulesInManaged (5ms)
				SetLoadedEditorAssemblies (4ms)
				RefreshPlugins (0ms)
				BeforeProcessingInitializeOnLoad (72ms)
				ProcessInitializeOnLoadAttributes (279ms)
				ProcessInitializeOnLoadMethodAttributes (138ms)
				AfterProcessingInitializeOnLoad (6ms)
				EditorAssembliesLoaded (0ms)
			ExecutionOrderSort2 (0ms)
			AwakeInstancesAfterBackupRestoration (6ms)
Refreshing native plugins compatible for Editor in 12.66 ms, found 3 plugins.
Preloading 0 native plugins for Editor in 0.00 ms.
Unloading 4155 Unused Serialized files (Serialized files now loaded: 0)
Unloading 62 unused Assets / (54.8 KB). Loaded Objects now: 4679.
Memory consumption went from 0.64 GB to 0.64 GB.
Total: 6.962200 ms (FindLiveObjects: 0.613700 ms CreateObjectMapping: 0.244500 ms MarkObjects: 6.002500 ms  DeleteObjects: 0.100000 ms)

Prepare: number of updated asset objects reloaded= 0
AssetImportParameters requested are different than current active one (requested -> active):
  custom:container-demuxer-ogg: 62fdf1f143b41e24485cea50d1cbac27 -> 
  custom:video-codec-MediaFoundation-h265: 746d11721c4dcdbdad8f713fa42b33f4 -> 
  custom:video-decoder-ogg-theora: a1e56fd34408186e4bbccfd4996cb3dc -> 
  custom:framework-win-MediaFoundation: 216162199b28c13a410421893ffa2e32 -> 
  custom:container-demuxer-webm: 4f35f7cbe854078d1ac9338744f61a02 -> 
  custom:container-muxer-webm: aa71ff27fc2769a1b78a27578f13a17b -> 
  custom:video-decoder-webm-vp8: 9c59270c3fd7afecdb556c50c9e8de78 -> 
  custom:AudioImporter_EditorPlatform: d09bf68614088b80899f8185d706f6e7 -> 
  custom:video-encoder-webm-vp8: eb34c28f22e8b96e1ab97ce403110664 -> 
  custom:audio-decoder-ogg-vorbis: bf7c407c2cedff20999df2af8eb42d56 -> 
  custom:audio-encoder-webm-vorbis: bf7c407c2cedff20999df2af8eb42d56 -> 
========================================================================
Received Import Request.
  Time since last request: 643.393385 seconds.
  path: Assets/CastlePack/Prefabs/FloorTorchLightPP.prefab
  artifactKey: Guid(a35be9def8712c44b9a1a0f8e59c0c79) Importer(815301076,1909f56bfc062723c751e8b465ee728b)
Start importing Assets/CastlePack/Prefabs/FloorTorchLightPP.prefab using Guid(a35be9def8712c44b9a1a0f8e59c0c79) Importer(815301076,1909f56bfc062723c751e8b465ee728b)  -> (artifact id: '63c37e0752b44d79f86d9017eb0cdd41') in 0.108313 seconds 
Number of updated asset objects reloaded before import = 0
Number of asset objects unloaded after import = 16
========================================================================
Received Import Request.
  Time since last request: 0.000028 seconds.
  path: Assets/CastlePack/Prefabs/Ramp.prefab
  artifactKey: Guid(251ce8703413b4a4eb50b361975cd549) Importer(815301076,1909f56bfc062723c751e8b465ee728b)
Start importing Assets/CastlePack/Prefabs/Ramp.prefab using Guid(251ce8703413b4a4eb50b361975cd549) Importer(815301076,1909f56bfc062723c751e8b465ee728b)  -> (artifact id: '110f489c5b66507100dcc65e263e1970') in 0.023200 seconds 
Number of updated asset objects reloaded before import = 0
Number of asset objects unloaded after import = 9
========================================================================
Received Import Request.
  Time since last request: 0.000049 seconds.
  path: Assets/CastlePack/Prefabs/LargePhylar.prefab
  artifactKey: Guid(ba70764497a354a4b9fad6c17a58d70f) Importer(815301076,1909f56bfc062723c751e8b465ee728b)
Start importing Assets/CastlePack/Prefabs/LargePhylar.prefab using Guid(ba70764497a354a4b9fad6c17a58d70f) Importer(815301076,1909f56bfc062723c751e8b465ee728b)  -> (artifact id: '11acfad8f97548301da511f8e5726972') in 0.020235 seconds 
Number of updated asset objects reloaded before import = 0
Number of asset objects unloaded after import = 10
========================================================================
Received Import Request.
  Time since last request: 0.000034 seconds.
  path: Assets/CastlePack/Prefabs/Platform.prefab
  artifactKey: Guid(d57c5f8633e35ec47a66d1785ae79af3) Importer(815301076,1909f56bfc062723c751e8b465ee728b)
Start importing Assets/CastlePack/Prefabs/Platform.prefab using Guid(d57c5f8633e35ec47a66d1785ae79af3) Importer(815301076,1909f56bfc062723c751e8b465ee728b)  -> (artifact id: 'a4b2881b373127e4b8221772d9652b11') in 0.019906 seconds 
Number of updated asset objects reloaded before import = 0
Number of asset objects unloaded after import = 9
========================================================================
Received Import Request.
  Time since last request: 0.000053 seconds.
  path: Assets/CastlePack/Prefabs/StoneBridgeHightEntry.prefab
  artifactKey: Guid(007ca4dc15006f8498187688612b0931) Importer(815301076,1909f56bfc062723c751e8b465ee728b)
Start importing Assets/CastlePack/Prefabs/StoneBridgeHightEntry.prefab using Guid(007ca4dc15006f8498187688612b0931) Importer(815301076,1909f56bfc062723c751e8b465ee728b)  -> (artifact id: '7bfde5f69d098b8467dc5036ccc89a95') in 0.016056 seconds 
Number of updated asset objects reloaded before import = 0
Number of asset objects unloaded after import = 9
========================================================================
Received Import Request.
  Time since last request: 0.000030 seconds.
  path: Assets/CastlePack/Prefabs/WallEntranceAndExit.prefab
  artifactKey: Guid(972bc78f7822b3f4b8c2d2536cb64fdb) Importer(815301076,1909f56bfc062723c751e8b465ee728b)
Start importing Assets/CastlePack/Prefabs/WallEntranceAndExit.prefab using Guid(972bc78f7822b3f4b8c2d2536cb64fdb) Importer(815301076,1909f56bfc062723c751e8b465ee728b)  -> (artifact id: '1f1cc4b63aadfb3f88e49830973ce917') in 0.020041 seconds 
Number of updated asset objects reloaded before import = 0
Number of asset objects unloaded after import = 29
========================================================================
Received Import Request.
  Time since last request: 0.000050 seconds.
  path: Assets/CastlePack/Prefabs/WoodenBridge.prefab
  artifactKey: Guid(759c52fc18714384b8154129d1b6a10d) Importer(815301076,1909f56bfc062723c751e8b465ee728b)
Start importing Assets/CastlePack/Prefabs/WoodenBridge.prefab using Guid(759c52fc18714384b8154129d1b6a10d) Importer(815301076,1909f56bfc062723c751e8b465ee728b)  -> (artifact id: '17617e1e4e9f7dfb55d13410c587eda3') in 0.023925 seconds 
Number of updated asset objects reloaded before import = 0
Number of asset objects unloaded after import = 14
========================================================================
Received Import Request.
  Time since last request: 0.000031 seconds.
  path: Assets/CastlePack/Prefabs/StoneBridge.prefab
  artifactKey: Guid(80fc0e14d5ce1b6418b34994b1b740af) Importer(815301076,1909f56bfc062723c751e8b465ee728b)
Start importing Assets/CastlePack/Prefabs/StoneBridge.prefab using Guid(80fc0e14d5ce1b6418b34994b1b740af) Importer(815301076,1909f56bfc062723c751e8b465ee728b)  -> (artifact id: 'dcb6303c182d2fdcbfb1cf3973177dce') in 0.019738 seconds 
Number of updated asset objects reloaded before import = 0
Number of asset objects unloaded after import = 9
========================================================================
Received Import Request.
  Time since last request: 0.000029 seconds.
  path: Assets/CastlePack/Prefabs/StoneBridgeEntry.prefab
  artifactKey: Guid(d3b67e77572425c43aacb6760ffcf5c7) Importer(815301076,1909f56bfc062723c751e8b465ee728b)
Start importing Assets/CastlePack/Prefabs/StoneBridgeEntry.prefab using Guid(d3b67e77572425c43aacb6760ffcf5c7) Importer(815301076,1909f56bfc062723c751e8b465ee728b)  -> (artifact id: 'ae1e03991eaf7aee46f097f108b3def8') in 0.020765 seconds 
Number of updated asset objects reloaded before import = 0
Number of asset objects unloaded after import = 9
========================================================================
Received Import Request.
  Time since last request: 0.000020 seconds.
  path: Assets/CastlePack/Prefabs/MediumPhylar.prefab
  artifactKey: Guid(31bec6d95c8182646bfa372e53555414) Importer(815301076,1909f56bfc062723c751e8b465ee728b)
Start importing Assets/CastlePack/Prefabs/MediumPhylar.prefab using Guid(31bec6d95c8182646bfa372e53555414) Importer(815301076,1909f56bfc062723c751e8b465ee728b)  -> (artifact id: '96a4ae637bb247768b94a6ca59fc30d3') in 0.018992 seconds 
Number of updated asset objects reloaded before import = 0
Number of asset objects unloaded after import = 10
Editor requested this worker to shutdown with reason: Scaling down because of idle timeout
TcpMessagingSession - receive error: operation aborted. errorcode: 995, details: L’opération d’entrée/sortie a été abandonnée en raison de l’arrêt d’un thread ou à la demande d’une application.
AssetImportWorker is now disconnected from the server
Process exiting
Exiting without the bug reporter. Application will terminate with return code 0