Using pre-set license
Built from '2022.2/staging' branch; Version is '2022.2.5f1 (551d45108343) revision 5578053'; Using compiler version '192829333'; Build Type 'Release'
OS: 'Windows 11  (10.0.22621) 64bit Core' Language: 'fr' Physical Memory: 15720 MB
BatchMode: 1, IsHumanControllingUs: 0, StartBugReporterOnCrash: 0, Is64bit: 1, IsPro: 1

COMMAND LINE ARGUMENTS:
C:\Program Files\Unity\Hub\Editor\2022.2.5f1\Editor\Unity.exe
-adb2
-batchMode
-noUpm
-name
AssetImportWorker12
-projectPath
C:/Users/staba/ProjetS2/Projet S2
-logFile
Logs/AssetImportWorker12.log
-srvPort
54534
Successfully changed project path to: C:/Users/staba/ProjetS2/Projet S2
C:/Users/staba/ProjetS2/Projet S2
[UnityMemory] Configuration Parameters - Can be set up in boot.config
    "memorysetup-bucket-allocator-granularity=16"
    "memorysetup-bucket-allocator-bucket-count=8"
    "memorysetup-bucket-allocator-block-size=33554432"
    "memorysetup-bucket-allocator-block-count=8"
    "memorysetup-main-allocator-block-size=16777216"
    "memorysetup-thread-allocator-block-size=16777216"
    "memorysetup-gfx-main-allocator-block-size=16777216"
    "memorysetup-gfx-thread-allocator-block-size=16777216"
    "memorysetup-cache-allocator-block-size=4194304"
    "memorysetup-typetree-allocator-block-size=2097152"
    "memorysetup-profiler-bucket-allocator-granularity=16"
    "memorysetup-profiler-bucket-allocator-bucket-count=8"
    "memorysetup-profiler-bucket-allocator-block-size=33554432"
    "memorysetup-profiler-bucket-allocator-block-count=8"
    "memorysetup-profiler-allocator-block-size=16777216"
    "memorysetup-profiler-editor-allocator-block-size=1048576"
    "memorysetup-temp-allocator-size-main=16777216"
    "memorysetup-job-temp-allocator-block-size=2097152"
    "memorysetup-job-temp-allocator-block-size-background=1048576"
    "memorysetup-job-temp-allocator-reduction-small-platforms=262144"
    "memorysetup-temp-allocator-size-background-worker=32768"
    "memorysetup-temp-allocator-size-job-worker=262144"
    "memorysetup-temp-allocator-size-preload-manager=33554432"
    "memorysetup-temp-allocator-size-nav-mesh-worker=65536"
    "memorysetup-temp-allocator-size-audio-worker=65536"
    "memorysetup-temp-allocator-size-cloud-worker=32768"
    "memorysetup-temp-allocator-size-gi-baking-worker=262144"
    "memorysetup-temp-allocator-size-gfx=262144"
Player connection [18928] Host "[IP] 192.168.1.36 [Port] 0 [Flags] 2 [Guid] 1530981712 [EditorId] 1530981712 [Version] 1048832 [Id] WindowsEditor(7,DESKTOP-ETVF3KA) [Debug] 1 [PackageName] WindowsEditor [ProjectName] Editor" joined multi-casting on [225.0.0.222:54997]...

Player connection [18928] Host "[IP] 192.168.1.36 [Port] 0 [Flags] 2 [Guid] 1530981712 [EditorId] 1530981712 [Version] 1048832 [Id] WindowsEditor(7,DESKTOP-ETVF3KA) [Debug] 1 [PackageName] WindowsEditor [ProjectName] Editor" joined alternative multi-casting on [225.0.0.222:34997]...

Refreshing native plugins compatible for Editor in 18.73 ms, found 3 plugins.
Preloading 0 native plugins for Editor in 0.00 ms.
Initialize engine version: 2022.2.5f1 (551d45108343)
[Subsystems] Discovering subsystems at path C:/Program Files/Unity/Hub/Editor/2022.2.5f1/Editor/Data/Resources/UnitySubsystems
[Subsystems] Discovering subsystems at path C:/Users/staba/ProjetS2/Projet S2/Assets
GfxDevice: creating device client; threaded=0; jobified=0
Direct3D:
    Version:  Direct3D 11.0 [level 11.1]
    Renderer: NVIDIA GeForce RTX 3060 Laptop GPU (ID=0x2560)
    Vendor:   NVIDIA
    VRAM:     6009 MB
    Driver:   31.0.15.2756
Initialize mono
Mono path[0] = 'C:/Program Files/Unity/Hub/Editor/2022.2.5f1/Editor/Data/Managed'
Mono path[1] = 'C:/Program Files/Unity/Hub/Editor/2022.2.5f1/Editor/Data/MonoBleedingEdge/lib/mono/unityjit-win32'
Mono config path = 'C:/Program Files/Unity/Hub/Editor/2022.2.5f1/Editor/Data/MonoBleedingEdge/etc'
Using monoOptions --debugger-agent=transport=dt_socket,embedding=1,server=y,suspend=n,address=127.0.0.1:56448
Begin MonoManager ReloadAssembly
Registering precompiled unity dll's ...
Register platform support module: C:/Program Files/Unity/Hub/Editor/2022.2.5f1/Editor/Data/PlaybackEngines/WindowsStandaloneSupport/UnityEditor.WindowsStandalone.Extensions.dll
Registered in 0.005052 seconds.
- Loaded All Assemblies, in  0.278 seconds
Native extension for WindowsStandalone target not found
Mono: successfully reloaded assembly
- Finished resetting the current domain, in  0.248 seconds
Domain Reload Profiling:
	ReloadAssembly (168ms)
		BeginReloadAssembly (65ms)
			ExecutionOrderSort (0ms)
			DisableScriptedObjects (0ms)
			BackupInstance (0ms)
			ReleaseScriptingObjects (0ms)
			CreateAndSetChildDomain (1ms)
		LoadAllAssembliesAndSetupDomain (0ms)
			LoadAssemblies (63ms)
			RebuildTransferFunctionScriptingTraits (0ms)
			SetupTypeCache (104ms)
				TypeCache.Initialize (103ms)
					TypeCache.ScanAssembly (102ms)
				ResolveRequiredComponents (0ms)
		FinalizeReload (0ms)
			ReleaseScriptCaches (0ms)
			RebuildScriptCaches (0ms)
			SetupLoadedEditorAssemblies (195ms)
				LogAssemblyErrors (0ms)
				InitializePlatformSupportModulesInManaged (8ms)
				SetLoadedEditorAssemblies (7ms)
				RefreshPlugins (0ms)
				BeforeProcessingInitializeOnLoad (1ms)
				ProcessInitializeOnLoadAttributes (132ms)
				ProcessInitializeOnLoadMethodAttributes (47ms)
				AfterProcessingInitializeOnLoad (0ms)
				EditorAssembliesLoaded (0ms)
			ExecutionOrderSort2 (0ms)
			AwakeInstancesAfterBackupRestoration (0ms)
========================================================================
Worker process is ready to serve import requests
Begin MonoManager ReloadAssembly
Symbol file LoadedFromMemory doesn't match image C:\Users\staba\ProjetS2\Projet S2\Library\PackageCache\com.unity.visualscripting@1.8.0\Editor\VisualScripting.Core\Dependencies\YamlDotNet\Unity.VisualScripting.YamlDotNet.dll
Symbol file LoadedFromMemory doesn't match image C:\Users\staba\ProjetS2\Projet S2\Library\PackageCache\com.unity.visualscripting@1.8.0\Editor\VisualScripting.Core\Dependencies\DotNetZip\Unity.VisualScripting.IonicZip.dll
- Loaded All Assemblies, in  1.075 seconds
Refreshing native plugins compatible for Editor in 11.19 ms, found 3 plugins.
Native extension for WindowsStandalone target not found
Mono: successfully reloaded assembly
- Finished resetting the current domain, in  0.715 seconds
Domain Reload Profiling:
	ReloadAssembly (200ms)
		BeginReloadAssembly (109ms)
			ExecutionOrderSort (0ms)
			DisableScriptedObjects (5ms)
			BackupInstance (0ms)
			ReleaseScriptingObjects (0ms)
			CreateAndSetChildDomain (22ms)
		LoadAllAssembliesAndSetupDomain (872ms)
			LoadAssemblies (291ms)
			RebuildTransferFunctionScriptingTraits (0ms)
			SetupTypeCache (624ms)
				TypeCache.Initialize (318ms)
					TypeCache.ScanAssembly (311ms)
				ResolveRequiredComponents (4ms)
		FinalizeReload (0ms)
			ReleaseScriptCaches (0ms)
			RebuildScriptCaches (0ms)
			SetupLoadedEditorAssemblies (544ms)
				LogAssemblyErrors (0ms)
				InitializePlatformSupportModulesInManaged (6ms)
				SetLoadedEditorAssemblies (3ms)
				RefreshPlugins (0ms)
				BeforeProcessingInitializeOnLoad (86ms)
				ProcessInitializeOnLoadAttributes (313ms)
				ProcessInitializeOnLoadMethodAttributes (130ms)
				AfterProcessingInitializeOnLoad (6ms)
				EditorAssembliesLoaded (0ms)
			ExecutionOrderSort2 (0ms)
			AwakeInstancesAfterBackupRestoration (7ms)
Launched and connected shader compiler UnityShaderCompiler.exe after 0.06 seconds
Refreshing native plugins compatible for Editor in 11.59 ms, found 3 plugins.
Preloading 0 native plugins for Editor in 0.00 ms.
Unloading 4161 Unused Serialized files (Serialized files now loaded: 0)
Unloading 70 unused Assets / (88.2 KB). Loaded Objects now: 4620.
Memory consumption went from 0.63 GB to 0.63 GB.
Total: 8.471800 ms (FindLiveObjects: 0.552700 ms CreateObjectMapping: 0.223300 ms MarkObjects: 7.495600 ms  DeleteObjects: 0.198700 ms)

AssetImportParameters requested are different than current active one (requested -> active):
  custom:container-demuxer-ogg: 62fdf1f143b41e24485cea50d1cbac27 -> 
  custom:video-codec-MediaFoundation-h265: 746d11721c4dcdbdad8f713fa42b33f4 -> 
  custom:video-decoder-ogg-theora: a1e56fd34408186e4bbccfd4996cb3dc -> 
  custom:framework-win-MediaFoundation: 216162199b28c13a410421893ffa2e32 -> 
  custom:container-demuxer-webm: 4f35f7cbe854078d1ac9338744f61a02 -> 
  custom:container-muxer-webm: aa71ff27fc2769a1b78a27578f13a17b -> 
  custom:video-decoder-webm-vp8: 9c59270c3fd7afecdb556c50c9e8de78 -> 
  custom:AudioImporter_EditorPlatform: d09bf68614088b80899f8185d706f6e7 -> 
  custom:video-encoder-webm-vp8: eb34c28f22e8b96e1ab97ce403110664 -> 
  custom:audio-decoder-ogg-vorbis: bf7c407c2cedff20999df2af8eb42d56 -> 
  custom:audio-encoder-webm-vorbis: bf7c407c2cedff20999df2af8eb42d56 -> 
========================================================================
Received Prepare
Begin MonoManager ReloadAssembly
Symbol file LoadedFromMemory doesn't match image C:\Users\staba\ProjetS2\Projet S2\Library\PackageCache\com.unity.visualscripting@1.8.0\Editor\VisualScripting.Core\Dependencies\YamlDotNet\Unity.VisualScripting.YamlDotNet.dll
Symbol file LoadedFromMemory doesn't match image C:\Users\staba\ProjetS2\Projet S2\Library\PackageCache\com.unity.visualscripting@1.8.0\Editor\VisualScripting.Core\Dependencies\DotNetZip\Unity.VisualScripting.IonicZip.dll
- Loaded All Assemblies, in  1.042 seconds
Refreshing native plugins compatible for Editor in 14.01 ms, found 3 plugins.
Native extension for WindowsStandalone target not found
Mono: successfully reloaded assembly
- Finished resetting the current domain, in  1.255 seconds
Domain Reload Profiling:
	ReloadAssembly (233ms)
		BeginReloadAssembly (158ms)
			ExecutionOrderSort (0ms)
			DisableScriptedObjects (6ms)
			BackupInstance (0ms)
			ReleaseScriptingObjects (0ms)
			CreateAndSetChildDomain (59ms)
		LoadAllAssembliesAndSetupDomain (806ms)
			LoadAssemblies (337ms)
			RebuildTransferFunctionScriptingTraits (0ms)
			SetupTypeCache (521ms)
				TypeCache.Initialize (289ms)
					TypeCache.ScanAssembly (281ms)
				ResolveRequiredComponents (4ms)
		FinalizeReload (0ms)
			ReleaseScriptCaches (0ms)
			RebuildScriptCaches (0ms)
			SetupLoadedEditorAssemblies (709ms)
				LogAssemblyErrors (0ms)
				InitializePlatformSupportModulesInManaged (6ms)
				SetLoadedEditorAssemblies (5ms)
				RefreshPlugins (0ms)
				BeforeProcessingInitializeOnLoad (263ms)
				ProcessInitializeOnLoadAttributes (256ms)
				ProcessInitializeOnLoadMethodAttributes (172ms)
				AfterProcessingInitializeOnLoad (6ms)
				EditorAssembliesLoaded (0ms)
			ExecutionOrderSort2 (0ms)
			AwakeInstancesAfterBackupRestoration (7ms)
Refreshing native plugins compatible for Editor in 10.77 ms, found 3 plugins.
Preloading 0 native plugins for Editor in 0.00 ms.
Unloading 4159 Unused Serialized files (Serialized files now loaded: 0)
Unloading 65 unused Assets / (0.9 MB). Loaded Objects now: 4627.
Memory consumption went from 0.63 GB to 0.63 GB.
Total: 6.952400 ms (FindLiveObjects: 0.376000 ms CreateObjectMapping: 0.126500 ms MarkObjects: 5.858900 ms  DeleteObjects: 0.589400 ms)

Prepare: number of updated asset objects reloaded= 0
AssetImportParameters requested are different than current active one (requested -> active):
  custom:container-demuxer-ogg: 62fdf1f143b41e24485cea50d1cbac27 -> 
  custom:video-codec-MediaFoundation-h265: 746d11721c4dcdbdad8f713fa42b33f4 -> 
  custom:video-decoder-ogg-theora: a1e56fd34408186e4bbccfd4996cb3dc -> 
  custom:framework-win-MediaFoundation: 216162199b28c13a410421893ffa2e32 -> 
  custom:container-demuxer-webm: 4f35f7cbe854078d1ac9338744f61a02 -> 
  custom:container-muxer-webm: aa71ff27fc2769a1b78a27578f13a17b -> 
  custom:video-decoder-webm-vp8: 9c59270c3fd7afecdb556c50c9e8de78 -> 
  custom:AudioImporter_EditorPlatform: d09bf68614088b80899f8185d706f6e7 -> 
  custom:video-encoder-webm-vp8: eb34c28f22e8b96e1ab97ce403110664 -> 
  custom:audio-decoder-ogg-vorbis: bf7c407c2cedff20999df2af8eb42d56 -> 
  custom:audio-encoder-webm-vorbis: bf7c407c2cedff20999df2af8eb42d56 -> 
========================================================================
Received Import Request.
  Time since last request: 701660.432052 seconds.
  path: Assets/BrokenVector/LowPolyBrickHouses/Prefabs/Birchtree.prefab
  artifactKey: Guid(37338ca5476fa424c932cea9208100d3) Importer(815301076,1909f56bfc062723c751e8b465ee728b)
Start importing Assets/BrokenVector/LowPolyBrickHouses/Prefabs/Birchtree.prefab using Guid(37338ca5476fa424c932cea9208100d3) Importer(815301076,1909f56bfc062723c751e8b465ee728b)  -> (artifact id: '4c22cccd9ea127b09c65c3ba4b194e3e') in 0.344510 seconds 
Number of updated asset objects reloaded before import = 0
Number of asset objects unloaded after import = 13
========================================================================
Received Import Request.
  Time since last request: 0.000064 seconds.
  path: Assets/BrokenVector/LowPolyBrickHouses/Prefabs/RiverWallCorner.prefab
  artifactKey: Guid(78c5bede736cca04ea483d26c7811ed9) Importer(815301076,1909f56bfc062723c751e8b465ee728b)
Start importing Assets/BrokenVector/LowPolyBrickHouses/Prefabs/RiverWallCorner.prefab using Guid(78c5bede736cca04ea483d26c7811ed9) Importer(815301076,1909f56bfc062723c751e8b465ee728b)  -> (artifact id: '45de1965d03b0727ea0aa19b5b366fc5') in 0.050945 seconds 
Number of updated asset objects reloaded before import = 0
Number of asset objects unloaded after import = 14
========================================================================
Received Import Request.
  Time since last request: 0.000038 seconds.
  path: Assets/BrokenVector/LowPolyBrickHouses/Prefabs/House_6.prefab
  artifactKey: Guid(5ff647d15160e7e42917b3e338c66c66) Importer(815301076,1909f56bfc062723c751e8b465ee728b)
Start importing Assets/BrokenVector/LowPolyBrickHouses/Prefabs/House_6.prefab using Guid(5ff647d15160e7e42917b3e338c66c66) Importer(815301076,1909f56bfc062723c751e8b465ee728b)  -> (artifact id: '4133b0a12110745c743f58c9868e0493') in 0.027347 seconds 
Number of updated asset objects reloaded before import = 0
Number of asset objects unloaded after import = 26
========================================================================
Received Import Request.
  Time since last request: 0.000024 seconds.
  path: Assets/BrokenVector/LowPolyBrickHouses/Prefabs/RiverWallOpen.prefab
  artifactKey: Guid(dd6f629302f173646a25d46dbd945d78) Importer(815301076,1909f56bfc062723c751e8b465ee728b)
Start importing Assets/BrokenVector/LowPolyBrickHouses/Prefabs/RiverWallOpen.prefab using Guid(dd6f629302f173646a25d46dbd945d78) Importer(815301076,1909f56bfc062723c751e8b465ee728b)  -> (artifact id: '3954b3fa0da58dc4335fcd65b3c79164') in 0.026025 seconds 
Number of updated asset objects reloaded before import = 0
Number of asset objects unloaded after import = 14
========================================================================
Received Import Request.
  Time since last request: 0.000043 seconds.
  path: Assets/BrokenVector/LowPolyBrickHouses/Prefabs/ShoreRock.prefab
  artifactKey: Guid(5a7e024a4b80fb1478d3f46d37137bf6) Importer(815301076,1909f56bfc062723c751e8b465ee728b)
Start importing Assets/BrokenVector/LowPolyBrickHouses/Prefabs/ShoreRock.prefab using Guid(5a7e024a4b80fb1478d3f46d37137bf6) Importer(815301076,1909f56bfc062723c751e8b465ee728b)  -> (artifact id: '513701d1f9bc9b96f355b5fb2886c374') in 0.025887 seconds 
Number of updated asset objects reloaded before import = 0
Number of asset objects unloaded after import = 11
========================================================================
Received Import Request.
  Time since last request: 0.000023 seconds.
  path: Assets/BrokenVector/LowPolyBrickHouses/Prefabs/Lighthouse.prefab
  artifactKey: Guid(d362e56f7a8edcf449cea294c0e6acff) Importer(815301076,1909f56bfc062723c751e8b465ee728b)
Start importing Assets/BrokenVector/LowPolyBrickHouses/Prefabs/Lighthouse.prefab using Guid(d362e56f7a8edcf449cea294c0e6acff) Importer(815301076,1909f56bfc062723c751e8b465ee728b)  -> (artifact id: 'aacb455dd2ff90b951b1681bc95c36c7') in 0.025812 seconds 
Number of updated asset objects reloaded before import = 0
Number of asset objects unloaded after import = 12
========================================================================
Received Import Request.
  Time since last request: 0.000030 seconds.
  path: Assets/BrokenVector/LowPolyBrickHouses/Prefabs/House_3.prefab
  artifactKey: Guid(6c8d046662436564eb5afcf4e9caaf9b) Importer(815301076,1909f56bfc062723c751e8b465ee728b)
Start importing Assets/BrokenVector/LowPolyBrickHouses/Prefabs/House_3.prefab using Guid(6c8d046662436564eb5afcf4e9caaf9b) Importer(815301076,1909f56bfc062723c751e8b465ee728b)  -> (artifact id: '930f5198fd36d5f7db20c4602055f6c9') in 0.026083 seconds 
Number of updated asset objects reloaded before import = 0
Number of asset objects unloaded after import = 50
========================================================================
Received Import Request.
  Time since last request: 0.000023 seconds.
  path: Assets/BrokenVector/LowPolyBrickHouses/Prefabs/Foliage_2.prefab
  artifactKey: Guid(57b13a00f04105d47af5e0707fffd244) Importer(815301076,1909f56bfc062723c751e8b465ee728b)
Start importing Assets/BrokenVector/LowPolyBrickHouses/Prefabs/Foliage_2.prefab using Guid(57b13a00f04105d47af5e0707fffd244) Importer(815301076,1909f56bfc062723c751e8b465ee728b)  -> (artifact id: '3602af6d403bd5655b9c2848eea07655') in 0.371469 seconds 
Number of updated asset objects reloaded before import = 0
Number of asset objects unloaded after import = 12
========================================================================
Received Import Request.
  Time since last request: 0.000022 seconds.
  path: Assets/BrokenVector/LowPolyBrickHouses/Prefabs/House_2.prefab
  artifactKey: Guid(544cd25ee8b26f549b827a231b2faf0c) Importer(815301076,1909f56bfc062723c751e8b465ee728b)
Start importing Assets/BrokenVector/LowPolyBrickHouses/Prefabs/House_2.prefab using Guid(544cd25ee8b26f549b827a231b2faf0c) Importer(815301076,1909f56bfc062723c751e8b465ee728b)  -> (artifact id: '2966ba25fcf71afefae2f519d75c4f9e') in 0.021078 seconds 
Number of updated asset objects reloaded before import = 0
Number of asset objects unloaded after import = 44
========================================================================
Received Import Request.
  Time since last request: 0.000032 seconds.
  path: Assets/BrokenVector/LowPolyBrickHouses/Prefabs/Foliage_1.prefab
  artifactKey: Guid(f46943be9ee7353449ca75c6fd768ddf) Importer(815301076,1909f56bfc062723c751e8b465ee728b)
Start importing Assets/BrokenVector/LowPolyBrickHouses/Prefabs/Foliage_1.prefab using Guid(f46943be9ee7353449ca75c6fd768ddf) Importer(815301076,1909f56bfc062723c751e8b465ee728b)  -> (artifact id: 'a6276d2a7d2529268f2e38fc39290b1b') in 0.024881 seconds 
Number of updated asset objects reloaded before import = 0
Number of asset objects unloaded after import = 12
========================================================================
Received Import Request.
  Time since last request: 0.000023 seconds.
  path: Assets/BrokenVector/LowPolyBrickHouses/Prefabs/House_5.prefab
  artifactKey: Guid(01db66142cb4c7543bba603ccfee344a) Importer(815301076,1909f56bfc062723c751e8b465ee728b)
Start importing Assets/BrokenVector/LowPolyBrickHouses/Prefabs/House_5.prefab using Guid(01db66142cb4c7543bba603ccfee344a) Importer(815301076,1909f56bfc062723c751e8b465ee728b)  -> (artifact id: '0b5d83bfcd5e226d8d38bf524c3bc57b') in 0.023999 seconds 
Number of updated asset objects reloaded before import = 0
Number of asset objects unloaded after import = 38
========================================================================
Received Import Request.
  Time since last request: 0.000035 seconds.
  path: Assets/BrokenVector/LowPolyBrickHouses/Prefabs/Church.prefab
  artifactKey: Guid(d0a0bad0f2561674f85b5a72c1eb19b0) Importer(815301076,1909f56bfc062723c751e8b465ee728b)
Start importing Assets/BrokenVector/LowPolyBrickHouses/Prefabs/Church.prefab using Guid(d0a0bad0f2561674f85b5a72c1eb19b0) Importer(815301076,1909f56bfc062723c751e8b465ee728b)  -> (artifact id: 'd3168ac27f4f3625fd2671e7eb0c063b') in 0.023241 seconds 
Number of updated asset objects reloaded before import = 0
Number of asset objects unloaded after import = 12
========================================================================
Received Import Request.
  Time since last request: 0.000015 seconds.
  path: Assets/BrokenVector/LowPolyBrickHouses/Prefabs/Parasol.prefab
  artifactKey: Guid(9552a629a90d25c41bc7836cad49268a) Importer(815301076,1909f56bfc062723c751e8b465ee728b)
Start importing Assets/BrokenVector/LowPolyBrickHouses/Prefabs/Parasol.prefab using Guid(9552a629a90d25c41bc7836cad49268a) Importer(815301076,1909f56bfc062723c751e8b465ee728b)  -> (artifact id: '60e41427d7e6e13c2665b85853fadae7') in 0.019343 seconds 
Number of updated asset objects reloaded before import = 0
Number of asset objects unloaded after import = 11
========================================================================
Received Import Request.
  Time since last request: 13.790566 seconds.
  path: Assets/BrokenVector/LowPolyBrickHouses/Materials/Foliage_2.mat
  artifactKey: Guid(b131c7d427ad4cc4fae5e5656b96fdec) Importer(815301076,1909f56bfc062723c751e8b465ee728b)
Start importing Assets/BrokenVector/LowPolyBrickHouses/Materials/Foliage_2.mat using Guid(b131c7d427ad4cc4fae5e5656b96fdec) Importer(815301076,1909f56bfc062723c751e8b465ee728b)  -> (artifact id: '50e170f4db822b9525b5e8d49ba048f1') in 0.033750 seconds 
Number of updated asset objects reloaded before import = 0
Number of asset objects unloaded after import = 4
========================================================================
Received Import Request.
  Time since last request: 0.000017 seconds.
  path: Assets/BrokenVector/LowPolyBrickHouses/Materials/Houses_5.mat
  artifactKey: Guid(62f76d89a9e005a4e889e1165e1ffc17) Importer(815301076,1909f56bfc062723c751e8b465ee728b)
Start importing Assets/BrokenVector/LowPolyBrickHouses/Materials/Houses_5.mat using Guid(62f76d89a9e005a4e889e1165e1ffc17) Importer(815301076,1909f56bfc062723c751e8b465ee728b)  -> (artifact id: 'c12e726db4d1a5e8a1510394158ec82f') in 0.018408 seconds 
Number of updated asset objects reloaded before import = 0
Number of asset objects unloaded after import = 3
========================================================================
Received Import Request.
  Time since last request: 0.000023 seconds.
  path: Assets/BrokenVector/LowPolyBrickHouses/Materials/Ship.mat
  artifactKey: Guid(bb477c6a3d8910340bf232af28d385c1) Importer(815301076,1909f56bfc062723c751e8b465ee728b)
Start importing Assets/BrokenVector/LowPolyBrickHouses/Materials/Ship.mat using Guid(bb477c6a3d8910340bf232af28d385c1) Importer(815301076,1909f56bfc062723c751e8b465ee728b)  -> (artifact id: '95326311541d6239f1677c22be1b2e76') in 0.019376 seconds 
Number of updated asset objects reloaded before import = 0
Number of asset objects unloaded after import = 3
========================================================================
Received Import Request.
  Time since last request: 0.000038 seconds.
  path: Assets/BrokenVector/LowPolyBrickHouses/Materials/Skybox.mat
  artifactKey: Guid(1495d16f6dfb16d48a5d325eae676635) Importer(815301076,1909f56bfc062723c751e8b465ee728b)
Start importing Assets/BrokenVector/LowPolyBrickHouses/Materials/Skybox.mat using Guid(1495d16f6dfb16d48a5d325eae676635) Importer(815301076,1909f56bfc062723c751e8b465ee728b)  -> (artifact id: '8aea4368854c0114b09f8e8801281b86') in 0.043412 seconds 
Number of updated asset objects reloaded before import = 0
Number of asset objects unloaded after import = 7
========================================================================
Received Import Request.
  Time since last request: 0.000019 seconds.
  path: Assets/BrokenVector/LowPolyBrickHouses/Materials/Houses_2.mat
  artifactKey: Guid(35b3f8b0173dcad42a78d7ace2476948) Importer(815301076,1909f56bfc062723c751e8b465ee728b)
Start importing Assets/BrokenVector/LowPolyBrickHouses/Materials/Houses_2.mat using Guid(35b3f8b0173dcad42a78d7ace2476948) Importer(815301076,1909f56bfc062723c751e8b465ee728b)  -> (artifact id: '5ab9498a5e9be29e03023d77724eb259') in 0.030254 seconds 
Number of updated asset objects reloaded before import = 0
Number of asset objects unloaded after import = 3
========================================================================
Received Import Request.
  Time since last request: 0.000029 seconds.
  path: Assets/BrokenVector/LowPolyBrickHouses/Materials/Tree.mat
  artifactKey: Guid(936ea9a07db52dd44aa65b95efc50590) Importer(815301076,1909f56bfc062723c751e8b465ee728b)
Start importing Assets/BrokenVector/LowPolyBrickHouses/Materials/Tree.mat using Guid(936ea9a07db52dd44aa65b95efc50590) Importer(815301076,1909f56bfc062723c751e8b465ee728b)  -> (artifact id: '7b6a1f10fe3081ca79d02323ea245a42') in 0.021968 seconds 
Number of updated asset objects reloaded before import = 0
Number of asset objects unloaded after import = 3
========================================================================
Received Import Request.
  Time since last request: 1.837042 seconds.
  path: Assets/BrokenVector/LowPolyBrickHouses/Models/Birchtree.dae
  artifactKey: Guid(24618a970dc9a1f439e636270d34311c) Importer(815301076,1909f56bfc062723c751e8b465ee728b)
Start importing Assets/BrokenVector/LowPolyBrickHouses/Models/Birchtree.dae using Guid(24618a970dc9a1f439e636270d34311c) Importer(815301076,1909f56bfc062723c751e8b465ee728b)  -> (artifact id: 'c5a268e525e27a64dd72fd43f54969ed') in 0.029178 seconds 
Number of updated asset objects reloaded before import = 0
Number of asset objects unloaded after import = 8
========================================================================
Received Import Request.
  Time since last request: 0.000021 seconds.
  path: Assets/BrokenVector/LowPolyBrickHouses/Models/Lighthouse.dae
  artifactKey: Guid(3f9c587848c1bb7448bc18b72dab545d) Importer(815301076,1909f56bfc062723c751e8b465ee728b)
Start importing Assets/BrokenVector/LowPolyBrickHouses/Models/Lighthouse.dae using Guid(3f9c587848c1bb7448bc18b72dab545d) Importer(815301076,1909f56bfc062723c751e8b465ee728b)  -> (artifact id: '6fcf954180e75e3c9a437af1d2f5f0b4') in 0.021200 seconds 
Number of updated asset objects reloaded before import = 0
Number of asset objects unloaded after import = 8
========================================================================
Received Import Request.
  Time since last request: 0.000027 seconds.
  path: Assets/BrokenVector/LowPolyBrickHouses/Models/Church.dae
  artifactKey: Guid(4c8429c8065b5b24cb9f304c87141511) Importer(815301076,1909f56bfc062723c751e8b465ee728b)
Start importing Assets/BrokenVector/LowPolyBrickHouses/Models/Church.dae using Guid(4c8429c8065b5b24cb9f304c87141511) Importer(815301076,1909f56bfc062723c751e8b465ee728b)  -> (artifact id: '8029c7e5213fe79866727452ab65db52') in 0.021877 seconds 
Number of updated asset objects reloaded before import = 0
Number of asset objects unloaded after import = 8
========================================================================
Received Import Request.
  Time since last request: 0.000031 seconds.
  path: Assets/BrokenVector/LowPolyBrickHouses/Models/RiverWallCorner.dae
  artifactKey: Guid(523b40a37bb96154d9b7eaa01c7d3501) Importer(815301076,1909f56bfc062723c751e8b465ee728b)
Start importing Assets/BrokenVector/LowPolyBrickHouses/Models/RiverWallCorner.dae using Guid(523b40a37bb96154d9b7eaa01c7d3501) Importer(815301076,1909f56bfc062723c751e8b465ee728b)  -> (artifact id: '3abb8d856d0bcd954c93288eda93c585') in 0.022090 seconds 
Number of updated asset objects reloaded before import = 0
Number of asset objects unloaded after import = 8
========================================================================
Received Import Request.
  Time since last request: 0.000027 seconds.
  path: Assets/BrokenVector/LowPolyBrickHouses/Models/Foliage2.dae
  artifactKey: Guid(76ef5d7356ad88347b084f32b454ba36) Importer(815301076,1909f56bfc062723c751e8b465ee728b)
Start importing Assets/BrokenVector/LowPolyBrickHouses/Models/Foliage2.dae using Guid(76ef5d7356ad88347b084f32b454ba36) Importer(815301076,1909f56bfc062723c751e8b465ee728b)  -> (artifact id: 'c09bdff6eb7b0ab4e23e5cfd5f78edf1') in 0.019678 seconds 
Number of updated asset objects reloaded before import = 0
Number of asset objects unloaded after import = 8
========================================================================
Received Import Request.
  Time since last request: 0.000053 seconds.
  path: Assets/BrokenVector/LowPolyBrickHouses/Models/FenceEnd.dae
  artifactKey: Guid(4dbb67d079dd49e40beeb2d6889c5975) Importer(815301076,1909f56bfc062723c751e8b465ee728b)
Start importing Assets/BrokenVector/LowPolyBrickHouses/Models/FenceEnd.dae using Guid(4dbb67d079dd49e40beeb2d6889c5975) Importer(815301076,1909f56bfc062723c751e8b465ee728b)  -> (artifact id: '0812b5fc116974d1aebf4d68be14016a') in 0.024716 seconds 
Number of updated asset objects reloaded before import = 0
Number of asset objects unloaded after import = 8
========================================================================
Received Import Request.
  Time since last request: 0.000025 seconds.
  path: Assets/BrokenVector/LowPolyBrickHouses/Models/Table.dae
  artifactKey: Guid(4db74a5e9a11a27428b94f3a6a9dd34c) Importer(815301076,1909f56bfc062723c751e8b465ee728b)
Start importing Assets/BrokenVector/LowPolyBrickHouses/Models/Table.dae using Guid(4db74a5e9a11a27428b94f3a6a9dd34c) Importer(815301076,1909f56bfc062723c751e8b465ee728b)  -> (artifact id: '8d715a17fbfe284a0e1df8258de45b43') in 0.022583 seconds 
Number of updated asset objects reloaded before import = 0
Number of asset objects unloaded after import = 8
========================================================================
Received Import Request.
  Time since last request: 0.000036 seconds.
  path: Assets/BrokenVector/LowPolyBrickHouses/Models/Foliage.dae
  artifactKey: Guid(437a88a2807f70243b041aa83858dde6) Importer(815301076,1909f56bfc062723c751e8b465ee728b)
Start importing Assets/BrokenVector/LowPolyBrickHouses/Models/Foliage.dae using Guid(437a88a2807f70243b041aa83858dde6) Importer(815301076,1909f56bfc062723c751e8b465ee728b)  -> (artifact id: '9093fdb767b68c1340678a34fa4df31b') in 0.019275 seconds 
Number of updated asset objects reloaded before import = 0
Number of asset objects unloaded after import = 8
========================================================================
Received Import Request.
  Time since last request: 0.000027 seconds.
  path: Assets/BrokenVector/LowPolyBrickHouses/Models/RiverBridge.dae
  artifactKey: Guid(268f4f0d65f1549488a4076f41b4e82e) Importer(815301076,1909f56bfc062723c751e8b465ee728b)
Start importing Assets/BrokenVector/LowPolyBrickHouses/Models/RiverBridge.dae using Guid(268f4f0d65f1549488a4076f41b4e82e) Importer(815301076,1909f56bfc062723c751e8b465ee728b)  -> (artifact id: 'a4fe8779f1eef72ce1daa76ca13b9836') in 0.025491 seconds 
Number of updated asset objects reloaded before import = 0
Number of asset objects unloaded after import = 8
========================================================================
Received Import Request.
  Time since last request: 0.000021 seconds.
  path: Assets/BrokenVector/LowPolyBrickHouses/Models/House-2-1.dae
  artifactKey: Guid(3c4ca35a21faf304c915b95f6bc988e0) Importer(815301076,1909f56bfc062723c751e8b465ee728b)
Start importing Assets/BrokenVector/LowPolyBrickHouses/Models/House-2-1.dae using Guid(3c4ca35a21faf304c915b95f6bc988e0) Importer(815301076,1909f56bfc062723c751e8b465ee728b)  -> (artifact id: '620d437985b33799e54b374d79256b20') in 0.043989 seconds 
Number of updated asset objects reloaded before import = 0
Number of asset objects unloaded after import = 22
========================================================================
Received Import Request.
  Time since last request: 0.000030 seconds.
  path: Assets/BrokenVector/LowPolyBrickHouses/Models/House-1-3.dae
  artifactKey: Guid(d67f77292d7829d4a848cefa1f0f4b3e) Importer(815301076,1909f56bfc062723c751e8b465ee728b)
Start importing Assets/BrokenVector/LowPolyBrickHouses/Models/House-1-3.dae using Guid(d67f77292d7829d4a848cefa1f0f4b3e) Importer(815301076,1909f56bfc062723c751e8b465ee728b)  -> (artifact id: '120fb008895b003a3fb544b752fb56e3') in 0.099088 seconds 
Number of updated asset objects reloaded before import = 0
Number of asset objects unloaded after import = 46
========================================================================
Received Import Request.
  Time since last request: 0.000028 seconds.
  path: Assets/BrokenVector/LowPolyBrickHouses/Models/Parasol.dae
  artifactKey: Guid(d01219698fae7e44980b9b0d0c73654f) Importer(815301076,1909f56bfc062723c751e8b465ee728b)
Start importing Assets/BrokenVector/LowPolyBrickHouses/Models/Parasol.dae using Guid(d01219698fae7e44980b9b0d0c73654f) Importer(815301076,1909f56bfc062723c751e8b465ee728b)  -> (artifact id: 'fef94cbb9f2c5e4b355e729f00bf7e98') in 0.020590 seconds 
Number of updated asset objects reloaded before import = 0
Number of asset objects unloaded after import = 8
========================================================================
Received Prepare
Begin MonoManager ReloadAssembly
Symbol file LoadedFromMemory doesn't match image C:\Users\staba\ProjetS2\Projet S2\Library\PackageCache\com.unity.visualscripting@1.8.0\Editor\VisualScripting.Core\Dependencies\YamlDotNet\Unity.VisualScripting.YamlDotNet.dll
Symbol file LoadedFromMemory doesn't match image C:\Users\staba\ProjetS2\Projet S2\Library\PackageCache\com.unity.visualscripting@1.8.0\Editor\VisualScripting.Core\Dependencies\DotNetZip\Unity.VisualScripting.IonicZip.dll
- Loaded All Assemblies, in  1.072 seconds
Refreshing native plugins compatible for Editor in 10.10 ms, found 3 plugins.
Native extension for WindowsStandalone target not found
Mono: successfully reloaded assembly
- Finished resetting the current domain, in  1.040 seconds
Domain Reload Profiling:
	ReloadAssembly (246ms)
		BeginReloadAssembly (166ms)
			ExecutionOrderSort (0ms)
			DisableScriptedObjects (6ms)
			BackupInstance (0ms)
			ReleaseScriptingObjects (0ms)
			CreateAndSetChildDomain (60ms)
		LoadAllAssembliesAndSetupDomain (821ms)
			LoadAssemblies (327ms)
			RebuildTransferFunctionScriptingTraits (0ms)
			SetupTypeCache (548ms)
				TypeCache.Initialize (269ms)
					TypeCache.ScanAssembly (262ms)
				ResolveRequiredComponents (5ms)
		FinalizeReload (0ms)
			ReleaseScriptCaches (0ms)
			RebuildScriptCaches (0ms)
			SetupLoadedEditorAssemblies (506ms)
				LogAssemblyErrors (0ms)
				InitializePlatformSupportModulesInManaged (5ms)
				SetLoadedEditorAssemblies (5ms)
				RefreshPlugins (0ms)
				BeforeProcessingInitializeOnLoad (71ms)
				ProcessInitializeOnLoadAttributes (277ms)
				ProcessInitializeOnLoadMethodAttributes (140ms)
				AfterProcessingInitializeOnLoad (7ms)
				EditorAssembliesLoaded (0ms)
			ExecutionOrderSort2 (0ms)
			AwakeInstancesAfterBackupRestoration (9ms)
Refreshing native plugins compatible for Editor in 11.51 ms, found 3 plugins.
Preloading 0 native plugins for Editor in 0.00 ms.
Unloading 4163 Unused Serialized files (Serialized files now loaded: 0)
Unloading 64 unused Assets / (493.6 KB). Loaded Objects now: 4680.
Memory consumption went from 0.64 GB to 0.64 GB.
Total: 6.307900 ms (FindLiveObjects: 0.340400 ms CreateObjectMapping: 0.112700 ms MarkObjects: 5.567500 ms  DeleteObjects: 0.286300 ms)

Prepare: number of updated asset objects reloaded= 0
AssetImportParameters requested are different than current active one (requested -> active):
  custom:container-demuxer-ogg: 62fdf1f143b41e24485cea50d1cbac27 -> 
  custom:video-codec-MediaFoundation-h265: 746d11721c4dcdbdad8f713fa42b33f4 -> 
  custom:video-decoder-ogg-theora: a1e56fd34408186e4bbccfd4996cb3dc -> 
  custom:framework-win-MediaFoundation: 216162199b28c13a410421893ffa2e32 -> 
  custom:container-demuxer-webm: 4f35f7cbe854078d1ac9338744f61a02 -> 
  custom:container-muxer-webm: aa71ff27fc2769a1b78a27578f13a17b -> 
  custom:video-decoder-webm-vp8: 9c59270c3fd7afecdb556c50c9e8de78 -> 
  custom:AudioImporter_EditorPlatform: d09bf68614088b80899f8185d706f6e7 -> 
  custom:video-encoder-webm-vp8: eb34c28f22e8b96e1ab97ce403110664 -> 
  custom:audio-decoder-ogg-vorbis: bf7c407c2cedff20999df2af8eb42d56 -> 
  custom:audio-encoder-webm-vorbis: bf7c407c2cedff20999df2af8eb42d56 -> 
========================================================================
Received Import Request.
  Time since last request: 362.921462 seconds.
  path: Assets/Destroyed_city_FREE
  artifactKey: Guid(c97aafb512948da4e86d4a905fc05572) Importer(815301076,1909f56bfc062723c751e8b465ee728b)
Start importing Assets/Destroyed_city_FREE using Guid(c97aafb512948da4e86d4a905fc05572) Importer(815301076,1909f56bfc062723c751e8b465ee728b)  -> (artifact id: '98babe773909857365bac353d53da0a6') in 0.002473 seconds 
Number of updated asset objects reloaded before import = 0
Number of asset objects unloaded after import = 0
========================================================================
Received Import Request.
  Time since last request: 0.879138 seconds.
  path: Assets/Destroyed_city_FREE/Prefabs
  artifactKey: Guid(e42dc35d127650f48bf2adf91ad74505) Importer(815301076,1909f56bfc062723c751e8b465ee728b)
Start importing Assets/Destroyed_city_FREE/Prefabs using Guid(e42dc35d127650f48bf2adf91ad74505) Importer(815301076,1909f56bfc062723c751e8b465ee728b)  -> (artifact id: 'ea5e711dd70079d46cab3eba2c1a2336') in 0.000573 seconds 
Number of updated asset objects reloaded before import = 0
Number of asset objects unloaded after import = 0
========================================================================
Received Import Request.
  Time since last request: 0.062499 seconds.
  path: Assets/Destroyed_city_FREE/Prefabs/wrak_budova.prefab
  artifactKey: Guid(19e3bec5d2084834e86823c680ab9eb1) Importer(815301076,1909f56bfc062723c751e8b465ee728b)
Start importing Assets/Destroyed_city_FREE/Prefabs/wrak_budova.prefab using Guid(19e3bec5d2084834e86823c680ab9eb1) Importer(815301076,1909f56bfc062723c751e8b465ee728b)  -> (artifact id: 'c442d3663bb2b8dba5772f1cee5fe0f5') in 0.376925 seconds 
Number of updated asset objects reloaded before import = 0
Number of asset objects unloaded after import = 109
========================================================================
Received Import Request.
  Time since last request: 0.440277 seconds.
  path: Assets/Destroyed_city_FREE/Prefabs/Light Flares
  artifactKey: Guid(b398d131bafb9b14c97c4cb2c39b0f4e) Importer(815301076,1909f56bfc062723c751e8b465ee728b)
Start importing Assets/Destroyed_city_FREE/Prefabs/Light Flares using Guid(b398d131bafb9b14c97c4cb2c39b0f4e) Importer(815301076,1909f56bfc062723c751e8b465ee728b)  -> (artifact id: 'f3b94d2ca147b6aa300bd520ffb47cbd') in 0.000457 seconds 
Number of updated asset objects reloaded before import = 0
Number of asset objects unloaded after import = 0
========================================================================
Received Import Request.
  Time since last request: 0.079845 seconds.
  path: Assets/Destroyed_city_FREE/Prefabs/Light Flares/Sun.flare
  artifactKey: Guid(09ebe82dbd1113c3d000dc0b8d76c639) Importer(815301076,1909f56bfc062723c751e8b465ee728b)
Start importing Assets/Destroyed_city_FREE/Prefabs/Light Flares/Sun.flare using Guid(09ebe82dbd1113c3d000dc0b8d76c639) Importer(815301076,1909f56bfc062723c751e8b465ee728b)  -> (artifact id: '762b697401400fb3c4b53f1df15ecfde') in 0.001489 seconds 
Number of updated asset objects reloaded before import = 0
Number of asset objects unloaded after import = 1
========================================================================
Received Prepare
Begin MonoManager ReloadAssembly
Symbol file LoadedFromMemory doesn't match image C:\Users\staba\ProjetS2\Projet S2\Library\PackageCache\com.unity.visualscripting@1.8.0\Editor\VisualScripting.Core\Dependencies\YamlDotNet\Unity.VisualScripting.YamlDotNet.dll
Symbol file LoadedFromMemory doesn't match image C:\Users\staba\ProjetS2\Projet S2\Library\PackageCache\com.unity.visualscripting@1.8.0\Editor\VisualScripting.Core\Dependencies\DotNetZip\Unity.VisualScripting.IonicZip.dll
- Loaded All Assemblies, in  1.182 seconds
Refreshing native plugins compatible for Editor in 11.38 ms, found 3 plugins.
Native extension for WindowsStandalone target not found
Mono: successfully reloaded assembly
- Finished resetting the current domain, in  1.054 seconds
Domain Reload Profiling:
	ReloadAssembly (249ms)
		BeginReloadAssembly (166ms)
			ExecutionOrderSort (0ms)
			DisableScriptedObjects (7ms)
			BackupInstance (0ms)
			ReleaseScriptingObjects (0ms)
			CreateAndSetChildDomain (62ms)
		LoadAllAssembliesAndSetupDomain (928ms)
			LoadAssemblies (356ms)
			RebuildTransferFunctionScriptingTraits (0ms)
			SetupTypeCache (627ms)
				TypeCache.Initialize (393ms)
					TypeCache.ScanAssembly (384ms)
				ResolveRequiredComponents (4ms)
		FinalizeReload (0ms)
			ReleaseScriptCaches (0ms)
			RebuildScriptCaches (0ms)
			SetupLoadedEditorAssemblies (504ms)
				LogAssemblyErrors (0ms)
				InitializePlatformSupportModulesInManaged (5ms)
				SetLoadedEditorAssemblies (5ms)
				RefreshPlugins (0ms)
				BeforeProcessingInitializeOnLoad (74ms)
				ProcessInitializeOnLoadAttributes (281ms)
				ProcessInitializeOnLoadMethodAttributes (131ms)
				AfterProcessingInitializeOnLoad (7ms)
				EditorAssembliesLoaded (0ms)
			ExecutionOrderSort2 (0ms)
			AwakeInstancesAfterBackupRestoration (7ms)
Refreshing native plugins compatible for Editor in 12.30 ms, found 3 plugins.
Preloading 0 native plugins for Editor in 0.00 ms.
Unloading 4157 Unused Serialized files (Serialized files now loaded: 0)
Unloading 66 unused Assets / (414.2 KB). Loaded Objects now: 4684.
Memory consumption went from 0.64 GB to 0.64 GB.
Total: 6.341200 ms (FindLiveObjects: 0.338300 ms CreateObjectMapping: 0.117900 ms MarkObjects: 5.611900 ms  DeleteObjects: 0.272000 ms)

Prepare: number of updated asset objects reloaded= 0
AssetImportParameters requested are different than current active one (requested -> active):
  custom:container-demuxer-ogg: 62fdf1f143b41e24485cea50d1cbac27 -> 
  custom:video-codec-MediaFoundation-h265: 746d11721c4dcdbdad8f713fa42b33f4 -> 
  custom:video-decoder-ogg-theora: a1e56fd34408186e4bbccfd4996cb3dc -> 
  custom:framework-win-MediaFoundation: 216162199b28c13a410421893ffa2e32 -> 
  custom:container-demuxer-webm: 4f35f7cbe854078d1ac9338744f61a02 -> 
  custom:container-muxer-webm: aa71ff27fc2769a1b78a27578f13a17b -> 
  custom:video-decoder-webm-vp8: 9c59270c3fd7afecdb556c50c9e8de78 -> 
  custom:AudioImporter_EditorPlatform: d09bf68614088b80899f8185d706f6e7 -> 
  custom:video-encoder-webm-vp8: eb34c28f22e8b96e1ab97ce403110664 -> 
  custom:audio-decoder-ogg-vorbis: bf7c407c2cedff20999df2af8eb42d56 -> 
  custom:audio-encoder-webm-vorbis: bf7c407c2cedff20999df2af8eb42d56 -> 
========================================================================
Received Import Request.
  Time since last request: 276.840375 seconds.
  path: Assets/CastlePack
  artifactKey: Guid(201b7d3ccd18a604cb877d487fa8f239) Importer(815301076,1909f56bfc062723c751e8b465ee728b)
Start importing Assets/CastlePack using Guid(201b7d3ccd18a604cb877d487fa8f239) Importer(815301076,1909f56bfc062723c751e8b465ee728b)  -> (artifact id: '53241aefe98091395c74d40d4beab0d9') in 0.002011 seconds 
Number of updated asset objects reloaded before import = 0
Number of asset objects unloaded after import = 0
========================================================================
Received Import Request.
  Time since last request: 1.668050 seconds.
  path: Assets/CastlePack/Prefabs
  artifactKey: Guid(4dea0e59395769d42951cd556777cbe9) Importer(815301076,1909f56bfc062723c751e8b465ee728b)
Start importing Assets/CastlePack/Prefabs using Guid(4dea0e59395769d42951cd556777cbe9) Importer(815301076,1909f56bfc062723c751e8b465ee728b)  -> (artifact id: '9375b1a0494f86153b4699b763fe0f1c') in 0.000503 seconds 
Number of updated asset objects reloaded before import = 0
Number of asset objects unloaded after import = 0
========================================================================
Received Import Request.
  Time since last request: 0.062469 seconds.
  path: Assets/CastlePack/Prefabs/FloorTorch.prefab
  artifactKey: Guid(2b992a80f3717ab4c93585c380d85baa) Importer(815301076,1909f56bfc062723c751e8b465ee728b)
Start importing Assets/CastlePack/Prefabs/FloorTorch.prefab using Guid(2b992a80f3717ab4c93585c380d85baa) Importer(815301076,1909f56bfc062723c751e8b465ee728b)  -> (artifact id: 'a6f5424eab855aac3f294b314657f75d') in 0.095541 seconds 
Number of updated asset objects reloaded before import = 0
Number of asset objects unloaded after import = 10
========================================================================
Received Import Request.
  Time since last request: 0.000038 seconds.
  path: Assets/CastlePack/Prefabs/HightTower.prefab
  artifactKey: Guid(4e4da7cae3fc6744e8deba559924ee80) Importer(815301076,1909f56bfc062723c751e8b465ee728b)
Start importing Assets/CastlePack/Prefabs/HightTower.prefab using Guid(4e4da7cae3fc6744e8deba559924ee80) Importer(815301076,1909f56bfc062723c751e8b465ee728b)  -> (artifact id: 'aa8010c10318ea89fce7a539d7af57ec') in 0.021893 seconds 
Number of updated asset objects reloaded before import = 0
Number of asset objects unloaded after import = 12
========================================================================
Received Import Request.
  Time since last request: 0.000022 seconds.
  path: Assets/CastlePack/Prefabs/SmallPhylar.prefab
  artifactKey: Guid(866971d15d558a046b49b2ece87df8e4) Importer(815301076,1909f56bfc062723c751e8b465ee728b)
Start importing Assets/CastlePack/Prefabs/SmallPhylar.prefab using Guid(866971d15d558a046b49b2ece87df8e4) Importer(815301076,1909f56bfc062723c751e8b465ee728b)  -> (artifact id: '2ef8fb180005c6b03fdabdfb8803b14c') in 0.018818 seconds 
Number of updated asset objects reloaded before import = 0
Number of asset objects unloaded after import = 9
========================================================================
Received Import Request.
  Time since last request: 0.000034 seconds.
  path: Assets/CastlePack/Prefabs/WallTorch.prefab
  artifactKey: Guid(b232a916ecbf39e4faf01d79be23f46e) Importer(815301076,1909f56bfc062723c751e8b465ee728b)
Start importing Assets/CastlePack/Prefabs/WallTorch.prefab using Guid(b232a916ecbf39e4faf01d79be23f46e) Importer(815301076,1909f56bfc062723c751e8b465ee728b)  -> (artifact id: 'a0d6b5cd1108d1d9543c8040e2af47b9') in 0.016308 seconds 
Number of updated asset objects reloaded before import = 0
Number of asset objects unloaded after import = 9
========================================================================
Received Import Request.
  Time since last request: 0.000029 seconds.
  path: Assets/CastlePack/Prefabs/StoneBridgeFlat.prefab
  artifactKey: Guid(2b651b5f505f7e945b2e3f8bb7abc4ce) Importer(815301076,1909f56bfc062723c751e8b465ee728b)
Start importing Assets/CastlePack/Prefabs/StoneBridgeFlat.prefab using Guid(2b651b5f505f7e945b2e3f8bb7abc4ce) Importer(815301076,1909f56bfc062723c751e8b465ee728b)  -> (artifact id: '522aeabf21976ee6364594c3e4bf4439') in 0.020132 seconds 
Number of updated asset objects reloaded before import = 0
Number of asset objects unloaded after import = 9
========================================================================
Received Import Request.
  Time since last request: 0.000033 seconds.
  path: Assets/CastlePack/Prefabs/WallTower.prefab
  artifactKey: Guid(b6d5c0a31f0b4ec4b935e5b123710738) Importer(815301076,1909f56bfc062723c751e8b465ee728b)
Start importing Assets/CastlePack/Prefabs/WallTower.prefab using Guid(b6d5c0a31f0b4ec4b935e5b123710738) Importer(815301076,1909f56bfc062723c751e8b465ee728b)  -> (artifact id: '585437eb0a2bbf49d2d0ed070d0a2f25') in 0.015882 seconds 
Number of updated asset objects reloaded before import = 0
Number of asset objects unloaded after import = 9
========================================================================
Received Import Request.
  Time since last request: 0.000037 seconds.
  path: Assets/CastlePack/Prefabs/StoneBridgeTwoSided.prefab
  artifactKey: Guid(9c1aeeb0b83bf344698be3d07d2f6fad) Importer(815301076,1909f56bfc062723c751e8b465ee728b)
Start importing Assets/CastlePack/Prefabs/StoneBridgeTwoSided.prefab using Guid(9c1aeeb0b83bf344698be3d07d2f6fad) Importer(815301076,1909f56bfc062723c751e8b465ee728b)  -> (artifact id: 'e0b2857982e109a93c50b3f67c065276') in 0.021317 seconds 
Number of updated asset objects reloaded before import = 0
Number of asset objects unloaded after import = 9
========================================================================
Received Import Request.
  Time since last request: 0.000031 seconds.
  path: Assets/CastlePack/Prefabs/WallEntrance.prefab
  artifactKey: Guid(3802e02b131391c49a75ae88bbc77722) Importer(815301076,1909f56bfc062723c751e8b465ee728b)
Start importing Assets/CastlePack/Prefabs/WallEntrance.prefab using Guid(3802e02b131391c49a75ae88bbc77722) Importer(815301076,1909f56bfc062723c751e8b465ee728b)  -> (artifact id: '2695397c32ecc14763e863a55c4fd2db') in 0.023861 seconds 
Number of updated asset objects reloaded before import = 0
Number of asset objects unloaded after import = 20
========================================================================
Received Import Request.
  Time since last request: 0.000028 seconds.
  path: Assets/CastlePack/Prefabs/WallStairs.prefab
  artifactKey: Guid(a467159af0116cd4c9a543b9f91f0897) Importer(815301076,1909f56bfc062723c751e8b465ee728b)
Start importing Assets/CastlePack/Prefabs/WallStairs.prefab using Guid(a467159af0116cd4c9a543b9f91f0897) Importer(815301076,1909f56bfc062723c751e8b465ee728b)  -> (artifact id: '1f40a6d83caa947a555ec3b1531d09af') in 0.019284 seconds 
Number of updated asset objects reloaded before import = 0
Number of asset objects unloaded after import = 9
========================================================================
Received Import Request.
  Time since last request: 0.000034 seconds.
  path: Assets/CastlePack/Prefabs/WoodenBridgeHanddrails.prefab
  artifactKey: Guid(b448470478f6a7e42b0332c634fc48d1) Importer(815301076,1909f56bfc062723c751e8b465ee728b)
Start importing Assets/CastlePack/Prefabs/WoodenBridgeHanddrails.prefab using Guid(b448470478f6a7e42b0332c634fc48d1) Importer(815301076,1909f56bfc062723c751e8b465ee728b)  -> (artifact id: 'a2a1deb4825a4328b0693d690d0ea171') in 0.020841 seconds 
Number of updated asset objects reloaded before import = 0
Number of asset objects unloaded after import = 14
========================================================================
Received Import Request.
  Time since last request: 48.156675 seconds.
  path: Assets/CastlePack/Prefabs/WallTorch.prefab
  artifactKey: Guid(b232a916ecbf39e4faf01d79be23f46e) Importer(815301076,1909f56bfc062723c751e8b465ee728b)
Start importing Assets/CastlePack/Prefabs/WallTorch.prefab using Guid(b232a916ecbf39e4faf01d79be23f46e) Importer(815301076,1909f56bfc062723c751e8b465ee728b)  -> (artifact id: '02bbd12b09753c72ef3d76ad82587989') in 0.012360 seconds 
Number of updated asset objects reloaded before import = 0
Number of asset objects unloaded after import = 9
========================================================================
Received Import Request.
  Time since last request: 640.304308 seconds.
  path: Assets/_TerrainAutoUpgrade/layer_grassHR2 023d3aba195e4d26ee.terrainlayer
  artifactKey: Guid(96baeb34191faed4eaf4b2b771ef69b9) Importer(815301076,1909f56bfc062723c751e8b465ee728b)
Start importing Assets/_TerrainAutoUpgrade/layer_grassHR2 023d3aba195e4d26ee.terrainlayer using Guid(96baeb34191faed4eaf4b2b771ef69b9) Importer(815301076,1909f56bfc062723c751e8b465ee728b)  -> (artifact id: '5a9115f469e665e094d959ec6a9f335c') in 0.013242 seconds 
Number of updated asset objects reloaded before import = 0
Number of asset objects unloaded after import = 1
========================================================================
Received Import Request.
  Time since last request: 0.003239 seconds.
  path: Assets/_TerrainAutoUpgrade/layer_GroundDirtColorGroundDirtNormal2023054508611406.terrainlayer
  artifactKey: Guid(30cf979cc8df8814ebf2cdfef024871d) Importer(815301076,1909f56bfc062723c751e8b465ee728b)
Start importing Assets/_TerrainAutoUpgrade/layer_GroundDirtColorGroundDirtNormal2023054508611406.terrainlayer using Guid(30cf979cc8df8814ebf2cdfef024871d) Importer(815301076,1909f56bfc062723c751e8b465ee728b)  -> (artifact id: 'c8e3d77bf98568c1105b554ec46b88d5') in 0.018985 seconds 
Number of updated asset objects reloaded before import = 0
Number of asset objects unloaded after import = 4
========================================================================
Received Import Request.
  Time since last request: 0.000022 seconds.
  path: Assets/_TerrainAutoUpgrade/layer_GroundSandColorGroundDirtNormal2023054508611406.terrainlayer
  artifactKey: Guid(0c1dc08ed38ba024384bb7d20b121763) Importer(815301076,1909f56bfc062723c751e8b465ee728b)
Start importing Assets/_TerrainAutoUpgrade/layer_GroundSandColorGroundDirtNormal2023054508611406.terrainlayer using Guid(0c1dc08ed38ba024384bb7d20b121763) Importer(815301076,1909f56bfc062723c751e8b465ee728b)  -> (artifact id: '9015a17216ebfd140e3e3a85d9d520ab') in 0.012443 seconds 
Number of updated asset objects reloaded before import = 0
Number of asset objects unloaded after import = 4
========================================================================
Received Import Request.
  Time since last request: 0.000023 seconds.
  path: Assets/_TerrainAutoUpgrade/layer_GroundGrassColorGroundDirtNormal2023054508611406.terrainlayer
  artifactKey: Guid(4b468cfdd7543014f9f8a0462736c8d9) Importer(815301076,1909f56bfc062723c751e8b465ee728b)
Start importing Assets/_TerrainAutoUpgrade/layer_GroundGrassColorGroundDirtNormal2023054508611406.terrainlayer using Guid(4b468cfdd7543014f9f8a0462736c8d9) Importer(815301076,1909f56bfc062723c751e8b465ee728b)  -> (artifact id: 'a678fc15a1fae54a4886173b98be1d1e') in 0.018047 seconds 
Number of updated asset objects reloaded before import = 0
Number of asset objects unloaded after import = 4
========================================================================
Received Import Request.
  Time since last request: 13.333422 seconds.
  path: Assets/_TerrainAutoUpgrade/layer_GroundTilesColorGroundTilesNormal793646612c42751.terrainlayer
  artifactKey: Guid(12069e850bc70f44caa0127b834789cb) Importer(815301076,1909f56bfc062723c751e8b465ee728b)
Start importing Assets/_TerrainAutoUpgrade/layer_GroundTilesColorGroundTilesNormal793646612c42751.terrainlayer using Guid(12069e850bc70f44caa0127b834789cb) Importer(815301076,1909f56bfc062723c751e8b465ee728b)  -> (artifact id: '7a596c63144c8e98e08e5e9aa2264aee') in 0.017603 seconds 
Number of updated asset objects reloaded before import = 0
Number of asset objects unloaded after import = 4
========================================================================
Received Import Request.
  Time since last request: 495.213288 seconds.
  path: Assets/CastlePack/Prefabs/Walls/Walllvl1Merged.prefab
  artifactKey: Guid(fc778686ae20c5b46a9b08f49cc001f0) Importer(815301076,1909f56bfc062723c751e8b465ee728b)
Start importing Assets/CastlePack/Prefabs/Walls/Walllvl1Merged.prefab using Guid(fc778686ae20c5b46a9b08f49cc001f0) Importer(815301076,1909f56bfc062723c751e8b465ee728b)  -> (artifact id: '23ba6cabcb5722a26e00867b34659b15') in 0.015325 seconds 
Number of updated asset objects reloaded before import = 0
Number of asset objects unloaded after import = 18
========================================================================
Received Import Request.
  Time since last request: 0.000024 seconds.
  path: Assets/CastlePack/Prefabs/Walls/Walllvl4Merged.prefab
  artifactKey: Guid(089ccc950571e0d4bbe659225cc09a99) Importer(815301076,1909f56bfc062723c751e8b465ee728b)
Start importing Assets/CastlePack/Prefabs/Walls/Walllvl4Merged.prefab using Guid(089ccc950571e0d4bbe659225cc09a99) Importer(815301076,1909f56bfc062723c751e8b465ee728b)  -> (artifact id: 'e766ec5050242275cc1a74117b3de819') in 0.019725 seconds 
Number of updated asset objects reloaded before import = 0
Number of asset objects unloaded after import = 31
========================================================================
Received Import Request.
  Time since last request: 0.000031 seconds.
  path: Assets/CastlePack/Prefabs/Walls/Walllvl6Merged.prefab
  artifactKey: Guid(d54a7223e9b4ca94fa75d1c0ee5298f9) Importer(815301076,1909f56bfc062723c751e8b465ee728b)
Start importing Assets/CastlePack/Prefabs/Walls/Walllvl6Merged.prefab using Guid(d54a7223e9b4ca94fa75d1c0ee5298f9) Importer(815301076,1909f56bfc062723c751e8b465ee728b)  -> (artifact id: '503b2fc36ddaf1838fea2e7838f38031') in 0.019643 seconds 
Number of updated asset objects reloaded before import = 0
Number of asset objects unloaded after import = 18
========================================================================
Received Import Request.
  Time since last request: 0.000027 seconds.
  path: Assets/CastlePack/Prefabs/Walls/Walllvl3Merged.prefab
  artifactKey: Guid(c06ccec7ef6698e449af722d59cb4025) Importer(815301076,1909f56bfc062723c751e8b465ee728b)
Start importing Assets/CastlePack/Prefabs/Walls/Walllvl3Merged.prefab using Guid(c06ccec7ef6698e449af722d59cb4025) Importer(815301076,1909f56bfc062723c751e8b465ee728b)  -> (artifact id: 'b1b32f075e6e16106012fe92390d4cba') in 0.033334 seconds 
Number of updated asset objects reloaded before import = 0
Number of asset objects unloaded after import = 31
========================================================================
Received Import Request.
  Time since last request: 403.736776 seconds.
  path: Assets/CastlePack/Prefabs/Walls/NewBrush.brush
  artifactKey: Guid(a243e47134f94384b83cf459532a1314) Importer(815301076,1909f56bfc062723c751e8b465ee728b)
Start importing Assets/CastlePack/Prefabs/Walls/NewBrush.brush using Guid(a243e47134f94384b83cf459532a1314) Importer(815301076,1909f56bfc062723c751e8b465ee728b)  -> (artifact id: '02ade3cc576e146860b226c90ca76f23') in 0.053348 seconds 
Number of updated asset objects reloaded before import = 0
Number of asset objects unloaded after import = 2
========================================================================
Received Import Request.
  Time since last request: 572.994726 seconds.
  path: Assets/BrokenVector/LowPolyBrickHouses/Textures/GroundSandColor.png
  artifactKey: Guid(ec8cde6f59db0f6479f5536bacba3e46) Importer(815301076,1909f56bfc062723c751e8b465ee728b)
Start importing Assets/BrokenVector/LowPolyBrickHouses/Textures/GroundSandColor.png using Guid(ec8cde6f59db0f6479f5536bacba3e46) Importer(815301076,1909f56bfc062723c751e8b465ee728b)  -> (artifact id: '1480a3de5b4f96182b4b9464a49e7a51') in 0.015870 seconds 
Number of updated asset objects reloaded before import = 0
Number of asset objects unloaded after import = 2
========================================================================
Received Import Request.
  Time since last request: 1.012853 seconds.
  path: Assets/BrokenVector/LowPolyBrickHouses/Textures/GroundDirtNormal.png
  artifactKey: Guid(ec99ae2a9a160514aa854d65810dafb2) Importer(815301076,1909f56bfc062723c751e8b465ee728b)
Start importing Assets/BrokenVector/LowPolyBrickHouses/Textures/GroundDirtNormal.png using Guid(ec99ae2a9a160514aa854d65810dafb2) Importer(815301076,1909f56bfc062723c751e8b465ee728b)  -> (artifact id: 'c3645d799c865e7cf8498fb7dbe2e128') in 0.013536 seconds 
Number of updated asset objects reloaded before import = 0
Number of asset objects unloaded after import = 2
========================================================================
Received Import Request.
  Time since last request: 432.483531 seconds.
  path: Assets/CastlePack/Prefabs/CornerWallsForExplosions
  artifactKey: Guid(7d49c4003e0f32e4197ec07f19ae59a2) Importer(815301076,1909f56bfc062723c751e8b465ee728b)
Start importing Assets/CastlePack/Prefabs/CornerWallsForExplosions using Guid(7d49c4003e0f32e4197ec07f19ae59a2) Importer(815301076,1909f56bfc062723c751e8b465ee728b)  -> (artifact id: '357fbd468b3832d915880fe2380d0be3') in 0.000674 seconds 
Number of updated asset objects reloaded before import = 0
Number of asset objects unloaded after import = 0
========================================================================
Received Import Request.
  Time since last request: 0.732908 seconds.
  path: Assets/CastlePack/Prefabs/Gates
  artifactKey: Guid(bca7bde7b2b8e804d8ef1f84a10a5f00) Importer(815301076,1909f56bfc062723c751e8b465ee728b)
Start importing Assets/CastlePack/Prefabs/Gates using Guid(bca7bde7b2b8e804d8ef1f84a10a5f00) Importer(815301076,1909f56bfc062723c751e8b465ee728b)  -> (artifact id: '0f21f7e450424246dfd85f3b1384e992') in 0.000594 seconds 
Number of updated asset objects reloaded before import = 0
Number of asset objects unloaded after import = 0
========================================================================
Received Import Request.
  Time since last request: 0.038114 seconds.
  path: Assets/CastlePack/Prefabs/Gates/WallEntrance.prefab
  artifactKey: Guid(18531afd2da2ba648ab9889dcb61db1b) Importer(815301076,1909f56bfc062723c751e8b465ee728b)
Start importing Assets/CastlePack/Prefabs/Gates/WallEntrance.prefab using Guid(18531afd2da2ba648ab9889dcb61db1b) Importer(815301076,1909f56bfc062723c751e8b465ee728b)  -> (artifact id: 'c70b0536e840d66ff4058eff7940f014') in 0.017438 seconds 
Number of updated asset objects reloaded before import = 0
Number of asset objects unloaded after import = 20
========================================================================
Received Import Request.
  Time since last request: 0.000551 seconds.
  path: Assets/CastlePack/Prefabs/Gates/WallGateHarrowDubleCircleTowers.prefab
  artifactKey: Guid(dc07df76fa6da5646a7b3a0c6a34dd86) Importer(815301076,1909f56bfc062723c751e8b465ee728b)
Start importing Assets/CastlePack/Prefabs/Gates/WallGateHarrowDubleCircleTowers.prefab using Guid(dc07df76fa6da5646a7b3a0c6a34dd86) Importer(815301076,1909f56bfc062723c751e8b465ee728b)  -> (artifact id: '3a01be0b973750a5c32aa32f245a284d') in 0.032447 seconds 
Number of updated asset objects reloaded before import = 0
Number of asset objects unloaded after import = 24
========================================================================
Received Import Request.
  Time since last request: 0.000027 seconds.
  path: Assets/CastlePack/Prefabs/Gates/WallGateHarrow.prefab
  artifactKey: Guid(2f47c00b23663ad40b0bd5e9f53d819f) Importer(815301076,1909f56bfc062723c751e8b465ee728b)
Start importing Assets/CastlePack/Prefabs/Gates/WallGateHarrow.prefab using Guid(2f47c00b23663ad40b0bd5e9f53d819f) Importer(815301076,1909f56bfc062723c751e8b465ee728b)  -> (artifact id: '6f6a5b957900c5f3f32b4af8e52b700a') in 0.019809 seconds 
Number of updated asset objects reloaded before import = 0
Number of asset objects unloaded after import = 18
========================================================================
Received Import Request.
  Time since last request: 0.000116 seconds.
  path: Assets/CastlePack/Prefabs/Gates/WallGateHarrowDuble.prefab
  artifactKey: Guid(c29228413037a8346abd105f159b80e0) Importer(815301076,1909f56bfc062723c751e8b465ee728b)
Start importing Assets/CastlePack/Prefabs/Gates/WallGateHarrowDuble.prefab using Guid(c29228413037a8346abd105f159b80e0) Importer(815301076,1909f56bfc062723c751e8b465ee728b)  -> (artifact id: 'cd8abe0d1130a268aead42a7f8f7bed3') in 0.025173 seconds 
Number of updated asset objects reloaded before import = 0
Number of asset objects unloaded after import = 24
========================================================================
Received Import Request.
  Time since last request: 0.000035 seconds.
  path: Assets/CastlePack/Prefabs/Gates/WallGateWithFillar.prefab
  artifactKey: Guid(85e6b5d9b0acdb243a2547788c2e48f0) Importer(815301076,1909f56bfc062723c751e8b465ee728b)
Start importing Assets/CastlePack/Prefabs/Gates/WallGateWithFillar.prefab using Guid(85e6b5d9b0acdb243a2547788c2e48f0) Importer(815301076,1909f56bfc062723c751e8b465ee728b)  -> (artifact id: '89154157cf86ebbb0ddf997a65428cd1') in 0.020424 seconds 
Number of updated asset objects reloaded before import = 0
Number of asset objects unloaded after import = 11
Editor requested this worker to shutdown with reason: Scaling down because of idle timeout
TcpMessagingSession - receive error: operation aborted. errorcode: 995, details: Lopration dentre/sortie a t abandonne en raison de larrt dun thread ou  la demande dune application.
AssetImportWorker is now disconnected from the server
Process exiting
Exiting without the bug reporter. Application will terminate with return code 0