Using pre-set license
Built from '2022.2/staging' branch; Version is '2022.2.5f1 (551d45108343) revision 5578053'; Using compiler version '192829333'; Build Type 'Release'
OS: 'Windows 11  (10.0.22621) 64bit Core' Language: 'fr' Physical Memory: 16163 MB
BatchMode: 1, IsHumanControllingUs: 0, StartBugReporterOnCrash: 0, Is64bit: 1, IsPro: 1

COMMAND LINE ARGUMENTS:
C:\Program Files\Unity\Hub\Editor\2022.2.5f1\Editor\Unity.exe
-adb2
-batchMode
-noUpm
-name
AssetImportWorker6
-projectPath
C:/Users/victo/OneDrive - EPITA/Documents/EPITA/Projet s2/ProjetS2/Projet S2
-logFile
Logs/AssetImportWorker6.log
-srvPort
60642
Successfully changed project path to: C:/Users/victo/OneDrive - EPITA/Documents/EPITA/Projet s2/ProjetS2/Projet S2
C:/Users/victo/OneDrive - EPITA/Documents/EPITA/Projet s2/ProjetS2/Projet S2
[UnityMemory] Configuration Parameters - Can be set up in boot.config
    "memorysetup-bucket-allocator-granularity=16"
    "memorysetup-bucket-allocator-bucket-count=8"
    "memorysetup-bucket-allocator-block-size=33554432"
    "memorysetup-bucket-allocator-block-count=8"
    "memorysetup-main-allocator-block-size=16777216"
    "memorysetup-thread-allocator-block-size=16777216"
    "memorysetup-gfx-main-allocator-block-size=16777216"
    "memorysetup-gfx-thread-allocator-block-size=16777216"
    "memorysetup-cache-allocator-block-size=4194304"
    "memorysetup-typetree-allocator-block-size=2097152"
    "memorysetup-profiler-bucket-allocator-granularity=16"
    "memorysetup-profiler-bucket-allocator-bucket-count=8"
    "memorysetup-profiler-bucket-allocator-block-size=33554432"
    "memorysetup-profiler-bucket-allocator-block-count=8"
    "memorysetup-profiler-allocator-block-size=16777216"
    "memorysetup-profiler-editor-allocator-block-size=1048576"
    "memorysetup-temp-allocator-size-main=16777216"
    "memorysetup-job-temp-allocator-block-size=2097152"
    "memorysetup-job-temp-allocator-block-size-background=1048576"
    "memorysetup-job-temp-allocator-reduction-small-platforms=262144"
    "memorysetup-temp-allocator-size-background-worker=32768"
    "memorysetup-temp-allocator-size-job-worker=262144"
    "memorysetup-temp-allocator-size-preload-manager=33554432"
    "memorysetup-temp-allocator-size-nav-mesh-worker=65536"
    "memorysetup-temp-allocator-size-audio-worker=65536"
    "memorysetup-temp-allocator-size-cloud-worker=32768"
    "memorysetup-temp-allocator-size-gi-baking-worker=262144"
    "memorysetup-temp-allocator-size-gfx=262144"
Player connection [20128] Host "[IP] 192.168.1.16 [Port] 0 [Flags] 2 [Guid] 1425506612 [EditorId] 1425506612 [Version] 1048832 [Id] WindowsEditor(7,PC-Victor) [Debug] 1 [PackageName] WindowsEditor [ProjectName] Editor" joined multi-casting on [225.0.0.222:54997]...

Player connection [20128] Host "[IP] 192.168.1.16 [Port] 0 [Flags] 2 [Guid] 1425506612 [EditorId] 1425506612 [Version] 1048832 [Id] WindowsEditor(7,PC-Victor) [Debug] 1 [PackageName] WindowsEditor [ProjectName] Editor" joined alternative multi-casting on [225.0.0.222:34997]...

Refreshing native plugins compatible for Editor in 116.70 ms, found 3 plugins.
Preloading 0 native plugins for Editor in 0.00 ms.
Initialize engine version: 2022.2.5f1 (551d45108343)
[Subsystems] Discovering subsystems at path C:/Program Files/Unity/Hub/Editor/2022.2.5f1/Editor/Data/Resources/UnitySubsystems
[Subsystems] Discovering subsystems at path C:/Users/victo/OneDrive - EPITA/Documents/EPITA/Projet s2/ProjetS2/Projet S2/Assets
GfxDevice: creating device client; threaded=0; jobified=0
Direct3D:
    Version:  Direct3D 11.0 [level 11.1]
    Renderer: Intel(R) Iris(R) Xe Graphics (ID=0x9a49)
    Vendor:   Intel
    VRAM:     8081 MB
    Driver:   30.0.101.1404
Initialize mono
Mono path[0] = 'C:/Program Files/Unity/Hub/Editor/2022.2.5f1/Editor/Data/Managed'
Mono path[1] = 'C:/Program Files/Unity/Hub/Editor/2022.2.5f1/Editor/Data/MonoBleedingEdge/lib/mono/unityjit-win32'
Mono config path = 'C:/Program Files/Unity/Hub/Editor/2022.2.5f1/Editor/Data/MonoBleedingEdge/etc'
Using monoOptions --debugger-agent=transport=dt_socket,embedding=1,server=y,suspend=n,address=127.0.0.1:56616
Begin MonoManager ReloadAssembly
Registering precompiled unity dll's ...
Register platform support module: C:/Program Files/Unity/Hub/Editor/2022.2.5f1/Editor/Data/PlaybackEngines/WindowsStandaloneSupport/UnityEditor.WindowsStandalone.Extensions.dll
Registered in 0.005723 seconds.
- Loaded All Assemblies, in  0.412 seconds
Native extension for WindowsStandalone target not found
Mono: successfully reloaded assembly
- Finished resetting the current domain, in  0.285 seconds
Domain Reload Profiling:
	ReloadAssembly (205ms)
		BeginReloadAssembly (81ms)
			ExecutionOrderSort (0ms)
			DisableScriptedObjects (0ms)
			BackupInstance (0ms)
			ReleaseScriptingObjects (0ms)
			CreateAndSetChildDomain (1ms)
		LoadAllAssembliesAndSetupDomain (0ms)
			LoadAssemblies (78ms)
			RebuildTransferFunctionScriptingTraits (0ms)
			SetupTypeCache (199ms)
				TypeCache.Initialize (198ms)
					TypeCache.ScanAssembly (196ms)
				ResolveRequiredComponents (0ms)
		FinalizeReload (0ms)
			ReleaseScriptCaches (0ms)
			RebuildScriptCaches (0ms)
			SetupLoadedEditorAssemblies (227ms)
				LogAssemblyErrors (0ms)
				InitializePlatformSupportModulesInManaged (8ms)
				SetLoadedEditorAssemblies (8ms)
				RefreshPlugins (0ms)
				BeforeProcessingInitializeOnLoad (1ms)
				ProcessInitializeOnLoadAttributes (157ms)
				ProcessInitializeOnLoadMethodAttributes (53ms)
				AfterProcessingInitializeOnLoad (0ms)
				EditorAssembliesLoaded (0ms)
			ExecutionOrderSort2 (0ms)
			AwakeInstancesAfterBackupRestoration (0ms)
========================================================================
Worker process is ready to serve import requests
Begin MonoManager ReloadAssembly
Symbol file LoadedFromMemory doesn't match image C:\Users\victo\OneDrive - EPITA\Documents\EPITA\Projet s2\ProjetS2\Projet S2\Library\PackageCache\com.unity.visualscripting@1.8.0\Editor\VisualScripting.Core\Dependencies\YamlDotNet\Unity.VisualScripting.YamlDotNet.dll
Symbol file LoadedFromMemory doesn't match image C:\Users\victo\OneDrive - EPITA\Documents\EPITA\Projet s2\ProjetS2\Projet S2\Library\PackageCache\com.unity.visualscripting@1.8.0\Editor\VisualScripting.Core\Dependencies\DotNetZip\Unity.VisualScripting.IonicZip.dll
- Loaded All Assemblies, in  1.325 seconds
Refreshing native plugins compatible for Editor in 16.68 ms, found 3 plugins.
Native extension for WindowsStandalone target not found
Mono: successfully reloaded assembly
- Finished resetting the current domain, in  0.767 seconds
Domain Reload Profiling:
	ReloadAssembly (214ms)
		BeginReloadAssembly (121ms)
			ExecutionOrderSort (0ms)
			DisableScriptedObjects (6ms)
			BackupInstance (0ms)
			ReleaseScriptingObjects (0ms)
			CreateAndSetChildDomain (24ms)
		LoadAllAssembliesAndSetupDomain (1109ms)
			LoadAssemblies (359ms)
			RebuildTransferFunctionScriptingTraits (0ms)
			SetupTypeCache (789ms)
				TypeCache.Initialize (397ms)
					TypeCache.ScanAssembly (387ms)
				ResolveRequiredComponents (11ms)
		FinalizeReload (0ms)
			ReleaseScriptCaches (0ms)
			RebuildScriptCaches (0ms)
			SetupLoadedEditorAssemblies (572ms)
				LogAssemblyErrors (0ms)
				InitializePlatformSupportModulesInManaged (5ms)
				SetLoadedEditorAssemblies (5ms)
				RefreshPlugins (0ms)
				BeforeProcessingInitializeOnLoad (80ms)
				ProcessInitializeOnLoadAttributes (309ms)
				ProcessInitializeOnLoadMethodAttributes (166ms)
				AfterProcessingInitializeOnLoad (6ms)
				EditorAssembliesLoaded (0ms)
			ExecutionOrderSort2 (0ms)
			AwakeInstancesAfterBackupRestoration (8ms)
Launched and connected shader compiler UnityShaderCompiler.exe after 0.06 seconds
Refreshing native plugins compatible for Editor in 12.59 ms, found 3 plugins.
Preloading 0 native plugins for Editor in 0.00 ms.
Unloading 4591 Unused Serialized files (Serialized files now loaded: 0)
Unloading 79 unused Assets / (0.59 GB). Loaded Objects now: 5044.
Memory consumption went from 0.71 GB to 126.4 MB.
Total: 11.071400 ms (FindLiveObjects: 0.503300 ms CreateObjectMapping: 0.247200 ms MarkObjects: 9.824000 ms  DeleteObjects: 0.494900 ms)

AssetImportParameters requested are different than current active one (requested -> active):
  custom:container-demuxer-ogg: 62fdf1f143b41e24485cea50d1cbac27 -> 
  custom:video-decoder-ogg-theora: a1e56fd34408186e4bbccfd4996cb3dc -> 
  custom:framework-win-MediaFoundation: 216162199b28c13a410421893ffa2e32 -> 
  custom:container-demuxer-webm: 4f35f7cbe854078d1ac9338744f61a02 -> 
  custom:container-muxer-webm: aa71ff27fc2769a1b78a27578f13a17b -> 
  custom:video-decoder-webm-vp8: 9c59270c3fd7afecdb556c50c9e8de78 -> 
  custom:AudioImporter_EditorPlatform: d09bf68614088b80899f8185d706f6e7 -> 
  custom:video-encoder-webm-vp8: eb34c28f22e8b96e1ab97ce403110664 -> 
  custom:audio-decoder-ogg-vorbis: bf7c407c2cedff20999df2af8eb42d56 -> 
  custom:audio-encoder-webm-vorbis: bf7c407c2cedff20999df2af8eb42d56 -> 
========================================================================
Received Import Request.
  Time since last request: 479549.690580 seconds.
  path: Assets/FloatingEntities/Shaders/test.mat
  artifactKey: Guid(b6df34d94da740445b2bd9eaf8655212) Importer(815301076,1909f56bfc062723c751e8b465ee728b)
Start importing Assets/FloatingEntities/Shaders/test.mat using Guid(b6df34d94da740445b2bd9eaf8655212) Importer(815301076,1909f56bfc062723c751e8b465ee728b)  -> (artifact id: '6948b5d57c7094eced9af01e3dec0383') in 0.172713 seconds 
Number of updated asset objects reloaded before import = 0
Number of asset objects unloaded after import = 1
========================================================================
Received Import Request.
  Time since last request: 6.896737 seconds.
  path: Assets/FloatingEntities/Models/Metal_drum/drum_ao.tga
  artifactKey: Guid(63373406f17f50f4f945b91cb2ba64fe) Importer(815301076,1909f56bfc062723c751e8b465ee728b)
Start importing Assets/FloatingEntities/Models/Metal_drum/drum_ao.tga using Guid(63373406f17f50f4f945b91cb2ba64fe) Importer(815301076,1909f56bfc062723c751e8b465ee728b)  -> (artifact id: '38c7af2ac4457ecf01e6fda56dbb9792') in 0.067763 seconds 
Number of updated asset objects reloaded before import = 0
Number of asset objects unloaded after import = 2
========================================================================
Received Import Request.
  Time since last request: 0.000080 seconds.
  path: Assets/FloatingEntities/Models/Metal_drum/mesh.FBX
  artifactKey: Guid(0ef1b923a99e5aa42b3417910350c3e3) Importer(815301076,1909f56bfc062723c751e8b465ee728b)
Start importing Assets/FloatingEntities/Models/Metal_drum/mesh.FBX using Guid(0ef1b923a99e5aa42b3417910350c3e3) Importer(815301076,1909f56bfc062723c751e8b465ee728b)  -> (artifact id: 'e4b1416c49b0a86863a3dd4a4a15f90c') in 0.212906 seconds 
Number of updated asset objects reloaded before import = 0
Number of asset objects unloaded after import = 7
========================================================================
Received Import Request.
  Time since last request: 14.216869 seconds.
  path: Assets/FloatingEntities/Models/NCGC_VAKTA/hull_proxy.FBX
  artifactKey: Guid(8ec5d0198ea7e184b91e68ad7a594e05) Importer(815301076,1909f56bfc062723c751e8b465ee728b)
Start importing Assets/FloatingEntities/Models/NCGC_VAKTA/hull_proxy.FBX using Guid(8ec5d0198ea7e184b91e68ad7a594e05) Importer(815301076,1909f56bfc062723c751e8b465ee728b)  -> (artifact id: 'ca67a82c45498c6a2b5c2c3d4b8495c3') in 0.070741 seconds 
Number of updated asset objects reloaded before import = 0
Number of asset objects unloaded after import = 7
========================================================================
Received Import Request.
  Time since last request: 2.919569 seconds.
  path: Assets/FloatingEntities/Models/NCGC_VAKTA/Materials/VAKTA_props.mat
  artifactKey: Guid(3184bec98636ed141aa2eb219fb84582) Importer(815301076,1909f56bfc062723c751e8b465ee728b)
Start importing Assets/FloatingEntities/Models/NCGC_VAKTA/Materials/VAKTA_props.mat using Guid(3184bec98636ed141aa2eb219fb84582) Importer(815301076,1909f56bfc062723c751e8b465ee728b)  -> (artifact id: 'a9d27c508bd167a2b67b80a5586357f3') in 0.073148 seconds 
Number of updated asset objects reloaded before import = 0
Number of asset objects unloaded after import = 5
========================================================================
Received Import Request.
  Time since last request: 43.715788 seconds.
  path: Assets/FloatingEntities/Models/NCGC_VAKTA/Materials/safety/safety_diff.tga
  artifactKey: Guid(72b0c0d534147b646b38c5e73e050b6d) Importer(815301076,1909f56bfc062723c751e8b465ee728b)
Start importing Assets/FloatingEntities/Models/NCGC_VAKTA/Materials/safety/safety_diff.tga using Guid(72b0c0d534147b646b38c5e73e050b6d) Importer(815301076,1909f56bfc062723c751e8b465ee728b)  -> (artifact id: '8506627fdce31544a9c7660bfcf5d342') in 0.035814 seconds 
Number of updated asset objects reloaded before import = 0
Number of asset objects unloaded after import = 2
========================================================================
Received Import Request.
  Time since last request: 0.000070 seconds.
  path: Assets/FloatingEntities/Models/NCGC_VAKTA/Materials/safety/safety_normal.tga
  artifactKey: Guid(1b3f12546e29820449a73ecdd8124096) Importer(815301076,1909f56bfc062723c751e8b465ee728b)
Start importing Assets/FloatingEntities/Models/NCGC_VAKTA/Materials/safety/safety_normal.tga using Guid(1b3f12546e29820449a73ecdd8124096) Importer(815301076,1909f56bfc062723c751e8b465ee728b)  -> (artifact id: 'a884778cbe9347e67df9cd91fd21009e') in 0.041800 seconds 
Number of updated asset objects reloaded before import = 0
Number of asset objects unloaded after import = 2
========================================================================
Received Import Request.
  Time since last request: 304.696751 seconds.
  path: Assets/Same Gev Dudios/Sci-Fi Robots Bundle/Textures/Catherine/Catherine Base Color.png
  artifactKey: Guid(b691ba6a97fcaf34f8502b726a4f3b9a) Importer(815301076,1909f56bfc062723c751e8b465ee728b)
Start importing Assets/Same Gev Dudios/Sci-Fi Robots Bundle/Textures/Catherine/Catherine Base Color.png using Guid(b691ba6a97fcaf34f8502b726a4f3b9a) Importer(815301076,1909f56bfc062723c751e8b465ee728b)  -> (artifact id: '53e7be1156c2453cb07592eb1ba5d139') in 0.021180 seconds 
Number of updated asset objects reloaded before import = 0
Number of asset objects unloaded after import = 2
========================================================================
Received Import Request.
  Time since last request: 0.005764 seconds.
  path: Assets/Assets de la map/Free_Rocks/_models/cliff_collider.fbx
  artifactKey: Guid(c6d85766e2e364d3fba28cab76d9bce5) Importer(815301076,1909f56bfc062723c751e8b465ee728b)
Start importing Assets/Assets de la map/Free_Rocks/_models/cliff_collider.fbx using Guid(c6d85766e2e364d3fba28cab76d9bce5) Importer(815301076,1909f56bfc062723c751e8b465ee728b)  -> (artifact id: '98e279646a902e31543c0de8558f404a') in 0.046285 seconds 
Number of updated asset objects reloaded before import = 0
Number of asset objects unloaded after import = 7
========================================================================
Received Import Request.
  Time since last request: 0.000040 seconds.
  path: Assets/BrokenVector/LowPolyRockPack/Textures/Colorsheet Rock Sand.png
  artifactKey: Guid(dd4ddf430e155f54cb27867f5a466c16) Importer(815301076,1909f56bfc062723c751e8b465ee728b)
Start importing Assets/BrokenVector/LowPolyRockPack/Textures/Colorsheet Rock Sand.png using Guid(dd4ddf430e155f54cb27867f5a466c16) Importer(815301076,1909f56bfc062723c751e8b465ee728b)  -> (artifact id: '7ead934531df6781d9bc8a34243db728') in 0.026803 seconds 
Number of updated asset objects reloaded before import = 0
Number of asset objects unloaded after import = 2
========================================================================
Received Import Request.
  Time since last request: 0.000037 seconds.
  path: Assets/Assets de la map/Arbres foret/LowPolyTreePack/Textures/Colorsheet Tree Cold.png
  artifactKey: Guid(ed297eb21cb5e5e4188600ba2d272554) Importer(815301076,1909f56bfc062723c751e8b465ee728b)
Start importing Assets/Assets de la map/Arbres foret/LowPolyTreePack/Textures/Colorsheet Tree Cold.png using Guid(ed297eb21cb5e5e4188600ba2d272554) Importer(815301076,1909f56bfc062723c751e8b465ee728b)  -> (artifact id: 'c776a63c5faa67ce903c0de0f1f02174') in 0.022599 seconds 
Number of updated asset objects reloaded before import = 0
Number of asset objects unloaded after import = 2
========================================================================
Received Import Request.
  Time since last request: 0.000056 seconds.
  path: Assets/Assets de la map/EmaceArt/Slavic World Free/Resources/LOD3/EA_Items_House_cauldron_01a.fbx
  artifactKey: Guid(18e6697db3d760b458f4b70bc98f7d15) Importer(815301076,1909f56bfc062723c751e8b465ee728b)
Start importing Assets/Assets de la map/EmaceArt/Slavic World Free/Resources/LOD3/EA_Items_House_cauldron_01a.fbx using Guid(18e6697db3d760b458f4b70bc98f7d15) Importer(815301076,1909f56bfc062723c751e8b465ee728b)  -> (artifact id: '847b7b785560e4b051517e3fb2a2b915') in 0.129558 seconds 
Number of updated asset objects reloaded before import = 0
Number of asset objects unloaded after import = 21
========================================================================
Received Import Request.
  Time since last request: 0.000260 seconds.
  path: Assets/Assets de la map/EmaceArt/Slavic World Free/Resources/LOD3/EA03_Prop_House_Door_01b.fbx
  artifactKey: Guid(b9652a66601e29a4c9a3b3195770dd85) Importer(815301076,1909f56bfc062723c751e8b465ee728b)
Start importing Assets/Assets de la map/EmaceArt/Slavic World Free/Resources/LOD3/EA03_Prop_House_Door_01b.fbx using Guid(b9652a66601e29a4c9a3b3195770dd85) Importer(815301076,1909f56bfc062723c751e8b465ee728b)  -> (artifact id: 'f116d1bd2e651aceaf3966984f4b1304') in 0.153450 seconds 
Number of updated asset objects reloaded before import = 0
Number of asset objects unloaded after import = 21
========================================================================
Received Import Request.
  Time since last request: 0.000035 seconds.
  path: Assets/Assets de la map/EmaceArt/Slavic World Free/Resources/LOD4/EA03_Village_Hut_Wall_Front_02d.fbx
  artifactKey: Guid(13bb0042dbcee09478650939e9f2d958) Importer(815301076,1909f56bfc062723c751e8b465ee728b)
Start importing Assets/Assets de la map/EmaceArt/Slavic World Free/Resources/LOD4/EA03_Village_Hut_Wall_Front_02d.fbx using Guid(13bb0042dbcee09478650939e9f2d958) Importer(815301076,1909f56bfc062723c751e8b465ee728b)  -> (artifact id: '4bfe2bd2149aaf8934d8b1c8f1e24ef0') in 0.130530 seconds 
Number of updated asset objects reloaded before import = 0
Number of asset objects unloaded after import = 21
========================================================================
Received Import Request.
  Time since last request: 0.000039 seconds.
  path: Assets/Assets de la map/EmaceArt/Slavic World Free/Resources/LOD3/EA03_Prop_Pier_03d.fbx
  artifactKey: Guid(59e498c8b581e6941a0e1631a78dbe85) Importer(815301076,1909f56bfc062723c751e8b465ee728b)
Start importing Assets/Assets de la map/EmaceArt/Slavic World Free/Resources/LOD3/EA03_Prop_Pier_03d.fbx using Guid(59e498c8b581e6941a0e1631a78dbe85) Importer(815301076,1909f56bfc062723c751e8b465ee728b)  -> (artifact id: '5fe13cdc512b9c39889d01ffa138c6ab') in 0.168308 seconds 
Number of updated asset objects reloaded before import = 0
Number of asset objects unloaded after import = 21
========================================================================
Received Import Request.
  Time since last request: 0.000029 seconds.
  path: Assets/Assets de la map/EmaceArt/Slavic World Free/Resources/LOD3/EA_Items_House_bowl_wod_powder_01a.fbx
  artifactKey: Guid(90aa71f5e770f204599d5838b0a54704) Importer(815301076,1909f56bfc062723c751e8b465ee728b)
Start importing Assets/Assets de la map/EmaceArt/Slavic World Free/Resources/LOD3/EA_Items_House_bowl_wod_powder_01a.fbx using Guid(90aa71f5e770f204599d5838b0a54704) Importer(815301076,1909f56bfc062723c751e8b465ee728b)  -> (artifact id: 'ee9ec68314b4008a0b801f02152d3b9a') in 0.140662 seconds 
Number of updated asset objects reloaded before import = 0
Number of asset objects unloaded after import = 21
========================================================================
Received Import Request.
  Time since last request: 0.000052 seconds.
  path: Assets/Assets de la map/EmaceArt/Slavic World Free/Resources/LOD3/EA03_Village_Hut_Foundation_02b.fbx
  artifactKey: Guid(a39e54eda47beb84daec65dffc50bd71) Importer(815301076,1909f56bfc062723c751e8b465ee728b)
Start importing Assets/Assets de la map/EmaceArt/Slavic World Free/Resources/LOD3/EA03_Village_Hut_Foundation_02b.fbx using Guid(a39e54eda47beb84daec65dffc50bd71) Importer(815301076,1909f56bfc062723c751e8b465ee728b)  -> (artifact id: '48678dfaa9306729be6d537b0344f33e') in 0.138292 seconds 
Number of updated asset objects reloaded before import = 0
Number of asset objects unloaded after import = 21
========================================================================
Received Import Request.
  Time since last request: 0.000041 seconds.
  path: Assets/Assets de la map/EmaceArt/Slavic World Free/Resources/LOD3/EA_Items_House_bowl_wod_2.fbx
  artifactKey: Guid(d390f7be5d30cac429d05cc9fdea3abb) Importer(815301076,1909f56bfc062723c751e8b465ee728b)
Start importing Assets/Assets de la map/EmaceArt/Slavic World Free/Resources/LOD3/EA_Items_House_bowl_wod_2.fbx using Guid(d390f7be5d30cac429d05cc9fdea3abb) Importer(815301076,1909f56bfc062723c751e8b465ee728b)  -> (artifact id: '3e9aa599800b3c74d9627563a91be5f0') in 0.157105 seconds 
Number of updated asset objects reloaded before import = 0
Number of asset objects unloaded after import = 21
========================================================================
Received Import Request.
  Time since last request: 0.000032 seconds.
  path: Assets/Assets de la map/EmaceArt/Slavic World Free/Resources/LOD3/EA03_Prop_Stool_02a.fbx
  artifactKey: Guid(c05b38c4cb6d56443af89f2587f8a3b8) Importer(815301076,1909f56bfc062723c751e8b465ee728b)
Start importing Assets/Assets de la map/EmaceArt/Slavic World Free/Resources/LOD3/EA03_Prop_Stool_02a.fbx using Guid(c05b38c4cb6d56443af89f2587f8a3b8) Importer(815301076,1909f56bfc062723c751e8b465ee728b)  -> (artifact id: 'dad152dbd25e3a6cdab7e3efeaf8d3c9') in 0.147730 seconds 
Number of updated asset objects reloaded before import = 0
Number of asset objects unloaded after import = 21
========================================================================
Received Import Request.
  Time since last request: 0.000036 seconds.
  path: Assets/Assets de la map/EmaceArt/Slavic World Free/Resources/LOD3/EA03_Prop_House_Shelf_02c.fbx
  artifactKey: Guid(d5c62c647c224aa48b7726a6d4a8afdf) Importer(815301076,1909f56bfc062723c751e8b465ee728b)
Start importing Assets/Assets de la map/EmaceArt/Slavic World Free/Resources/LOD3/EA03_Prop_House_Shelf_02c.fbx using Guid(d5c62c647c224aa48b7726a6d4a8afdf) Importer(815301076,1909f56bfc062723c751e8b465ee728b)  -> (artifact id: '813a2244ce74ef9b4fa51262601a7f73') in 0.136644 seconds 
Number of updated asset objects reloaded before import = 0
Number of asset objects unloaded after import = 21
========================================================================
Received Import Request.
  Time since last request: 0.000045 seconds.
  path: Assets/Assets de la map/EmaceArt/Slavic World Free/Resources/LOD3/EA_Items_House_bowl_wod.fbx
  artifactKey: Guid(12da85f96e7b10748997a139f608eaef) Importer(815301076,1909f56bfc062723c751e8b465ee728b)
Start importing Assets/Assets de la map/EmaceArt/Slavic World Free/Resources/LOD3/EA_Items_House_bowl_wod.fbx using Guid(12da85f96e7b10748997a139f608eaef) Importer(815301076,1909f56bfc062723c751e8b465ee728b)  -> (artifact id: '5a4817332e20eed2526cd51755035821') in 0.141651 seconds 
Number of updated asset objects reloaded before import = 0
Number of asset objects unloaded after import = 21
========================================================================
Received Import Request.
  Time since last request: 0.000031 seconds.
  path: Assets/Assets de la map/Arbres foret/LowPolyTreePack/Textures/Colorsheet Tree Dry.png
  artifactKey: Guid(9236635f319ab034fa33215e8eaa903a) Importer(815301076,1909f56bfc062723c751e8b465ee728b)
Start importing Assets/Assets de la map/Arbres foret/LowPolyTreePack/Textures/Colorsheet Tree Dry.png using Guid(9236635f319ab034fa33215e8eaa903a) Importer(815301076,1909f56bfc062723c751e8b465ee728b)  -> (artifact id: '01d34f7f7c90f91ed85d8f1cc93d4ab3') in 0.040497 seconds 
Number of updated asset objects reloaded before import = 0
Number of asset objects unloaded after import = 2
========================================================================
Received Import Request.
  Time since last request: 0.000031 seconds.
  path: Assets/Assets de la map/EmaceArt/Slavic World Free/Resources/LOD3/EA03_Prop_Town_Bench_01b.fbx
  artifactKey: Guid(8647ab6061606654c8ae1905d1949196) Importer(815301076,1909f56bfc062723c751e8b465ee728b)
Start importing Assets/Assets de la map/EmaceArt/Slavic World Free/Resources/LOD3/EA03_Prop_Town_Bench_01b.fbx using Guid(8647ab6061606654c8ae1905d1949196) Importer(815301076,1909f56bfc062723c751e8b465ee728b)  -> (artifact id: '30969d0aaea3783b579517fa7b21dd1e') in 0.170796 seconds 
Number of updated asset objects reloaded before import = 0
Number of asset objects unloaded after import = 21
========================================================================
Received Import Request.
  Time since last request: 0.000171 seconds.
  path: Assets/Assets de la map/Free_Rocks/_models/rock1_collider.fbx
  artifactKey: Guid(ef4dd147aed784fc2968d63b72857249) Importer(815301076,1909f56bfc062723c751e8b465ee728b)
Start importing Assets/Assets de la map/Free_Rocks/_models/rock1_collider.fbx using Guid(ef4dd147aed784fc2968d63b72857249) Importer(815301076,1909f56bfc062723c751e8b465ee728b)  -> (artifact id: '08115fd9f29af2cbd6156e81ba6ae2ee') in 0.036959 seconds 
Number of updated asset objects reloaded before import = 0
Number of asset objects unloaded after import = 7
========================================================================
Received Import Request.
  Time since last request: 0.000167 seconds.
  path: Assets/Assets de la map/Free_Rocks/_models/rock3_collider.fbx
  artifactKey: Guid(3ef8684d8b49f4d189bd2824374f328a) Importer(815301076,1909f56bfc062723c751e8b465ee728b)
Start importing Assets/Assets de la map/Free_Rocks/_models/rock3_collider.fbx using Guid(3ef8684d8b49f4d189bd2824374f328a) Importer(815301076,1909f56bfc062723c751e8b465ee728b)  -> (artifact id: '6c7215c22f219cd1c679823778bdb539') in 0.061134 seconds 
Number of updated asset objects reloaded before import = 0
Number of asset objects unloaded after import = 7
========================================================================
Received Import Request.
  Time since last request: 0.000043 seconds.
  path: Assets/Assets de la map/EmaceArt/Slavic World Free/Resources/LOD3/EA03_Prop_Container_Crate_03a.fbx
  artifactKey: Guid(bc95e47ba4b19a24db9583856173a412) Importer(815301076,1909f56bfc062723c751e8b465ee728b)
Start importing Assets/Assets de la map/EmaceArt/Slavic World Free/Resources/LOD3/EA03_Prop_Container_Crate_03a.fbx using Guid(bc95e47ba4b19a24db9583856173a412) Importer(815301076,1909f56bfc062723c751e8b465ee728b)  -> (artifact id: '26bb89e62f59ccc16eae601f79582e30') in 0.160412 seconds 
Number of updated asset objects reloaded before import = 0
Number of asset objects unloaded after import = 21
========================================================================
Received Import Request.
  Time since last request: 0.000039 seconds.
  path: Assets/Prefab/Compass/CLOCK_ARROW HOUR_BaseColor.png
  artifactKey: Guid(0ac63078552256b47a9576c3c58d618d) Importer(815301076,1909f56bfc062723c751e8b465ee728b)
Start importing Assets/Prefab/Compass/CLOCK_ARROW HOUR_BaseColor.png using Guid(0ac63078552256b47a9576c3c58d618d) Importer(815301076,1909f56bfc062723c751e8b465ee728b)  -> (artifact id: '18edbdbc76fc361b335590850cf7caf9') in 0.057841 seconds 
Number of updated asset objects reloaded before import = 0
Number of asset objects unloaded after import = 2
========================================================================
Received Import Request.
  Time since last request: 0.000043 seconds.
  path: Assets/Assets de la map/EmaceArt/Slavic World Free/Resources/LOD3/EA03_Prop_Tabble_02a.fbx
  artifactKey: Guid(f4ce1aacfc1c4fe458d340af857e9d79) Importer(815301076,1909f56bfc062723c751e8b465ee728b)
Start importing Assets/Assets de la map/EmaceArt/Slavic World Free/Resources/LOD3/EA03_Prop_Tabble_02a.fbx using Guid(f4ce1aacfc1c4fe458d340af857e9d79) Importer(815301076,1909f56bfc062723c751e8b465ee728b)  -> (artifact id: 'b5c703e13e6893e21b62f0715bf5705d') in 0.150258 seconds 
Number of updated asset objects reloaded before import = 0
Number of asset objects unloaded after import = 21
========================================================================
Received Import Request.
  Time since last request: 0.000032 seconds.
  path: Assets/Assets de la map/Arbres foret/LowPolyTreePack/Textures/Colorsheet Tree Normal.png
  artifactKey: Guid(8ba8b94b5ab0c214fa2810a7df98a1a9) Importer(815301076,1909f56bfc062723c751e8b465ee728b)
Start importing Assets/Assets de la map/Arbres foret/LowPolyTreePack/Textures/Colorsheet Tree Normal.png using Guid(8ba8b94b5ab0c214fa2810a7df98a1a9) Importer(815301076,1909f56bfc062723c751e8b465ee728b)  -> (artifact id: '4a13d85b64624e298e1cc49f969ddb5c') in 0.038135 seconds 
Number of updated asset objects reloaded before import = 0
Number of asset objects unloaded after import = 2
========================================================================
Received Import Request.
  Time since last request: 0.000034 seconds.
  path: Assets/Assets de la map/Free_Rocks/Standard Assets/Effects/ImageEffects/Textures/color correction ramp.png
  artifactKey: Guid(d440902fad11e807d00044888d76c639) Importer(815301076,1909f56bfc062723c751e8b465ee728b)
Start importing Assets/Assets de la map/Free_Rocks/Standard Assets/Effects/ImageEffects/Textures/color correction ramp.png using Guid(d440902fad11e807d00044888d76c639) Importer(815301076,1909f56bfc062723c751e8b465ee728b)  -> (artifact id: '00329972829aada7d811ad27a6905427') in 0.037250 seconds 
Number of updated asset objects reloaded before import = 0
Number of asset objects unloaded after import = 2
========================================================================
Received Import Request.
  Time since last request: 0.000043 seconds.
  path: Assets/Assets de la map/EmaceArt/Slavic World Free/Resources/LOD3/EA_Items_House_mug_01b.fbx
  artifactKey: Guid(9ed8f0123ad60624e87f3ddcd0949986) Importer(815301076,1909f56bfc062723c751e8b465ee728b)
Start importing Assets/Assets de la map/EmaceArt/Slavic World Free/Resources/LOD3/EA_Items_House_mug_01b.fbx using Guid(9ed8f0123ad60624e87f3ddcd0949986) Importer(815301076,1909f56bfc062723c751e8b465ee728b)  -> (artifact id: '7f45b97fc39c8f555eb7c207fb7edcf5') in 0.148018 seconds 
Number of updated asset objects reloaded before import = 0
Number of asset objects unloaded after import = 21
========================================================================
Received Import Request.
  Time since last request: 0.000055 seconds.
  path: Assets/Assets de la map/EmaceArt/Slavic World Free/Resources/LOD3/EA03_Prop_Town_AnimalSkin_01c.fbx
  artifactKey: Guid(e9a9eff224f379e4ab249584f7ed4a0b) Importer(815301076,1909f56bfc062723c751e8b465ee728b)
Start importing Assets/Assets de la map/EmaceArt/Slavic World Free/Resources/LOD3/EA03_Prop_Town_AnimalSkin_01c.fbx using Guid(e9a9eff224f379e4ab249584f7ed4a0b) Importer(815301076,1909f56bfc062723c751e8b465ee728b)  -> (artifact id: 'ef854cbca8bf91e84d82aeaced47ba65') in 0.175756 seconds 
Number of updated asset objects reloaded before import = 0
Number of asset objects unloaded after import = 21
========================================================================
Received Import Request.
  Time since last request: 0.000698 seconds.
  path: Assets/Assets de la map/EmaceArt/Slavic World Free/Resources/LOD3/EA_Items_House_cauldron_01d.fbx
  artifactKey: Guid(d586b1c8084ec0f41a977d8fcc404990) Importer(815301076,1909f56bfc062723c751e8b465ee728b)
Start importing Assets/Assets de la map/EmaceArt/Slavic World Free/Resources/LOD3/EA_Items_House_cauldron_01d.fbx using Guid(d586b1c8084ec0f41a977d8fcc404990) Importer(815301076,1909f56bfc062723c751e8b465ee728b)  -> (artifact id: '321f968665d009c2e155172c34b5ba0f') in 0.144879 seconds 
Number of updated asset objects reloaded before import = 0
Number of asset objects unloaded after import = 21
========================================================================
Received Import Request.
  Time since last request: 0.000038 seconds.
  path: Assets/Assets de la map/EmaceArt/Slavic World Free/Resources/LOD3/EA_Items_House_cauldron_soup_01a.fbx
  artifactKey: Guid(eb40964df52421b4eb9f339426df2791) Importer(815301076,1909f56bfc062723c751e8b465ee728b)
Start importing Assets/Assets de la map/EmaceArt/Slavic World Free/Resources/LOD3/EA_Items_House_cauldron_soup_01a.fbx using Guid(eb40964df52421b4eb9f339426df2791) Importer(815301076,1909f56bfc062723c751e8b465ee728b)  -> (artifact id: 'a69b2ed26c797b0148f712c1a5d4a51a') in 0.160425 seconds 
Number of updated asset objects reloaded before import = 0
Number of asset objects unloaded after import = 21
========================================================================
Received Import Request.
  Time since last request: 0.000045 seconds.
  path: Assets/Prefab/Compass/CLOCK_BOLTS_BaseColor.png
  artifactKey: Guid(e07470c75df5e7e47bde9bbe88479dd6) Importer(815301076,1909f56bfc062723c751e8b465ee728b)
Start importing Assets/Prefab/Compass/CLOCK_BOLTS_BaseColor.png using Guid(e07470c75df5e7e47bde9bbe88479dd6) Importer(815301076,1909f56bfc062723c751e8b465ee728b)  -> (artifact id: '60de4ce6a1542d24362340d540e835a6') in 0.081625 seconds 
Number of updated asset objects reloaded before import = 0
Number of asset objects unloaded after import = 2
========================================================================
Received Import Request.
  Time since last request: 0.000039 seconds.
  path: Assets/Assets de la map/EmaceArt/Slavic World Free/Resources/LOD3/EA03_Prop_Town_Bench_01a.fbx
  artifactKey: Guid(1fbffa5408e364f4f81ae10cf69ba3cd) Importer(815301076,1909f56bfc062723c751e8b465ee728b)
Start importing Assets/Assets de la map/EmaceArt/Slavic World Free/Resources/LOD3/EA03_Prop_Town_Bench_01a.fbx using Guid(1fbffa5408e364f4f81ae10cf69ba3cd) Importer(815301076,1909f56bfc062723c751e8b465ee728b)  -> (artifact id: '540436707353a52e58986ba755a671cb') in 0.136611 seconds 
Number of updated asset objects reloaded before import = 0
Number of asset objects unloaded after import = 21
========================================================================
Received Import Request.
  Time since last request: 0.000059 seconds.
  path: Assets/Assets de la map/EmaceArt/Slavic World Free/Resources/LOD3/EA03_Prop_Crate_Under_Ceiling_01b.fbx
  artifactKey: Guid(25630030e2eaee246b24778a07935e05) Importer(815301076,1909f56bfc062723c751e8b465ee728b)
Start importing Assets/Assets de la map/EmaceArt/Slavic World Free/Resources/LOD3/EA03_Prop_Crate_Under_Ceiling_01b.fbx using Guid(25630030e2eaee246b24778a07935e05) Importer(815301076,1909f56bfc062723c751e8b465ee728b)  -> (artifact id: '79aa96a5a44fe1f38d3dfb42271f9be1') in 0.184364 seconds 
Number of updated asset objects reloaded before import = 0
Number of asset objects unloaded after import = 21
========================================================================
Received Import Request.
  Time since last request: 0.000104 seconds.
  path: Assets/Assets de la map/EmaceArt/Slavic World Free/Resources/LOD3/EA03_Prop_Pier_04c.fbx
  artifactKey: Guid(5153584280d4f054389a1d693186807b) Importer(815301076,1909f56bfc062723c751e8b465ee728b)
Start importing Assets/Assets de la map/EmaceArt/Slavic World Free/Resources/LOD3/EA03_Prop_Pier_04c.fbx using Guid(5153584280d4f054389a1d693186807b) Importer(815301076,1909f56bfc062723c751e8b465ee728b)  -> (artifact id: '10ae455b44824f9e74471bf9bb67d333') in 0.144864 seconds 
Number of updated asset objects reloaded before import = 0
Number of asset objects unloaded after import = 21
========================================================================
Received Import Request.
  Time since last request: 0.000083 seconds.
  path: Assets/Assets de la map/EmaceArt/Slavic World Free/Resources/LOD4/EA03_Village_Hut_Ceiling_01e.fbx
  artifactKey: Guid(de708639cc9e7e2429d0f70d6792357f) Importer(815301076,1909f56bfc062723c751e8b465ee728b)
Start importing Assets/Assets de la map/EmaceArt/Slavic World Free/Resources/LOD4/EA03_Village_Hut_Ceiling_01e.fbx using Guid(de708639cc9e7e2429d0f70d6792357f) Importer(815301076,1909f56bfc062723c751e8b465ee728b)  -> (artifact id: '5e6a9064630dcd181e952716a579054a') in 0.153241 seconds 
Number of updated asset objects reloaded before import = 0
Number of asset objects unloaded after import = 26
========================================================================
Received Import Request.
  Time since last request: 12.087666 seconds.
  path: Assets/Photon/PhotonUnityNetworking/Demos/DemoSlotRacer/Resources/Player Controller.prefab
  artifactKey: Guid(c9248d8e58293473bb27cf2f5505f88b) Importer(815301076,1909f56bfc062723c751e8b465ee728b)
Start importing Assets/Photon/PhotonUnityNetworking/Demos/DemoSlotRacer/Resources/Player Controller.prefab using Guid(c9248d8e58293473bb27cf2f5505f88b) Importer(815301076,1909f56bfc062723c751e8b465ee728b)  -> (artifact id: 'e364fc29971eabac4707d384b4e135ee') in 0.061794 seconds 
Number of updated asset objects reloaded before import = 0
Number of asset objects unloaded after import = 307
========================================================================
Received Prepare
Begin MonoManager ReloadAssembly
Symbol file LoadedFromMemory doesn't match image C:\Users\victo\OneDrive - EPITA\Documents\EPITA\Projet s2\ProjetS2\Projet S2\Library\PackageCache\com.unity.visualscripting@1.8.0\Editor\VisualScripting.Core\Dependencies\YamlDotNet\Unity.VisualScripting.YamlDotNet.dll
Symbol file LoadedFromMemory doesn't match image C:\Users\victo\OneDrive - EPITA\Documents\EPITA\Projet s2\ProjetS2\Projet S2\Library\PackageCache\com.unity.visualscripting@1.8.0\Editor\VisualScripting.Core\Dependencies\DotNetZip\Unity.VisualScripting.IonicZip.dll
- Loaded All Assemblies, in  1.516 seconds
Refreshing native plugins compatible for Editor in 16.84 ms, found 3 plugins.
Native extension for WindowsStandalone target not found
Mono: successfully reloaded assembly
- Finished resetting the current domain, in  1.275 seconds
Domain Reload Profiling:
	ReloadAssembly (347ms)
		BeginReloadAssembly (218ms)
			ExecutionOrderSort (0ms)
			DisableScriptedObjects (9ms)
			BackupInstance (0ms)
			ReleaseScriptingObjects (0ms)
			CreateAndSetChildDomain (77ms)
		LoadAllAssembliesAndSetupDomain (1164ms)
			LoadAssemblies (466ms)
			RebuildTransferFunctionScriptingTraits (0ms)
			SetupTypeCache (775ms)
				TypeCache.Initialize (393ms)
					TypeCache.ScanAssembly (385ms)
				ResolveRequiredComponents (13ms)
		FinalizeReload (0ms)
			ReleaseScriptCaches (0ms)
			RebuildScriptCaches (0ms)
			SetupLoadedEditorAssemblies (630ms)
				LogAssemblyErrors (0ms)
				InitializePlatformSupportModulesInManaged (5ms)
				SetLoadedEditorAssemblies (5ms)
				RefreshPlugins (0ms)
				BeforeProcessingInitializeOnLoad (87ms)
				ProcessInitializeOnLoadAttributes (353ms)
				ProcessInitializeOnLoadMethodAttributes (170ms)
				AfterProcessingInitializeOnLoad (9ms)
				EditorAssembliesLoaded (0ms)
			ExecutionOrderSort2 (0ms)
			AwakeInstancesAfterBackupRestoration (13ms)
Refreshing native plugins compatible for Editor in 17.32 ms, found 3 plugins.
Preloading 0 native plugins for Editor in 0.00 ms.
Unloading 4491 Unused Serialized files (Serialized files now loaded: 0)
Unloading 68 unused Assets / (378.6 KB). Loaded Objects now: 5100.
Memory consumption went from 0.69 GB to 0.69 GB.
Total: 7.727600 ms (FindLiveObjects: 0.416900 ms CreateObjectMapping: 0.193700 ms MarkObjects: 6.714000 ms  DeleteObjects: 0.401700 ms)

Prepare: number of updated asset objects reloaded= 0
AssetImportParameters requested are different than current active one (requested -> active):
  custom:container-demuxer-ogg: 62fdf1f143b41e24485cea50d1cbac27 -> 
  custom:video-decoder-ogg-theora: a1e56fd34408186e4bbccfd4996cb3dc -> 
  custom:framework-win-MediaFoundation: 216162199b28c13a410421893ffa2e32 -> 
  custom:container-demuxer-webm: 4f35f7cbe854078d1ac9338744f61a02 -> 
  custom:container-muxer-webm: aa71ff27fc2769a1b78a27578f13a17b -> 
  custom:video-decoder-webm-vp8: 9c59270c3fd7afecdb556c50c9e8de78 -> 
  custom:AudioImporter_EditorPlatform: d09bf68614088b80899f8185d706f6e7 -> 
  custom:video-encoder-webm-vp8: eb34c28f22e8b96e1ab97ce403110664 -> 
  custom:audio-decoder-ogg-vorbis: bf7c407c2cedff20999df2af8eb42d56 -> 
  custom:audio-encoder-webm-vorbis: bf7c407c2cedff20999df2af8eb42d56 -> 
========================================================================
Received Prepare
Begin MonoManager ReloadAssembly
Symbol file LoadedFromMemory doesn't match image C:\Users\victo\OneDrive - EPITA\Documents\EPITA\Projet s2\ProjetS2\Projet S2\Library\PackageCache\com.unity.visualscripting@1.8.0\Editor\VisualScripting.Core\Dependencies\YamlDotNet\Unity.VisualScripting.YamlDotNet.dll
Symbol file LoadedFromMemory doesn't match image C:\Users\victo\OneDrive - EPITA\Documents\EPITA\Projet s2\ProjetS2\Projet S2\Library\PackageCache\com.unity.visualscripting@1.8.0\Editor\VisualScripting.Core\Dependencies\DotNetZip\Unity.VisualScripting.IonicZip.dll
- Loaded All Assemblies, in  1.539 seconds
Refreshing native plugins compatible for Editor in 17.03 ms, found 3 plugins.
Native extension for WindowsStandalone target not found
Mono: successfully reloaded assembly
- Finished resetting the current domain, in  1.294 seconds
Domain Reload Profiling:
	ReloadAssembly (314ms)
		BeginReloadAssembly (206ms)
			ExecutionOrderSort (0ms)
			DisableScriptedObjects (9ms)
			BackupInstance (0ms)
			ReleaseScriptingObjects (0ms)
			CreateAndSetChildDomain (69ms)
		LoadAllAssembliesAndSetupDomain (1222ms)
			LoadAssemblies (493ms)
			RebuildTransferFunctionScriptingTraits (0ms)
			SetupTypeCache (802ms)
				TypeCache.Initialize (416ms)
					TypeCache.ScanAssembly (403ms)
				ResolveRequiredComponents (12ms)
		FinalizeReload (0ms)
			ReleaseScriptCaches (0ms)
			RebuildScriptCaches (0ms)
			SetupLoadedEditorAssemblies (672ms)
				LogAssemblyErrors (0ms)
				InitializePlatformSupportModulesInManaged (9ms)
				SetLoadedEditorAssemblies (8ms)
				RefreshPlugins (0ms)
				BeforeProcessingInitializeOnLoad (110ms)
				ProcessInitializeOnLoadAttributes (343ms)
				ProcessInitializeOnLoadMethodAttributes (195ms)
				AfterProcessingInitializeOnLoad (6ms)
				EditorAssembliesLoaded (0ms)
			ExecutionOrderSort2 (0ms)
			AwakeInstancesAfterBackupRestoration (13ms)
Refreshing native plugins compatible for Editor in 13.10 ms, found 3 plugins.
Preloading 0 native plugins for Editor in 0.00 ms.
Unloading 4491 Unused Serialized files (Serialized files now loaded: 0)
Unloading 68 unused Assets / (378.7 KB). Loaded Objects now: 5104.
Memory consumption went from 0.69 GB to 0.69 GB.
Total: 6.452000 ms (FindLiveObjects: 0.442900 ms CreateObjectMapping: 0.195100 ms MarkObjects: 5.492200 ms  DeleteObjects: 0.320100 ms)

Prepare: number of updated asset objects reloaded= 0
AssetImportParameters requested are different than current active one (requested -> active):
  custom:container-demuxer-ogg: 62fdf1f143b41e24485cea50d1cbac27 -> 
  custom:video-decoder-ogg-theora: a1e56fd34408186e4bbccfd4996cb3dc -> 
  custom:framework-win-MediaFoundation: 216162199b28c13a410421893ffa2e32 -> 
  custom:container-demuxer-webm: 4f35f7cbe854078d1ac9338744f61a02 -> 
  custom:container-muxer-webm: aa71ff27fc2769a1b78a27578f13a17b -> 
  custom:video-decoder-webm-vp8: 9c59270c3fd7afecdb556c50c9e8de78 -> 
  custom:AudioImporter_EditorPlatform: d09bf68614088b80899f8185d706f6e7 -> 
  custom:video-encoder-webm-vp8: eb34c28f22e8b96e1ab97ce403110664 -> 
  custom:audio-decoder-ogg-vorbis: bf7c407c2cedff20999df2af8eb42d56 -> 
  custom:audio-encoder-webm-vorbis: bf7c407c2cedff20999df2af8eb42d56 -> 
========================================================================
Received Prepare
Begin MonoManager ReloadAssembly
Symbol file LoadedFromMemory doesn't match image C:\Users\victo\OneDrive - EPITA\Documents\EPITA\Projet s2\ProjetS2\Projet S2\Library\PackageCache\com.unity.visualscripting@1.8.0\Editor\VisualScripting.Core\Dependencies\YamlDotNet\Unity.VisualScripting.YamlDotNet.dll
Symbol file LoadedFromMemory doesn't match image C:\Users\victo\OneDrive - EPITA\Documents\EPITA\Projet s2\ProjetS2\Projet S2\Library\PackageCache\com.unity.visualscripting@1.8.0\Editor\VisualScripting.Core\Dependencies\DotNetZip\Unity.VisualScripting.IonicZip.dll
- Loaded All Assemblies, in  1.688 seconds
Refreshing native plugins compatible for Editor in 17.22 ms, found 3 plugins.
Native extension for WindowsStandalone target not found
Mono: successfully reloaded assembly
- Finished resetting the current domain, in  1.286 seconds
Domain Reload Profiling:
	ReloadAssembly (340ms)
		BeginReloadAssembly (191ms)
			ExecutionOrderSort (0ms)
			DisableScriptedObjects (6ms)
			BackupInstance (0ms)
			ReleaseScriptingObjects (0ms)
			CreateAndSetChildDomain (73ms)
		LoadAllAssembliesAndSetupDomain (1339ms)
			LoadAssemblies (567ms)
			RebuildTransferFunctionScriptingTraits (0ms)
			SetupTypeCache (826ms)
				TypeCache.Initialize (396ms)
					TypeCache.ScanAssembly (386ms)
				ResolveRequiredComponents (14ms)
		FinalizeReload (0ms)
			ReleaseScriptCaches (0ms)
			RebuildScriptCaches (0ms)
			SetupLoadedEditorAssemblies (645ms)
				LogAssemblyErrors (0ms)
				InitializePlatformSupportModulesInManaged (11ms)
				SetLoadedEditorAssemblies (7ms)
				RefreshPlugins (0ms)
				BeforeProcessingInitializeOnLoad (95ms)
				ProcessInitializeOnLoadAttributes (328ms)
				ProcessInitializeOnLoadMethodAttributes (196ms)
				AfterProcessingInitializeOnLoad (8ms)
				EditorAssembliesLoaded (0ms)
			ExecutionOrderSort2 (0ms)
			AwakeInstancesAfterBackupRestoration (10ms)
Refreshing native plugins compatible for Editor in 17.61 ms, found 3 plugins.
Preloading 0 native plugins for Editor in 0.00 ms.
Unloading 4491 Unused Serialized files (Serialized files now loaded: 0)
Unloading 68 unused Assets / (378.8 KB). Loaded Objects now: 5108.
Memory consumption went from 0.69 GB to 0.69 GB.
Total: 11.325100 ms (FindLiveObjects: 0.531400 ms CreateObjectMapping: 0.350000 ms MarkObjects: 9.868600 ms  DeleteObjects: 0.572200 ms)

Prepare: number of updated asset objects reloaded= 0
AssetImportParameters requested are different than current active one (requested -> active):
  custom:container-demuxer-ogg: 62fdf1f143b41e24485cea50d1cbac27 -> 
  custom:video-decoder-ogg-theora: a1e56fd34408186e4bbccfd4996cb3dc -> 
  custom:framework-win-MediaFoundation: 216162199b28c13a410421893ffa2e32 -> 
  custom:container-demuxer-webm: 4f35f7cbe854078d1ac9338744f61a02 -> 
  custom:container-muxer-webm: aa71ff27fc2769a1b78a27578f13a17b -> 
  custom:video-decoder-webm-vp8: 9c59270c3fd7afecdb556c50c9e8de78 -> 
  custom:AudioImporter_EditorPlatform: d09bf68614088b80899f8185d706f6e7 -> 
  custom:video-encoder-webm-vp8: eb34c28f22e8b96e1ab97ce403110664 -> 
  custom:audio-decoder-ogg-vorbis: bf7c407c2cedff20999df2af8eb42d56 -> 
  custom:audio-encoder-webm-vorbis: bf7c407c2cedff20999df2af8eb42d56 -> 
========================================================================
Received Prepare
Begin MonoManager ReloadAssembly
Symbol file LoadedFromMemory doesn't match image C:\Users\victo\OneDrive - EPITA\Documents\EPITA\Projet s2\ProjetS2\Projet S2\Library\PackageCache\com.unity.visualscripting@1.8.0\Editor\VisualScripting.Core\Dependencies\YamlDotNet\Unity.VisualScripting.YamlDotNet.dll
Symbol file LoadedFromMemory doesn't match image C:\Users\victo\OneDrive - EPITA\Documents\EPITA\Projet s2\ProjetS2\Projet S2\Library\PackageCache\com.unity.visualscripting@1.8.0\Editor\VisualScripting.Core\Dependencies\DotNetZip\Unity.VisualScripting.IonicZip.dll
- Loaded All Assemblies, in  1.575 seconds
Refreshing native plugins compatible for Editor in 20.38 ms, found 3 plugins.
Native extension for WindowsStandalone target not found
Mono: successfully reloaded assembly
- Finished resetting the current domain, in  1.890 seconds
Domain Reload Profiling:
	ReloadAssembly (313ms)
		BeginReloadAssembly (195ms)
			ExecutionOrderSort (0ms)
			DisableScriptedObjects (7ms)
			BackupInstance (0ms)
			ReleaseScriptingObjects (0ms)
			CreateAndSetChildDomain (76ms)
		LoadAllAssembliesAndSetupDomain (1258ms)
			LoadAssemblies (498ms)
			RebuildTransferFunctionScriptingTraits (0ms)
			SetupTypeCache (822ms)
				TypeCache.Initialize (461ms)
					TypeCache.ScanAssembly (446ms)
				ResolveRequiredComponents (14ms)
		FinalizeReload (0ms)
			ReleaseScriptCaches (0ms)
			RebuildScriptCaches (0ms)
			SetupLoadedEditorAssemblies (656ms)
				LogAssemblyErrors (0ms)
				InitializePlatformSupportModulesInManaged (6ms)
				SetLoadedEditorAssemblies (7ms)
				RefreshPlugins (0ms)
				BeforeProcessingInitializeOnLoad (102ms)
				ProcessInitializeOnLoadAttributes (354ms)
				ProcessInitializeOnLoadMethodAttributes (178ms)
				AfterProcessingInitializeOnLoad (6ms)
				EditorAssembliesLoaded (0ms)
			ExecutionOrderSort2 (0ms)
			AwakeInstancesAfterBackupRestoration (12ms)
Refreshing native plugins compatible for Editor in 17.75 ms, found 3 plugins.
Preloading 0 native plugins for Editor in 0.00 ms.
Unloading 4491 Unused Serialized files (Serialized files now loaded: 0)
Unloading 68 unused Assets / (378.6 KB). Loaded Objects now: 5112.
Memory consumption went from 0.69 GB to 0.69 GB.
Total: 9.089100 ms (FindLiveObjects: 0.701600 ms CreateObjectMapping: 0.552000 ms MarkObjects: 7.415600 ms  DeleteObjects: 0.416800 ms)

Prepare: number of updated asset objects reloaded= 0
AssetImportParameters requested are different than current active one (requested -> active):
  custom:container-demuxer-ogg: 62fdf1f143b41e24485cea50d1cbac27 -> 
  custom:video-decoder-ogg-theora: a1e56fd34408186e4bbccfd4996cb3dc -> 
  custom:framework-win-MediaFoundation: 216162199b28c13a410421893ffa2e32 -> 
  custom:container-demuxer-webm: 4f35f7cbe854078d1ac9338744f61a02 -> 
  custom:container-muxer-webm: aa71ff27fc2769a1b78a27578f13a17b -> 
  custom:video-decoder-webm-vp8: 9c59270c3fd7afecdb556c50c9e8de78 -> 
  custom:AudioImporter_EditorPlatform: d09bf68614088b80899f8185d706f6e7 -> 
  custom:video-encoder-webm-vp8: eb34c28f22e8b96e1ab97ce403110664 -> 
  custom:audio-decoder-ogg-vorbis: bf7c407c2cedff20999df2af8eb42d56 -> 
  custom:audio-encoder-webm-vorbis: bf7c407c2cedff20999df2af8eb42d56 -> 
========================================================================
Received Prepare
Begin MonoManager ReloadAssembly
Symbol file LoadedFromMemory doesn't match image C:\Users\victo\OneDrive - EPITA\Documents\EPITA\Projet s2\ProjetS2\Projet S2\Library\PackageCache\com.unity.visualscripting@1.8.0\Editor\VisualScripting.Core\Dependencies\YamlDotNet\Unity.VisualScripting.YamlDotNet.dll
Symbol file LoadedFromMemory doesn't match image C:\Users\victo\OneDrive - EPITA\Documents\EPITA\Projet s2\ProjetS2\Projet S2\Library\PackageCache\com.unity.visualscripting@1.8.0\Editor\VisualScripting.Core\Dependencies\DotNetZip\Unity.VisualScripting.IonicZip.dll
- Loaded All Assemblies, in  1.581 seconds
Refreshing native plugins compatible for Editor in 29.64 ms, found 3 plugins.
Native extension for WindowsStandalone target not found
Mono: successfully reloaded assembly
- Finished resetting the current domain, in  1.539 seconds
Domain Reload Profiling:
	ReloadAssembly (343ms)
		BeginReloadAssembly (221ms)
			ExecutionOrderSort (0ms)
			DisableScriptedObjects (6ms)
			BackupInstance (0ms)
			ReleaseScriptingObjects (0ms)
			CreateAndSetChildDomain (82ms)
		LoadAllAssembliesAndSetupDomain (1234ms)
			LoadAssemblies (514ms)
			RebuildTransferFunctionScriptingTraits (0ms)
			SetupTypeCache (801ms)
				TypeCache.Initialize (370ms)
					TypeCache.ScanAssembly (361ms)
				ResolveRequiredComponents (17ms)
		FinalizeReload (0ms)
			ReleaseScriptCaches (0ms)
			RebuildScriptCaches (0ms)
			SetupLoadedEditorAssemblies (757ms)
				LogAssemblyErrors (0ms)
				InitializePlatformSupportModulesInManaged (27ms)
				SetLoadedEditorAssemblies (32ms)
				RefreshPlugins (0ms)
				BeforeProcessingInitializeOnLoad (143ms)
				ProcessInitializeOnLoadAttributes (366ms)
				ProcessInitializeOnLoadMethodAttributes (184ms)
				AfterProcessingInitializeOnLoad (5ms)
				EditorAssembliesLoaded (0ms)
			ExecutionOrderSort2 (0ms)
			AwakeInstancesAfterBackupRestoration (8ms)
Refreshing native plugins compatible for Editor in 42.49 ms, found 3 plugins.
Preloading 0 native plugins for Editor in 0.00 ms.
Unloading 4491 Unused Serialized files (Serialized files now loaded: 0)
Unloading 68 unused Assets / (411.1 KB). Loaded Objects now: 5116.
Memory consumption went from 0.69 GB to 0.69 GB.
Total: 8.545800 ms (FindLiveObjects: 0.544000 ms CreateObjectMapping: 0.291800 ms MarkObjects: 7.235600 ms  DeleteObjects: 0.471900 ms)

Prepare: number of updated asset objects reloaded= 0
AssetImportParameters requested are different than current active one (requested -> active):
  custom:container-demuxer-ogg: 62fdf1f143b41e24485cea50d1cbac27 -> 
  custom:video-decoder-ogg-theora: a1e56fd34408186e4bbccfd4996cb3dc -> 
  custom:framework-win-MediaFoundation: 216162199b28c13a410421893ffa2e32 -> 
  custom:container-demuxer-webm: 4f35f7cbe854078d1ac9338744f61a02 -> 
  custom:container-muxer-webm: aa71ff27fc2769a1b78a27578f13a17b -> 
  custom:video-decoder-webm-vp8: 9c59270c3fd7afecdb556c50c9e8de78 -> 
  custom:AudioImporter_EditorPlatform: d09bf68614088b80899f8185d706f6e7 -> 
  custom:video-encoder-webm-vp8: eb34c28f22e8b96e1ab97ce403110664 -> 
  custom:audio-decoder-ogg-vorbis: bf7c407c2cedff20999df2af8eb42d56 -> 
  custom:audio-encoder-webm-vorbis: bf7c407c2cedff20999df2af8eb42d56 -> 
========================================================================
Received Prepare
Begin MonoManager ReloadAssembly
Symbol file LoadedFromMemory doesn't match image C:\Users\victo\OneDrive - EPITA\Documents\EPITA\Projet s2\ProjetS2\Projet S2\Library\PackageCache\com.unity.visualscripting@1.8.0\Editor\VisualScripting.Core\Dependencies\YamlDotNet\Unity.VisualScripting.YamlDotNet.dll
Symbol file LoadedFromMemory doesn't match image C:\Users\victo\OneDrive - EPITA\Documents\EPITA\Projet s2\ProjetS2\Projet S2\Library\PackageCache\com.unity.visualscripting@1.8.0\Editor\VisualScripting.Core\Dependencies\DotNetZip\Unity.VisualScripting.IonicZip.dll
- Loaded All Assemblies, in  2.018 seconds
Refreshing native plugins compatible for Editor in 28.53 ms, found 3 plugins.
Native extension for WindowsStandalone target not found
Mono: successfully reloaded assembly
- Finished resetting the current domain, in  1.451 seconds
Domain Reload Profiling:
	ReloadAssembly (407ms)
		BeginReloadAssembly (212ms)
			ExecutionOrderSort (0ms)
			DisableScriptedObjects (7ms)
			BackupInstance (0ms)
			ReleaseScriptingObjects (0ms)
			CreateAndSetChildDomain (73ms)
		LoadAllAssembliesAndSetupDomain (1605ms)
			LoadAssemblies (600ms)
			RebuildTransferFunctionScriptingTraits (0ms)
			SetupTypeCache (1081ms)
				TypeCache.Initialize (578ms)
					TypeCache.ScanAssembly (561ms)
				ResolveRequiredComponents (18ms)
		FinalizeReload (0ms)
			ReleaseScriptCaches (0ms)
			RebuildScriptCaches (0ms)
			SetupLoadedEditorAssemblies (643ms)
				LogAssemblyErrors (0ms)
				InitializePlatformSupportModulesInManaged (6ms)
				SetLoadedEditorAssemblies (8ms)
				RefreshPlugins (0ms)
				BeforeProcessingInitializeOnLoad (116ms)
				ProcessInitializeOnLoadAttributes (334ms)
				ProcessInitializeOnLoadMethodAttributes (169ms)
				AfterProcessingInitializeOnLoad (9ms)
				EditorAssembliesLoaded (0ms)
			ExecutionOrderSort2 (0ms)
			AwakeInstancesAfterBackupRestoration (12ms)
Refreshing native plugins compatible for Editor in 14.97 ms, found 3 plugins.
Preloading 0 native plugins for Editor in 0.00 ms.
Unloading 4491 Unused Serialized files (Serialized files now loaded: 0)
Unloading 68 unused Assets / (411.0 KB). Loaded Objects now: 5120.
Memory consumption went from 0.69 GB to 0.69 GB.
Total: 10.538000 ms (FindLiveObjects: 0.628600 ms CreateObjectMapping: 0.215300 ms MarkObjects: 9.202300 ms  DeleteObjects: 0.488100 ms)

Prepare: number of updated asset objects reloaded= 0
AssetImportParameters requested are different than current active one (requested -> active):
  custom:container-demuxer-ogg: 62fdf1f143b41e24485cea50d1cbac27 -> 
  custom:video-decoder-ogg-theora: a1e56fd34408186e4bbccfd4996cb3dc -> 
  custom:framework-win-MediaFoundation: 216162199b28c13a410421893ffa2e32 -> 
  custom:container-demuxer-webm: 4f35f7cbe854078d1ac9338744f61a02 -> 
  custom:container-muxer-webm: aa71ff27fc2769a1b78a27578f13a17b -> 
  custom:video-decoder-webm-vp8: 9c59270c3fd7afecdb556c50c9e8de78 -> 
  custom:AudioImporter_EditorPlatform: d09bf68614088b80899f8185d706f6e7 -> 
  custom:video-encoder-webm-vp8: eb34c28f22e8b96e1ab97ce403110664 -> 
  custom:audio-decoder-ogg-vorbis: bf7c407c2cedff20999df2af8eb42d56 -> 
  custom:audio-encoder-webm-vorbis: bf7c407c2cedff20999df2af8eb42d56 -> 
========================================================================
Received Prepare
Begin MonoManager ReloadAssembly
Symbol file LoadedFromMemory doesn't match image C:\Users\victo\OneDrive - EPITA\Documents\EPITA\Projet s2\ProjetS2\Projet S2\Library\PackageCache\com.unity.visualscripting@1.8.0\Editor\VisualScripting.Core\Dependencies\YamlDotNet\Unity.VisualScripting.YamlDotNet.dll
Symbol file LoadedFromMemory doesn't match image C:\Users\victo\OneDrive - EPITA\Documents\EPITA\Projet s2\ProjetS2\Projet S2\Library\PackageCache\com.unity.visualscripting@1.8.0\Editor\VisualScripting.Core\Dependencies\DotNetZip\Unity.VisualScripting.IonicZip.dll
- Loaded All Assemblies, in  1.700 seconds
Refreshing native plugins compatible for Editor in 18.77 ms, found 3 plugins.
Native extension for WindowsStandalone target not found
Mono: successfully reloaded assembly
- Finished resetting the current domain, in  1.308 seconds
Domain Reload Profiling:
	ReloadAssembly (397ms)
		BeginReloadAssembly (274ms)
			ExecutionOrderSort (0ms)
			DisableScriptedObjects (19ms)
			BackupInstance (0ms)
			ReleaseScriptingObjects (0ms)
			CreateAndSetChildDomain (94ms)
		LoadAllAssembliesAndSetupDomain (1296ms)
			LoadAssemblies (537ms)
			RebuildTransferFunctionScriptingTraits (0ms)
			SetupTypeCache (856ms)
				TypeCache.Initialize (428ms)
					TypeCache.ScanAssembly (414ms)
				ResolveRequiredComponents (13ms)
		FinalizeReload (0ms)
			ReleaseScriptCaches (0ms)
			RebuildScriptCaches (0ms)
			SetupLoadedEditorAssemblies (625ms)
				LogAssemblyErrors (0ms)
				InitializePlatformSupportModulesInManaged (8ms)
				SetLoadedEditorAssemblies (7ms)
				RefreshPlugins (0ms)
				BeforeProcessingInitializeOnLoad (98ms)
				ProcessInitializeOnLoadAttributes (342ms)
				ProcessInitializeOnLoadMethodAttributes (165ms)
				AfterProcessingInitializeOnLoad (6ms)
				EditorAssembliesLoaded (0ms)
			ExecutionOrderSort2 (0ms)
			AwakeInstancesAfterBackupRestoration (9ms)
Refreshing native plugins compatible for Editor in 17.91 ms, found 3 plugins.
Preloading 0 native plugins for Editor in 0.00 ms.
Unloading 4491 Unused Serialized files (Serialized files now loaded: 0)
Unloading 68 unused Assets / (379.0 KB). Loaded Objects now: 5124.
Memory consumption went from 0.69 GB to 0.69 GB.
Total: 6.878500 ms (FindLiveObjects: 0.466400 ms CreateObjectMapping: 0.198400 ms MarkObjects: 5.805300 ms  DeleteObjects: 0.406500 ms)

Prepare: number of updated asset objects reloaded= 0
AssetImportParameters requested are different than current active one (requested -> active):
  custom:container-demuxer-ogg: 62fdf1f143b41e24485cea50d1cbac27 -> 
  custom:video-decoder-ogg-theora: a1e56fd34408186e4bbccfd4996cb3dc -> 
  custom:framework-win-MediaFoundation: 216162199b28c13a410421893ffa2e32 -> 
  custom:container-demuxer-webm: 4f35f7cbe854078d1ac9338744f61a02 -> 
  custom:container-muxer-webm: aa71ff27fc2769a1b78a27578f13a17b -> 
  custom:video-decoder-webm-vp8: 9c59270c3fd7afecdb556c50c9e8de78 -> 
  custom:AudioImporter_EditorPlatform: d09bf68614088b80899f8185d706f6e7 -> 
  custom:video-encoder-webm-vp8: eb34c28f22e8b96e1ab97ce403110664 -> 
  custom:audio-decoder-ogg-vorbis: bf7c407c2cedff20999df2af8eb42d56 -> 
  custom:audio-encoder-webm-vorbis: bf7c407c2cedff20999df2af8eb42d56 -> 
========================================================================
Received Prepare
Begin MonoManager ReloadAssembly
Symbol file LoadedFromMemory doesn't match image C:\Users\victo\OneDrive - EPITA\Documents\EPITA\Projet s2\ProjetS2\Projet S2\Library\PackageCache\com.unity.visualscripting@1.8.0\Editor\VisualScripting.Core\Dependencies\YamlDotNet\Unity.VisualScripting.YamlDotNet.dll
Symbol file LoadedFromMemory doesn't match image C:\Users\victo\OneDrive - EPITA\Documents\EPITA\Projet s2\ProjetS2\Projet S2\Library\PackageCache\com.unity.visualscripting@1.8.0\Editor\VisualScripting.Core\Dependencies\DotNetZip\Unity.VisualScripting.IonicZip.dll
- Loaded All Assemblies, in  1.509 seconds
Refreshing native plugins compatible for Editor in 18.71 ms, found 3 plugins.
Native extension for WindowsStandalone target not found
Mono: successfully reloaded assembly
- Finished resetting the current domain, in  1.241 seconds
Domain Reload Profiling:
	ReloadAssembly (315ms)
		BeginReloadAssembly (208ms)
			ExecutionOrderSort (0ms)
			DisableScriptedObjects (11ms)
			BackupInstance (0ms)
			ReleaseScriptingObjects (0ms)
			CreateAndSetChildDomain (70ms)
		LoadAllAssembliesAndSetupDomain (1190ms)
			LoadAssemblies (475ms)
			RebuildTransferFunctionScriptingTraits (0ms)
			SetupTypeCache (789ms)
				TypeCache.Initialize (383ms)
					TypeCache.ScanAssembly (371ms)
				ResolveRequiredComponents (16ms)
		FinalizeReload (0ms)
			ReleaseScriptCaches (0ms)
			RebuildScriptCaches (0ms)
			SetupLoadedEditorAssemblies (637ms)
				LogAssemblyErrors (0ms)
				InitializePlatformSupportModulesInManaged (7ms)
				SetLoadedEditorAssemblies (8ms)
				RefreshPlugins (0ms)
				BeforeProcessingInitializeOnLoad (100ms)
				ProcessInitializeOnLoadAttributes (345ms)
				ProcessInitializeOnLoadMethodAttributes (169ms)
				AfterProcessingInitializeOnLoad (6ms)
				EditorAssembliesLoaded (0ms)
			ExecutionOrderSort2 (0ms)
			AwakeInstancesAfterBackupRestoration (13ms)
Refreshing native plugins compatible for Editor in 18.34 ms, found 3 plugins.
Preloading 0 native plugins for Editor in 0.00 ms.
Unloading 4491 Unused Serialized files (Serialized files now loaded: 0)
Unloading 68 unused Assets / (386.8 KB). Loaded Objects now: 5128.
Memory consumption went from 0.69 GB to 0.69 GB.
Total: 9.965600 ms (FindLiveObjects: 0.614500 ms CreateObjectMapping: 0.411000 ms MarkObjects: 8.291900 ms  DeleteObjects: 0.645800 ms)

Prepare: number of updated asset objects reloaded= 0
AssetImportParameters requested are different than current active one (requested -> active):
  custom:container-demuxer-ogg: 62fdf1f143b41e24485cea50d1cbac27 -> 
  custom:video-decoder-ogg-theora: a1e56fd34408186e4bbccfd4996cb3dc -> 
  custom:framework-win-MediaFoundation: 216162199b28c13a410421893ffa2e32 -> 
  custom:container-demuxer-webm: 4f35f7cbe854078d1ac9338744f61a02 -> 
  custom:container-muxer-webm: aa71ff27fc2769a1b78a27578f13a17b -> 
  custom:video-decoder-webm-vp8: 9c59270c3fd7afecdb556c50c9e8de78 -> 
  custom:AudioImporter_EditorPlatform: d09bf68614088b80899f8185d706f6e7 -> 
  custom:video-encoder-webm-vp8: eb34c28f22e8b96e1ab97ce403110664 -> 
  custom:audio-decoder-ogg-vorbis: bf7c407c2cedff20999df2af8eb42d56 -> 
  custom:audio-encoder-webm-vorbis: bf7c407c2cedff20999df2af8eb42d56 -> 
========================================================================
Received Prepare
Begin MonoManager ReloadAssembly
Symbol file LoadedFromMemory doesn't match image C:\Users\victo\OneDrive - EPITA\Documents\EPITA\Projet s2\ProjetS2\Projet S2\Library\PackageCache\com.unity.visualscripting@1.8.0\Editor\VisualScripting.Core\Dependencies\YamlDotNet\Unity.VisualScripting.YamlDotNet.dll
Symbol file LoadedFromMemory doesn't match image C:\Users\victo\OneDrive - EPITA\Documents\EPITA\Projet s2\ProjetS2\Projet S2\Library\PackageCache\com.unity.visualscripting@1.8.0\Editor\VisualScripting.Core\Dependencies\DotNetZip\Unity.VisualScripting.IonicZip.dll
- Loaded All Assemblies, in  1.665 seconds
Refreshing native plugins compatible for Editor in 25.95 ms, found 3 plugins.
Native extension for WindowsStandalone target not found
Mono: successfully reloaded assembly
- Finished resetting the current domain, in  1.325 seconds
Domain Reload Profiling:
	ReloadAssembly (347ms)
		BeginReloadAssembly (225ms)
			ExecutionOrderSort (0ms)
			DisableScriptedObjects (11ms)
			BackupInstance (0ms)
			ReleaseScriptingObjects (0ms)
			CreateAndSetChildDomain (81ms)
		LoadAllAssembliesAndSetupDomain (1311ms)
			LoadAssemblies (535ms)
			RebuildTransferFunctionScriptingTraits (0ms)
			SetupTypeCache (831ms)
				TypeCache.Initialize (419ms)
					TypeCache.ScanAssembly (410ms)
				ResolveRequiredComponents (18ms)
		FinalizeReload (0ms)
			ReleaseScriptCaches (0ms)
			RebuildScriptCaches (0ms)
			SetupLoadedEditorAssemblies (666ms)
				LogAssemblyErrors (0ms)
				InitializePlatformSupportModulesInManaged (6ms)
				SetLoadedEditorAssemblies (6ms)
				RefreshPlugins (0ms)
				BeforeProcessingInitializeOnLoad (81ms)
				ProcessInitializeOnLoadAttributes (369ms)
				ProcessInitializeOnLoadMethodAttributes (199ms)
				AfterProcessingInitializeOnLoad (6ms)
				EditorAssembliesLoaded (0ms)
			ExecutionOrderSort2 (0ms)
			AwakeInstancesAfterBackupRestoration (12ms)
Refreshing native plugins compatible for Editor in 18.50 ms, found 3 plugins.
Preloading 0 native plugins for Editor in 0.00 ms.
Unloading 4491 Unused Serialized files (Serialized files now loaded: 0)
Unloading 68 unused Assets / (378.8 KB). Loaded Objects now: 5132.
Memory consumption went from 0.69 GB to 0.69 GB.
Total: 8.311500 ms (FindLiveObjects: 0.586400 ms CreateObjectMapping: 0.326500 ms MarkObjects: 6.650200 ms  DeleteObjects: 0.746300 ms)

Prepare: number of updated asset objects reloaded= 0
AssetImportParameters requested are different than current active one (requested -> active):
  custom:container-demuxer-ogg: 62fdf1f143b41e24485cea50d1cbac27 -> 
  custom:video-decoder-ogg-theora: a1e56fd34408186e4bbccfd4996cb3dc -> 
  custom:framework-win-MediaFoundation: 216162199b28c13a410421893ffa2e32 -> 
  custom:container-demuxer-webm: 4f35f7cbe854078d1ac9338744f61a02 -> 
  custom:container-muxer-webm: aa71ff27fc2769a1b78a27578f13a17b -> 
  custom:video-decoder-webm-vp8: 9c59270c3fd7afecdb556c50c9e8de78 -> 
  custom:AudioImporter_EditorPlatform: d09bf68614088b80899f8185d706f6e7 -> 
  custom:video-encoder-webm-vp8: eb34c28f22e8b96e1ab97ce403110664 -> 
  custom:audio-decoder-ogg-vorbis: bf7c407c2cedff20999df2af8eb42d56 -> 
  custom:audio-encoder-webm-vorbis: bf7c407c2cedff20999df2af8eb42d56 -> 
========================================================================
Received Prepare
Begin MonoManager ReloadAssembly
Symbol file LoadedFromMemory doesn't match image C:\Users\victo\OneDrive - EPITA\Documents\EPITA\Projet s2\ProjetS2\Projet S2\Library\PackageCache\com.unity.visualscripting@1.8.0\Editor\VisualScripting.Core\Dependencies\YamlDotNet\Unity.VisualScripting.YamlDotNet.dll
Symbol file LoadedFromMemory doesn't match image C:\Users\victo\OneDrive - EPITA\Documents\EPITA\Projet s2\ProjetS2\Projet S2\Library\PackageCache\com.unity.visualscripting@1.8.0\Editor\VisualScripting.Core\Dependencies\DotNetZip\Unity.VisualScripting.IonicZip.dll
- Loaded All Assemblies, in  1.479 seconds
Refreshing native plugins compatible for Editor in 14.26 ms, found 3 plugins.
Native extension for WindowsStandalone target not found
Mono: successfully reloaded assembly
- Finished resetting the current domain, in  1.308 seconds
Domain Reload Profiling:
	ReloadAssembly (339ms)
		BeginReloadAssembly (229ms)
			ExecutionOrderSort (0ms)
			DisableScriptedObjects (9ms)
			BackupInstance (0ms)
			ReleaseScriptingObjects (0ms)
			CreateAndSetChildDomain (78ms)
		LoadAllAssembliesAndSetupDomain (1136ms)
			LoadAssemblies (435ms)
			RebuildTransferFunctionScriptingTraits (0ms)
			SetupTypeCache (787ms)
				TypeCache.Initialize (447ms)
					TypeCache.ScanAssembly (434ms)
				ResolveRequiredComponents (10ms)
		FinalizeReload (0ms)
			ReleaseScriptCaches (0ms)
			RebuildScriptCaches (0ms)
			SetupLoadedEditorAssemblies (630ms)
				LogAssemblyErrors (0ms)
				InitializePlatformSupportModulesInManaged (9ms)
				SetLoadedEditorAssemblies (7ms)
				RefreshPlugins (0ms)
				BeforeProcessingInitializeOnLoad (94ms)
				ProcessInitializeOnLoadAttributes (332ms)
				ProcessInitializeOnLoadMethodAttributes (177ms)
				AfterProcessingInitializeOnLoad (10ms)
				EditorAssembliesLoaded (0ms)
			ExecutionOrderSort2 (0ms)
			AwakeInstancesAfterBackupRestoration (13ms)
Refreshing native plugins compatible for Editor in 21.73 ms, found 3 plugins.
Preloading 0 native plugins for Editor in 0.00 ms.
Unloading 4491 Unused Serialized files (Serialized files now loaded: 0)
Unloading 68 unused Assets / (411.2 KB). Loaded Objects now: 5136.
Memory consumption went from 0.69 GB to 0.69 GB.
Total: 9.311500 ms (FindLiveObjects: 0.557600 ms CreateObjectMapping: 0.229200 ms MarkObjects: 8.058500 ms  DeleteObjects: 0.464000 ms)

Prepare: number of updated asset objects reloaded= 0
AssetImportParameters requested are different than current active one (requested -> active):
  custom:container-demuxer-ogg: 62fdf1f143b41e24485cea50d1cbac27 -> 
  custom:video-decoder-ogg-theora: a1e56fd34408186e4bbccfd4996cb3dc -> 
  custom:framework-win-MediaFoundation: 216162199b28c13a410421893ffa2e32 -> 
  custom:container-demuxer-webm: 4f35f7cbe854078d1ac9338744f61a02 -> 
  custom:container-muxer-webm: aa71ff27fc2769a1b78a27578f13a17b -> 
  custom:video-decoder-webm-vp8: 9c59270c3fd7afecdb556c50c9e8de78 -> 
  custom:AudioImporter_EditorPlatform: d09bf68614088b80899f8185d706f6e7 -> 
  custom:video-encoder-webm-vp8: eb34c28f22e8b96e1ab97ce403110664 -> 
  custom:audio-decoder-ogg-vorbis: bf7c407c2cedff20999df2af8eb42d56 -> 
  custom:audio-encoder-webm-vorbis: bf7c407c2cedff20999df2af8eb42d56 -> 
