Using pre-set license
Built from '2022.2/staging' branch; Version is '2022.2.5f1 (551d45108343) revision 5578053'; Using compiler version '192829333'; Build Type 'Release'
OS: 'Windows 11  (10.0.22621) 64bit Core' Language: 'fr' Physical Memory: 16163 MB
BatchMode: 1, IsHumanControllingUs: 0, StartBugReporterOnCrash: 0, Is64bit: 1, IsPro: 1

COMMAND LINE ARGUMENTS:
C:\Program Files\Unity\Hub\Editor\2022.2.5f1\Editor\Unity.exe
-adb2
-batchMode
-noUpm
-name
AssetImportWorker4
-projectPath
C:/Users/victo/OneDrive - EPITA/Documents/EPITA/Projet s2/ProjetS2/Projet S2
-logFile
Logs/AssetImportWorker4.log
-srvPort
60642
Successfully changed project path to: C:/Users/victo/OneDrive - EPITA/Documents/EPITA/Projet s2/ProjetS2/Projet S2
C:/Users/victo/OneDrive - EPITA/Documents/EPITA/Projet s2/ProjetS2/Projet S2
[UnityMemory] Configuration Parameters - Can be set up in boot.config
    "memorysetup-bucket-allocator-granularity=16"
    "memorysetup-bucket-allocator-bucket-count=8"
    "memorysetup-bucket-allocator-block-size=33554432"
    "memorysetup-bucket-allocator-block-count=8"
    "memorysetup-main-allocator-block-size=16777216"
    "memorysetup-thread-allocator-block-size=16777216"
    "memorysetup-gfx-main-allocator-block-size=16777216"
    "memorysetup-gfx-thread-allocator-block-size=16777216"
    "memorysetup-cache-allocator-block-size=4194304"
    "memorysetup-typetree-allocator-block-size=2097152"
    "memorysetup-profiler-bucket-allocator-granularity=16"
    "memorysetup-profiler-bucket-allocator-bucket-count=8"
    "memorysetup-profiler-bucket-allocator-block-size=33554432"
    "memorysetup-profiler-bucket-allocator-block-count=8"
    "memorysetup-profiler-allocator-block-size=16777216"
    "memorysetup-profiler-editor-allocator-block-size=1048576"
    "memorysetup-temp-allocator-size-main=16777216"
    "memorysetup-job-temp-allocator-block-size=2097152"
    "memorysetup-job-temp-allocator-block-size-background=1048576"
    "memorysetup-job-temp-allocator-reduction-small-platforms=262144"
    "memorysetup-temp-allocator-size-background-worker=32768"
    "memorysetup-temp-allocator-size-job-worker=262144"
    "memorysetup-temp-allocator-size-preload-manager=33554432"
    "memorysetup-temp-allocator-size-nav-mesh-worker=65536"
    "memorysetup-temp-allocator-size-audio-worker=65536"
    "memorysetup-temp-allocator-size-cloud-worker=32768"
    "memorysetup-temp-allocator-size-gi-baking-worker=262144"
    "memorysetup-temp-allocator-size-gfx=262144"
Player connection [24964] Host "[IP] 192.168.1.16 [Port] 0 [Flags] 2 [Guid] 3497824403 [EditorId] 3497824403 [Version] 1048832 [Id] WindowsEditor(7,PC-Victor) [Debug] 1 [PackageName] WindowsEditor [ProjectName] Editor" joined multi-casting on [225.0.0.222:54997]...

Player connection [24964] Host "[IP] 192.168.1.16 [Port] 0 [Flags] 2 [Guid] 3497824403 [EditorId] 3497824403 [Version] 1048832 [Id] WindowsEditor(7,PC-Victor) [Debug] 1 [PackageName] WindowsEditor [ProjectName] Editor" joined alternative multi-casting on [225.0.0.222:34997]...

Refreshing native plugins compatible for Editor in 97.97 ms, found 3 plugins.
Preloading 0 native plugins for Editor in 0.00 ms.
Initialize engine version: 2022.2.5f1 (551d45108343)
[Subsystems] Discovering subsystems at path C:/Program Files/Unity/Hub/Editor/2022.2.5f1/Editor/Data/Resources/UnitySubsystems
[Subsystems] Discovering subsystems at path C:/Users/victo/OneDrive - EPITA/Documents/EPITA/Projet s2/ProjetS2/Projet S2/Assets
GfxDevice: creating device client; threaded=0; jobified=0
Direct3D:
    Version:  Direct3D 11.0 [level 11.1]
    Renderer: Intel(R) Iris(R) Xe Graphics (ID=0x9a49)
    Vendor:   Intel
    VRAM:     8081 MB
    Driver:   30.0.101.1404
Initialize mono
Mono path[0] = 'C:/Program Files/Unity/Hub/Editor/2022.2.5f1/Editor/Data/Managed'
Mono path[1] = 'C:/Program Files/Unity/Hub/Editor/2022.2.5f1/Editor/Data/MonoBleedingEdge/lib/mono/unityjit-win32'
Mono config path = 'C:/Program Files/Unity/Hub/Editor/2022.2.5f1/Editor/Data/MonoBleedingEdge/etc'
Using monoOptions --debugger-agent=transport=dt_socket,embedding=1,server=y,suspend=n,address=127.0.0.1:56252
Begin MonoManager ReloadAssembly
Registering precompiled unity dll's ...
Register platform support module: C:/Program Files/Unity/Hub/Editor/2022.2.5f1/Editor/Data/PlaybackEngines/WindowsStandaloneSupport/UnityEditor.WindowsStandalone.Extensions.dll
Registered in 0.015788 seconds.
- Loaded All Assemblies, in  0.410 seconds
Native extension for WindowsStandalone target not found
Mono: successfully reloaded assembly
- Finished resetting the current domain, in  0.433 seconds
Domain Reload Profiling:
	ReloadAssembly (231ms)
		BeginReloadAssembly (69ms)
			ExecutionOrderSort (0ms)
			DisableScriptedObjects (0ms)
			BackupInstance (0ms)
			ReleaseScriptingObjects (0ms)
			CreateAndSetChildDomain (2ms)
		LoadAllAssembliesAndSetupDomain (0ms)
			LoadAssemblies (63ms)
			RebuildTransferFunctionScriptingTraits (0ms)
			SetupTypeCache (165ms)
				TypeCache.Initialize (163ms)
					TypeCache.ScanAssembly (158ms)
				ResolveRequiredComponents (2ms)
		FinalizeReload (0ms)
			ReleaseScriptCaches (0ms)
			RebuildScriptCaches (0ms)
			SetupLoadedEditorAssemblies (349ms)
				LogAssemblyErrors (0ms)
				InitializePlatformSupportModulesInManaged (8ms)
				SetLoadedEditorAssemblies (8ms)
				RefreshPlugins (0ms)
				BeforeProcessingInitializeOnLoad (1ms)
				ProcessInitializeOnLoadAttributes (139ms)
				ProcessInitializeOnLoadMethodAttributes (194ms)
				AfterProcessingInitializeOnLoad (0ms)
				EditorAssembliesLoaded (0ms)
			ExecutionOrderSort2 (0ms)
			AwakeInstancesAfterBackupRestoration (0ms)
========================================================================
Worker process is ready to serve import requests
Begin MonoManager ReloadAssembly
Symbol file LoadedFromMemory doesn't match image C:\Users\victo\OneDrive - EPITA\Documents\EPITA\Projet s2\ProjetS2\Projet S2\Library\PackageCache\com.unity.visualscripting@1.8.0\Editor\VisualScripting.Core\Dependencies\YamlDotNet\Unity.VisualScripting.YamlDotNet.dll
Symbol file LoadedFromMemory doesn't match image C:\Users\victo\OneDrive - EPITA\Documents\EPITA\Projet s2\ProjetS2\Projet S2\Library\PackageCache\com.unity.visualscripting@1.8.0\Editor\VisualScripting.Core\Dependencies\DotNetZip\Unity.VisualScripting.IonicZip.dll
- Loaded All Assemblies, in  0.987 seconds
Refreshing native plugins compatible for Editor in 11.38 ms, found 3 plugins.
Native extension for WindowsStandalone target not found
Mono: successfully reloaded assembly
- Finished resetting the current domain, in  0.769 seconds
Domain Reload Profiling:
	ReloadAssembly (210ms)
		BeginReloadAssembly (103ms)
			ExecutionOrderSort (0ms)
			DisableScriptedObjects (5ms)
			BackupInstance (0ms)
			ReleaseScriptingObjects (0ms)
			CreateAndSetChildDomain (19ms)
		LoadAllAssembliesAndSetupDomain (775ms)
			LoadAssemblies (295ms)
			RebuildTransferFunctionScriptingTraits (0ms)
			SetupTypeCache (521ms)
				TypeCache.Initialize (298ms)
					TypeCache.ScanAssembly (293ms)
				ResolveRequiredComponents (7ms)
		FinalizeReload (0ms)
			ReleaseScriptCaches (0ms)
			RebuildScriptCaches (0ms)
			SetupLoadedEditorAssemblies (602ms)
				LogAssemblyErrors (0ms)
				InitializePlatformSupportModulesInManaged (4ms)
				SetLoadedEditorAssemblies (4ms)
				RefreshPlugins (0ms)
				BeforeProcessingInitializeOnLoad (97ms)
				ProcessInitializeOnLoadAttributes (371ms)
				ProcessInitializeOnLoadMethodAttributes (122ms)
				AfterProcessingInitializeOnLoad (4ms)
				EditorAssembliesLoaded (0ms)
			ExecutionOrderSort2 (0ms)
			AwakeInstancesAfterBackupRestoration (7ms)
Launched and connected shader compiler UnityShaderCompiler.exe after 0.05 seconds
Refreshing native plugins compatible for Editor in 14.79 ms, found 3 plugins.
Preloading 0 native plugins for Editor in 0.00 ms.
Unloading 4591 Unused Serialized files (Serialized files now loaded: 0)
Unloading 79 unused Assets / (0.59 GB). Loaded Objects now: 5044.
Memory consumption went from 0.71 GB to 126.6 MB.
Total: 11.056100 ms (FindLiveObjects: 0.466400 ms CreateObjectMapping: 0.225500 ms MarkObjects: 9.875600 ms  DeleteObjects: 0.486900 ms)

AssetImportParameters requested are different than current active one (requested -> active):
  custom:container-demuxer-ogg: 62fdf1f143b41e24485cea50d1cbac27 -> 
  custom:video-decoder-ogg-theora: a1e56fd34408186e4bbccfd4996cb3dc -> 
  custom:framework-win-MediaFoundation: 216162199b28c13a410421893ffa2e32 -> 
  custom:container-demuxer-webm: 4f35f7cbe854078d1ac9338744f61a02 -> 
  custom:container-muxer-webm: aa71ff27fc2769a1b78a27578f13a17b -> 
  custom:video-decoder-webm-vp8: 9c59270c3fd7afecdb556c50c9e8de78 -> 
  custom:AudioImporter_EditorPlatform: d09bf68614088b80899f8185d706f6e7 -> 
  custom:video-encoder-webm-vp8: eb34c28f22e8b96e1ab97ce403110664 -> 
  custom:audio-decoder-ogg-vorbis: bf7c407c2cedff20999df2af8eb42d56 -> 
  custom:audio-encoder-webm-vorbis: bf7c407c2cedff20999df2af8eb42d56 -> 
========================================================================
Received Import Request.
  Time since last request: 479254.216191 seconds.
  path: Assets/Assets pour cabane pecheur + champ/Alstra Infinite/Boats LowPoly/Models
  artifactKey: Guid(4d073f0bbc4f46d47a6ceba6153c07dd) Importer(815301076,1909f56bfc062723c751e8b465ee728b)
Start importing Assets/Assets pour cabane pecheur + champ/Alstra Infinite/Boats LowPoly/Models using Guid(4d073f0bbc4f46d47a6ceba6153c07dd) Importer(815301076,1909f56bfc062723c751e8b465ee728b)  -> (artifact id: 'eea4c3016d463e2c2025045974238b16') in 0.003222 seconds 
Number of updated asset objects reloaded before import = 0
Number of asset objects unloaded after import = 0
========================================================================
Received Import Request.
  Time since last request: 0.807257 seconds.
  path: Assets/Assets pour cabane pecheur + champ/Alstra Infinite/Boats LowPoly/Models/Fishing_Rod.fbx
  artifactKey: Guid(f3af3c356e2ae6346893512397408e38) Importer(815301076,1909f56bfc062723c751e8b465ee728b)
Start importing Assets/Assets pour cabane pecheur + champ/Alstra Infinite/Boats LowPoly/Models/Fishing_Rod.fbx using Guid(f3af3c356e2ae6346893512397408e38) Importer(815301076,1909f56bfc062723c751e8b465ee728b)  -> (artifact id: 'e7de34e7e2124c5ce457e70733f23fdf') in 0.244405 seconds 
Number of updated asset objects reloaded before import = 0
Number of asset objects unloaded after import = 9
========================================================================
Received Import Request.
  Time since last request: 42.115612 seconds.
  path: Assets/Assets de la map/Arbres foret/LowPolyTreePack/Materials/Fall.mat
  artifactKey: Guid(a62e8da5194101042a4d89028ef6f912) Importer(815301076,1909f56bfc062723c751e8b465ee728b)
Start importing Assets/Assets de la map/Arbres foret/LowPolyTreePack/Materials/Fall.mat using Guid(a62e8da5194101042a4d89028ef6f912) Importer(815301076,1909f56bfc062723c751e8b465ee728b)  -> (artifact id: '978632d515fc6b43d2644ee3921365f6') in 0.025989 seconds 
Number of updated asset objects reloaded before import = 0
Number of asset objects unloaded after import = 2
========================================================================
Received Import Request.
  Time since last request: 19.313247 seconds.
  path: Assets/Assets de la map/CastlePack/FBX/WallEntranceAndExit.fbx
  artifactKey: Guid(a00759ab681491d4cb539a7c123b6575) Importer(815301076,1909f56bfc062723c751e8b465ee728b)
Start importing Assets/Assets de la map/CastlePack/FBX/WallEntranceAndExit.fbx using Guid(a00759ab681491d4cb539a7c123b6575) Importer(815301076,1909f56bfc062723c751e8b465ee728b)  -> (artifact id: '1d60da1a04170a62db6a7908f4a069ab') in 0.131607 seconds 
Number of updated asset objects reloaded before import = 0
Number of asset objects unloaded after import = 24
========================================================================
Received Import Request.
  Time since last request: 0.000024 seconds.
  path: Assets/Assets de la map/CastlePack/FBX/WallGateWithFillar.fbx
  artifactKey: Guid(dc978d3f235d30146bb26331f6cd6910) Importer(815301076,1909f56bfc062723c751e8b465ee728b)
Start importing Assets/Assets de la map/CastlePack/FBX/WallGateWithFillar.fbx using Guid(dc978d3f235d30146bb26331f6cd6910) Importer(815301076,1909f56bfc062723c751e8b465ee728b)  -> (artifact id: 'cdfea571592f7e01da86627a9f0108d2') in 0.045196 seconds 
Number of updated asset objects reloaded before import = 0
Number of asset objects unloaded after import = 9
========================================================================
Received Import Request.
  Time since last request: 0.000034 seconds.
  path: Assets/Assets de la map/EmaceArt/Slavic World Free/Resources/LOD3/EA03_Fence_RockGate_01a.fbx
  artifactKey: Guid(3d9e284d1c6a72b4e9971e04dcb319ea) Importer(815301076,1909f56bfc062723c751e8b465ee728b)
Start importing Assets/Assets de la map/EmaceArt/Slavic World Free/Resources/LOD3/EA03_Fence_RockGate_01a.fbx using Guid(3d9e284d1c6a72b4e9971e04dcb319ea) Importer(815301076,1909f56bfc062723c751e8b465ee728b)  -> (artifact id: 'eb6016ec2e0bfb4c486487a4c0ad4e6c') in 0.171055 seconds 
Number of updated asset objects reloaded before import = 0
Number of asset objects unloaded after import = 21
========================================================================
Received Import Request.
  Time since last request: 0.000045 seconds.
  path: Assets/Photon/PhotonUnityNetworking/Demos/PunBasics-Tutorial/Prefabs/Game Manager.prefab
  artifactKey: Guid(b7fe671fa5d4d4772a4b20715fb9b0ff) Importer(815301076,1909f56bfc062723c751e8b465ee728b)
Start importing Assets/Photon/PhotonUnityNetworking/Demos/PunBasics-Tutorial/Prefabs/Game Manager.prefab using Guid(b7fe671fa5d4d4772a4b20715fb9b0ff) Importer(815301076,1909f56bfc062723c751e8b465ee728b)  -> (artifact id: '0b3e91260cec0d40e20befc65515bcf2') in 0.078780 seconds 
Number of updated asset objects reloaded before import = 0
Number of asset objects unloaded after import = 157
========================================================================
Received Import Request.
  Time since last request: 0.000052 seconds.
  path: Assets/Assets de la map/EmaceArt/Slavic World Free/Prefabs/Fence/Wall/EA03_Fence_WallGate_01a_PRE.prefab
  artifactKey: Guid(a6fc57c8e1ca6d644b9befadd181a591) Importer(815301076,1909f56bfc062723c751e8b465ee728b)
Start importing Assets/Assets de la map/EmaceArt/Slavic World Free/Prefabs/Fence/Wall/EA03_Fence_WallGate_01a_PRE.prefab using Guid(a6fc57c8e1ca6d644b9befadd181a591) Importer(815301076,1909f56bfc062723c751e8b465ee728b)  -> (artifact id: 'bf67d3850edf767d406d8f1f26fb4e74') in 0.046986 seconds 
Number of updated asset objects reloaded before import = 0
Number of asset objects unloaded after import = 30
========================================================================
Received Import Request.
  Time since last request: 0.000022 seconds.
  path: Assets/Assets de la map/CastlePack/Prefabs/Gates/WallGateHarrow.prefab
  artifactKey: Guid(2f47c00b23663ad40b0bd5e9f53d819f) Importer(815301076,1909f56bfc062723c751e8b465ee728b)
Start importing Assets/Assets de la map/CastlePack/Prefabs/Gates/WallGateHarrow.prefab using Guid(2f47c00b23663ad40b0bd5e9f53d819f) Importer(815301076,1909f56bfc062723c751e8b465ee728b)  -> (artifact id: '573cd73343603a80959dd377607f071c') in 0.021361 seconds 
Number of updated asset objects reloaded before import = 0
Number of asset objects unloaded after import = 18
========================================================================
Received Import Request.
  Time since last request: 0.000033 seconds.
  path: Assets/Assets de la map/CastlePack/Prefabs/Gates/WallGateWithFillar.prefab
  artifactKey: Guid(85e6b5d9b0acdb243a2547788c2e48f0) Importer(815301076,1909f56bfc062723c751e8b465ee728b)
Start importing Assets/Assets de la map/CastlePack/Prefabs/Gates/WallGateWithFillar.prefab using Guid(85e6b5d9b0acdb243a2547788c2e48f0) Importer(815301076,1909f56bfc062723c751e8b465ee728b)  -> (artifact id: 'c8a23f684d9dc17a8e36a0d862b77f31') in 0.022126 seconds 
Number of updated asset objects reloaded before import = 0
Number of asset objects unloaded after import = 11
========================================================================
Received Import Request.
  Time since last request: 0.000023 seconds.
  path: Assets/Assets de la map/EmaceArt/Slavic World Free/Resources/LOD3/EA03_Fence_WallGate_01a.fbx
  artifactKey: Guid(ad175bdd29720da4293076d93baa5295) Importer(815301076,1909f56bfc062723c751e8b465ee728b)
Start importing Assets/Assets de la map/EmaceArt/Slavic World Free/Resources/LOD3/EA03_Fence_WallGate_01a.fbx using Guid(ad175bdd29720da4293076d93baa5295) Importer(815301076,1909f56bfc062723c751e8b465ee728b)  -> (artifact id: 'f0b81057dd0b4546131f28fdd253ae7c') in 0.098557 seconds 
Number of updated asset objects reloaded before import = 0
Number of asset objects unloaded after import = 21
========================================================================
Received Import Request.
  Time since last request: 22.510821 seconds.
  path: Assets/FloatingEntities
  artifactKey: Guid(2abccc3d740835c42b97820f3ee648e7) Importer(815301076,1909f56bfc062723c751e8b465ee728b)
Start importing Assets/FloatingEntities using Guid(2abccc3d740835c42b97820f3ee648e7) Importer(815301076,1909f56bfc062723c751e8b465ee728b)  -> (artifact id: 'af42c2d616497c9c46b5af3bf079206c') in 0.000649 seconds 
Number of updated asset objects reloaded before import = 0
Number of asset objects unloaded after import = 0
========================================================================
Received Import Request.
  Time since last request: 3.176777 seconds.
  path: Assets/FloatingEntities/Models
  artifactKey: Guid(d1af1ddb5ceecec4ab4e5ac5b9f41093) Importer(815301076,1909f56bfc062723c751e8b465ee728b)
Start importing Assets/FloatingEntities/Models using Guid(d1af1ddb5ceecec4ab4e5ac5b9f41093) Importer(815301076,1909f56bfc062723c751e8b465ee728b)  -> (artifact id: '8c1a6fd41c83f4526c9e9f91c7904dc5') in 0.000656 seconds 
Number of updated asset objects reloaded before import = 0
Number of asset objects unloaded after import = 0
========================================================================
Received Import Request.
  Time since last request: 0.057061 seconds.
  path: Assets/FloatingEntities/Models/Drum_empty.prefab
  artifactKey: Guid(cb752ddf9521c714eb0529474657b0fe) Importer(815301076,1909f56bfc062723c751e8b465ee728b)
Start importing Assets/FloatingEntities/Models/Drum_empty.prefab using Guid(cb752ddf9521c714eb0529474657b0fe) Importer(815301076,1909f56bfc062723c751e8b465ee728b)  -> (artifact id: 'dbc0a02f43dc90a262f6c4e4136c6d3e') in 0.073298 seconds 
Number of updated asset objects reloaded before import = 0
Number of asset objects unloaded after import = 16
========================================================================
Received Import Request.
  Time since last request: 0.000033 seconds.
  path: Assets/FloatingEntities/Models/PROXY_MLT.mat
  artifactKey: Guid(a87e150a8134f4c4890d10d7b477a340) Importer(815301076,1909f56bfc062723c751e8b465ee728b)
Start importing Assets/FloatingEntities/Models/PROXY_MLT.mat using Guid(a87e150a8134f4c4890d10d7b477a340) Importer(815301076,1909f56bfc062723c751e8b465ee728b)  -> (artifact id: '4233fc091b1b17bd80b50b2ea5d35eba') in 0.080817 seconds 
Number of updated asset objects reloaded before import = 0
Number of asset objects unloaded after import = 1
========================================================================
Received Import Request.
  Time since last request: 3.691449 seconds.
  path: Assets/FloatingEntities/Models/Sea
  artifactKey: Guid(7382090765646374cb9011779b338adc) Importer(815301076,1909f56bfc062723c751e8b465ee728b)
Start importing Assets/FloatingEntities/Models/Sea using Guid(7382090765646374cb9011779b338adc) Importer(815301076,1909f56bfc062723c751e8b465ee728b)  -> (artifact id: 'a3ec923ecb83aa2af8490cd75ee93342') in 0.000841 seconds 
Number of updated asset objects reloaded before import = 0
Number of asset objects unloaded after import = 0
========================================================================
Received Import Request.
  Time since last request: 0.216937 seconds.
  path: Assets/FloatingEntities/Models/Sea/Sand.mat
  artifactKey: Guid(68e7c1e2c227b364eac1c2649e0599d5) Importer(815301076,1909f56bfc062723c751e8b465ee728b)
Start importing Assets/FloatingEntities/Models/Sea/Sand.mat using Guid(68e7c1e2c227b364eac1c2649e0599d5) Importer(815301076,1909f56bfc062723c751e8b465ee728b)  -> (artifact id: 'dd029cbf8dffddd00de6eec366321386') in 0.649012 seconds 
Number of updated asset objects reloaded before import = 0
Number of asset objects unloaded after import = 3
========================================================================
Received Import Request.
  Time since last request: 16.425174 seconds.
  path: Assets/MobileDependencyResolver
  artifactKey: Guid(333d24e71d12446ba5c77815e64b0ca8) Importer(815301076,1909f56bfc062723c751e8b465ee728b)
Start importing Assets/MobileDependencyResolver using Guid(333d24e71d12446ba5c77815e64b0ca8) Importer(815301076,1909f56bfc062723c751e8b465ee728b)  -> (artifact id: '0f6c0812f58fe570715b348ca5be0e6c') in 0.000842 seconds 
Number of updated asset objects reloaded before import = 0
Number of asset objects unloaded after import = 0
========================================================================
Received Import Request.
  Time since last request: 1.053892 seconds.
  path: Assets/MobileDependencyResolver/Editor
  artifactKey: Guid(5e301ab12e496b54b85e27e7990558aa) Importer(815301076,1909f56bfc062723c751e8b465ee728b)
Start importing Assets/MobileDependencyResolver/Editor using Guid(5e301ab12e496b54b85e27e7990558aa) Importer(815301076,1909f56bfc062723c751e8b465ee728b)  -> (artifact id: 'ca5769d0b6092cc7fd7893c1182f130f') in 0.001097 seconds 
Number of updated asset objects reloaded before import = 0
Number of asset objects unloaded after import = 0
========================================================================
Received Import Request.
  Time since last request: 7.228563 seconds.
  path: Assets/SciFiWarriorPBRHPPolyart
  artifactKey: Guid(29f57351dd3b1944aa6fda4a2dd4ff08) Importer(815301076,1909f56bfc062723c751e8b465ee728b)
Start importing Assets/SciFiWarriorPBRHPPolyart using Guid(29f57351dd3b1944aa6fda4a2dd4ff08) Importer(815301076,1909f56bfc062723c751e8b465ee728b)  -> (artifact id: 'e5491b403dbc32647fb5a040b32fa3a7') in 0.000899 seconds 
Number of updated asset objects reloaded before import = 0
Number of asset objects unloaded after import = 0
========================================================================
Received Import Request.
  Time since last request: 0.061221 seconds.
  path: Assets/SciFiWarriorPBRHPPolyart/promotion.jpg
  artifactKey: Guid(e8a466c997566b84c895066dbd56e130) Importer(815301076,1909f56bfc062723c751e8b465ee728b)
Start importing Assets/SciFiWarriorPBRHPPolyart/promotion.jpg using Guid(e8a466c997566b84c895066dbd56e130) Importer(815301076,1909f56bfc062723c751e8b465ee728b)  -> (artifact id: '53db5cd1a462983646241e2b9e89b68c') in 0.044598 seconds 
Number of updated asset objects reloaded before import = 0
Number of asset objects unloaded after import = 2
========================================================================
Received Import Request.
  Time since last request: 3.780007 seconds.
  path: Assets/ScriptQuetes
  artifactKey: Guid(228562fa6a8a32b44a6dc76f5127486d) Importer(815301076,1909f56bfc062723c751e8b465ee728b)
Start importing Assets/ScriptQuetes using Guid(228562fa6a8a32b44a6dc76f5127486d) Importer(815301076,1909f56bfc062723c751e8b465ee728b)  -> (artifact id: 'f5ce93702694f107489cf9e0774fd34b') in 0.000711 seconds 
Number of updated asset objects reloaded before import = 0
Number of asset objects unloaded after import = 0
========================================================================
Received Import Request.
  Time since last request: 2.954881 seconds.
  path: Assets/TextMesh Pro
  artifactKey: Guid(f54d1bd14bd3ca042bd867b519fee8cc) Importer(815301076,1909f56bfc062723c751e8b465ee728b)
Start importing Assets/TextMesh Pro using Guid(f54d1bd14bd3ca042bd867b519fee8cc) Importer(815301076,1909f56bfc062723c751e8b465ee728b)  -> (artifact id: '539788fea73926d38e17274c55d5d4cc') in 0.000644 seconds 
Number of updated asset objects reloaded before import = 0
Number of asset objects unloaded after import = 0
========================================================================
Received Import Request.
  Time since last request: 10.000854 seconds.
  path: Assets/FloatingEntities/Documentation
  artifactKey: Guid(2201a61c00000d548ac4db893fe48ebd) Importer(815301076,1909f56bfc062723c751e8b465ee728b)
Start importing Assets/FloatingEntities/Documentation using Guid(2201a61c00000d548ac4db893fe48ebd) Importer(815301076,1909f56bfc062723c751e8b465ee728b)  -> (artifact id: '4f116fee67a517bfd910ce1dd2521e81') in 0.000874 seconds 
Number of updated asset objects reloaded before import = 0
Number of asset objects unloaded after import = 0
========================================================================
Received Import Request.
  Time since last request: 11.996300 seconds.
  path: Assets/Assets pour cabane pecheur + champ
  artifactKey: Guid(c16722936a0d4214995e790fcb9c099e) Importer(815301076,1909f56bfc062723c751e8b465ee728b)
Start importing Assets/Assets pour cabane pecheur + champ using Guid(c16722936a0d4214995e790fcb9c099e) Importer(815301076,1909f56bfc062723c751e8b465ee728b)  -> (artifact id: 'bd2abc82f7799b92ee356a133b2ba20d') in 0.000802 seconds 
Number of updated asset objects reloaded before import = 0
Number of asset objects unloaded after import = 0
========================================================================
Received Import Request.
  Time since last request: 2.304685 seconds.
  path: Assets/Assets pour cabane pecheur + champ/Alstra Infinite
  artifactKey: Guid(618f81bd5e3f85843b80d4b94f988b61) Importer(815301076,1909f56bfc062723c751e8b465ee728b)
Start importing Assets/Assets pour cabane pecheur + champ/Alstra Infinite using Guid(618f81bd5e3f85843b80d4b94f988b61) Importer(815301076,1909f56bfc062723c751e8b465ee728b)  -> (artifact id: '58398ea2f42514a44045891d34ccabd3') in 0.000680 seconds 
Number of updated asset objects reloaded before import = 0
Number of asset objects unloaded after import = 0
========================================================================
Received Import Request.
  Time since last request: 5.052755 seconds.
  path: Assets/Assets pour cabane pecheur + champ/Alstra Infinite/Boats LowPoly/Materials
  artifactKey: Guid(a166dd428664ae84baf03759fe565b34) Importer(815301076,1909f56bfc062723c751e8b465ee728b)
Start importing Assets/Assets pour cabane pecheur + champ/Alstra Infinite/Boats LowPoly/Materials using Guid(a166dd428664ae84baf03759fe565b34) Importer(815301076,1909f56bfc062723c751e8b465ee728b)  -> (artifact id: 'c550cce459aacfb85b001ff3fa307c2a') in 0.000657 seconds 
Number of updated asset objects reloaded before import = 0
Number of asset objects unloaded after import = 0
========================================================================
Received Import Request.
  Time since last request: 4.579829 seconds.
  path: Assets/Assets pour cabane pecheur + champ/Dynamic Grass FX
  artifactKey: Guid(779576e453170294a997b51a4edd7eed) Importer(815301076,1909f56bfc062723c751e8b465ee728b)
Start importing Assets/Assets pour cabane pecheur + champ/Dynamic Grass FX using Guid(779576e453170294a997b51a4edd7eed) Importer(815301076,1909f56bfc062723c751e8b465ee728b)  -> (artifact id: 'dff3bb25ed5bf4b3b5bed7d7f8a3db58') in 0.001855 seconds 
Number of updated asset objects reloaded before import = 0
Number of asset objects unloaded after import = 0
========================================================================
Received Import Request.
  Time since last request: 0.031694 seconds.
  path: Assets/Assets pour cabane pecheur + champ/Dynamic Grass FX/Grass field.mat
  artifactKey: Guid(063783045581c3c4787d9f3deccbf3e7) Importer(815301076,1909f56bfc062723c751e8b465ee728b)
Start importing Assets/Assets pour cabane pecheur + champ/Dynamic Grass FX/Grass field.mat using Guid(063783045581c3c4787d9f3deccbf3e7) Importer(815301076,1909f56bfc062723c751e8b465ee728b)  -> (artifact id: 'abe973cfe38fe6387b41b2c47f8601ca') in 0.036282 seconds 
Number of updated asset objects reloaded before import = 0
Number of asset objects unloaded after import = 2
========================================================================
Received Import Request.
  Time since last request: 2.929414 seconds.
  path: Assets/Assets de la map
  artifactKey: Guid(5497d6b653e6a5049b1f5e0cb0584733) Importer(815301076,1909f56bfc062723c751e8b465ee728b)
Start importing Assets/Assets de la map using Guid(5497d6b653e6a5049b1f5e0cb0584733) Importer(815301076,1909f56bfc062723c751e8b465ee728b)  -> (artifact id: '0c057e76eb946760b5f2d86ac279cfe0') in 0.000675 seconds 
Number of updated asset objects reloaded before import = 0
Number of asset objects unloaded after import = 0
========================================================================
Received Import Request.
  Time since last request: 2.227057 seconds.
  path: Assets/Bitgem
  artifactKey: Guid(4a25094942ae5d1458ce6fa20a538ea2) Importer(815301076,1909f56bfc062723c751e8b465ee728b)
Start importing Assets/Bitgem using Guid(4a25094942ae5d1458ce6fa20a538ea2) Importer(815301076,1909f56bfc062723c751e8b465ee728b)  -> (artifact id: 'fb115882aa069b661530072a3b883ba8') in 0.000779 seconds 
Number of updated asset objects reloaded before import = 0
Number of asset objects unloaded after import = 0
========================================================================
Received Import Request.
  Time since last request: 0.830566 seconds.
  path: Assets/Bitgem/StylisedWater
  artifactKey: Guid(a26b768aec801ec45bd04cfb00c1208f) Importer(815301076,1909f56bfc062723c751e8b465ee728b)
Start importing Assets/Bitgem/StylisedWater using Guid(a26b768aec801ec45bd04cfb00c1208f) Importer(815301076,1909f56bfc062723c751e8b465ee728b)  -> (artifact id: 'c4b6571b79696309108b2663fc628ee4') in 0.003282 seconds 
Number of updated asset objects reloaded before import = 0
Number of asset objects unloaded after import = 0
========================================================================
Received Import Request.
  Time since last request: 0.724406 seconds.
  path: Assets/Bitgem/StylisedWater/URP
  artifactKey: Guid(05ebf30bfcef09e479888e941b51c7fa) Importer(815301076,1909f56bfc062723c751e8b465ee728b)
Start importing Assets/Bitgem/StylisedWater/URP using Guid(05ebf30bfcef09e479888e941b51c7fa) Importer(815301076,1909f56bfc062723c751e8b465ee728b)  -> (artifact id: '92a1bb843f77b834727889fcf96f4c91') in 0.000740 seconds 
Number of updated asset objects reloaded before import = 0
Number of asset objects unloaded after import = 0
========================================================================
Received Import Request.
  Time since last request: 2.985366 seconds.
  path: Assets/Bitgem/StylisedWater/URP/Examples
  artifactKey: Guid(13167f24b33d93a41a4efdd8d05273c0) Importer(815301076,1909f56bfc062723c751e8b465ee728b)
Start importing Assets/Bitgem/StylisedWater/URP/Examples using Guid(13167f24b33d93a41a4efdd8d05273c0) Importer(815301076,1909f56bfc062723c751e8b465ee728b)  -> (artifact id: '2396366e9aa3aa154fa8ac4d44e7f528') in 0.000772 seconds 
Number of updated asset objects reloaded before import = 0
Number of asset objects unloaded after import = 0
========================================================================
Received Import Request.
  Time since last request: 0.054653 seconds.
  path: Assets/Bitgem/StylisedWater/URP/Examples/StylisedWaterProfile.asset
  artifactKey: Guid(05d75389c271387408f4f25b616b2aed) Importer(815301076,1909f56bfc062723c751e8b465ee728b)
Start importing Assets/Bitgem/StylisedWater/URP/Examples/StylisedWaterProfile.asset using Guid(05d75389c271387408f4f25b616b2aed) Importer(815301076,1909f56bfc062723c751e8b465ee728b)  -> (artifact id: 'f25199c463b5137fb2ac49060f5b141f') in 0.002891 seconds 
Number of updated asset objects reloaded before import = 0
Number of asset objects unloaded after import = 1
========================================================================
Received Import Request.
  Time since last request: 2.674340 seconds.
  path: Assets/BrokenVector
  artifactKey: Guid(f536c01b6d04c1846b9eb64d51de9233) Importer(815301076,1909f56bfc062723c751e8b465ee728b)
Start importing Assets/BrokenVector using Guid(f536c01b6d04c1846b9eb64d51de9233) Importer(815301076,1909f56bfc062723c751e8b465ee728b)  -> (artifact id: '8257bd5c75f66bdfca91b1e1142a492a') in 0.000968 seconds 
Number of updated asset objects reloaded before import = 0
Number of asset objects unloaded after import = 0
========================================================================
Received Import Request.
  Time since last request: 1.036415 seconds.
  path: Assets/BrokenVector/LowPolyRockPack
  artifactKey: Guid(fb6ca30714ea3ea489f5394dcfaf59e1) Importer(815301076,1909f56bfc062723c751e8b465ee728b)
Start importing Assets/BrokenVector/LowPolyRockPack using Guid(fb6ca30714ea3ea489f5394dcfaf59e1) Importer(815301076,1909f56bfc062723c751e8b465ee728b)  -> (artifact id: '99b4ed91a7736ce8eab544889b28c489') in 0.000870 seconds 
Number of updated asset objects reloaded before import = 0
Number of asset objects unloaded after import = 0
========================================================================
Received Import Request.
  Time since last request: 1.143394 seconds.
  path: Assets/BrokenVector/LowPolyRockPack/Models
  artifactKey: Guid(98a9a7689e636484b90e071418dbf482) Importer(815301076,1909f56bfc062723c751e8b465ee728b)
Start importing Assets/BrokenVector/LowPolyRockPack/Models using Guid(98a9a7689e636484b90e071418dbf482) Importer(815301076,1909f56bfc062723c751e8b465ee728b)  -> (artifact id: '6414d6411cb6b9a07d16add09339f5a8') in 0.000666 seconds 
Number of updated asset objects reloaded before import = 0
Number of asset objects unloaded after import = 0
========================================================================
Received Import Request.
  Time since last request: 0.051797 seconds.
  path: Assets/BrokenVector/LowPolyRockPack/Models/Rock Type1 01.dae
  artifactKey: Guid(beb8ceccb376f684095ae1a93f088717) Importer(815301076,1909f56bfc062723c751e8b465ee728b)
Start importing Assets/BrokenVector/LowPolyRockPack/Models/Rock Type1 01.dae using Guid(beb8ceccb376f684095ae1a93f088717) Importer(815301076,1909f56bfc062723c751e8b465ee728b)  -> (artifact id: '9de0583ecef29b0954010377a28d34be') in 0.027415 seconds 
Number of updated asset objects reloaded before import = 0
Number of asset objects unloaded after import = 8
========================================================================
Received Import Request.
  Time since last request: 0.008135 seconds.
  path: Assets/BrokenVector/LowPolyRockPack/Models/Rock Type1 04.dae
  artifactKey: Guid(50c02f0fd54eb9f4f8869a398c63d3d0) Importer(815301076,1909f56bfc062723c751e8b465ee728b)
Start importing Assets/BrokenVector/LowPolyRockPack/Models/Rock Type1 04.dae using Guid(50c02f0fd54eb9f4f8869a398c63d3d0) Importer(815301076,1909f56bfc062723c751e8b465ee728b)  -> (artifact id: '525eb192a12e68762a23dd900fac9b90') in 0.057504 seconds 
Number of updated asset objects reloaded before import = 0
Number of asset objects unloaded after import = 8
========================================================================
Received Import Request.
  Time since last request: 0.000029 seconds.
  path: Assets/BrokenVector/LowPolyRockPack/Models/Rock Type3 04.dae
  artifactKey: Guid(f50da248aa3fb334ab1caff0974120bf) Importer(815301076,1909f56bfc062723c751e8b465ee728b)
Start importing Assets/BrokenVector/LowPolyRockPack/Models/Rock Type3 04.dae using Guid(f50da248aa3fb334ab1caff0974120bf) Importer(815301076,1909f56bfc062723c751e8b465ee728b)  -> (artifact id: 'a6966864a6b74cabcca8d249a4b6c2cb') in 0.033113 seconds 
Number of updated asset objects reloaded before import = 0
Number of asset objects unloaded after import = 8
========================================================================
Received Import Request.
  Time since last request: 0.000041 seconds.
  path: Assets/BrokenVector/LowPolyRockPack/Models/Rock Type5 01.dae
  artifactKey: Guid(e6630d62478f89847ba57d087ab513c5) Importer(815301076,1909f56bfc062723c751e8b465ee728b)
Start importing Assets/BrokenVector/LowPolyRockPack/Models/Rock Type5 01.dae using Guid(e6630d62478f89847ba57d087ab513c5) Importer(815301076,1909f56bfc062723c751e8b465ee728b)  -> (artifact id: 'e6b75d59a89dbe76855f7f45ab1e594b') in 0.038514 seconds 
Number of updated asset objects reloaded before import = 0
Number of asset objects unloaded after import = 8
========================================================================
Received Import Request.
  Time since last request: 0.000211 seconds.
  path: Assets/BrokenVector/LowPolyRockPack/Models/Rock Type5 04.dae
  artifactKey: Guid(63d2b0fa33464ad49bcded49a4303d23) Importer(815301076,1909f56bfc062723c751e8b465ee728b)
Start importing Assets/BrokenVector/LowPolyRockPack/Models/Rock Type5 04.dae using Guid(63d2b0fa33464ad49bcded49a4303d23) Importer(815301076,1909f56bfc062723c751e8b465ee728b)  -> (artifact id: 'ab20e4f2d73b9881df4d3d9158cdda7d') in 0.067446 seconds 
Number of updated asset objects reloaded before import = 0
Number of asset objects unloaded after import = 8
========================================================================
Received Import Request.
  Time since last request: 0.000243 seconds.
  path: Assets/BrokenVector/LowPolyRockPack/Models/Rock Type3 03.dae
  artifactKey: Guid(08d02c187472d684096f88c67beb6890) Importer(815301076,1909f56bfc062723c751e8b465ee728b)
Start importing Assets/BrokenVector/LowPolyRockPack/Models/Rock Type3 03.dae using Guid(08d02c187472d684096f88c67beb6890) Importer(815301076,1909f56bfc062723c751e8b465ee728b)  -> (artifact id: '8309c132fb6cd9708770846c7fa83425') in 0.063512 seconds 
Number of updated asset objects reloaded before import = 0
Number of asset objects unloaded after import = 8
========================================================================
Received Import Request.
  Time since last request: 0.000083 seconds.
  path: Assets/BrokenVector/LowPolyRockPack/Models/Rock Type2 01.dae
  artifactKey: Guid(6425f5e52f03e4340a3afa5f62f57a0d) Importer(815301076,1909f56bfc062723c751e8b465ee728b)
Start importing Assets/BrokenVector/LowPolyRockPack/Models/Rock Type2 01.dae using Guid(6425f5e52f03e4340a3afa5f62f57a0d) Importer(815301076,1909f56bfc062723c751e8b465ee728b)  -> (artifact id: 'b03b666a74aba24ab641ef5b665dda8f') in 0.065981 seconds 
Number of updated asset objects reloaded before import = 0
Number of asset objects unloaded after import = 8
========================================================================
Received Import Request.
  Time since last request: 0.000062 seconds.
  path: Assets/BrokenVector/LowPolyRockPack/Models/Rock Type6 03.dae
  artifactKey: Guid(a2cba2c95720877468327b3f6924f8c6) Importer(815301076,1909f56bfc062723c751e8b465ee728b)
Start importing Assets/BrokenVector/LowPolyRockPack/Models/Rock Type6 03.dae using Guid(a2cba2c95720877468327b3f6924f8c6) Importer(815301076,1909f56bfc062723c751e8b465ee728b)  -> (artifact id: 'dcacba5e53ca5f64db7b6dc6a146a16b') in 0.110880 seconds 
Number of updated asset objects reloaded before import = 0
Number of asset objects unloaded after import = 8
========================================================================
Received Import Request.
  Time since last request: 0.000046 seconds.
  path: Assets/BrokenVector/LowPolyRockPack/Models/Rock Type5 02.dae
  artifactKey: Guid(ee344ff51e4ffbb41949e122c861e46d) Importer(815301076,1909f56bfc062723c751e8b465ee728b)
Start importing Assets/BrokenVector/LowPolyRockPack/Models/Rock Type5 02.dae using Guid(ee344ff51e4ffbb41949e122c861e46d) Importer(815301076,1909f56bfc062723c751e8b465ee728b)  -> (artifact id: '01bf788426dc78cc98b4a4e6bcbcf537') in 0.066475 seconds 
Number of updated asset objects reloaded before import = 0
Number of asset objects unloaded after import = 8
========================================================================
Received Import Request.
  Time since last request: 0.000028 seconds.
  path: Assets/BrokenVector/LowPolyRockPack/Models/Rock Type6 04.dae
  artifactKey: Guid(c4534353dff9c6c468c490e0560f8f91) Importer(815301076,1909f56bfc062723c751e8b465ee728b)
Start importing Assets/BrokenVector/LowPolyRockPack/Models/Rock Type6 04.dae using Guid(c4534353dff9c6c468c490e0560f8f91) Importer(815301076,1909f56bfc062723c751e8b465ee728b)  -> (artifact id: '27a4192599ac1c3141b99effa8ff993e') in 0.081255 seconds 
Number of updated asset objects reloaded before import = 0
Number of asset objects unloaded after import = 8
========================================================================
Received Import Request.
  Time since last request: 0.000374 seconds.
  path: Assets/BrokenVector/LowPolyRockPack/Models/Rock Type2 02.dae
  artifactKey: Guid(815ec0c049d4ec849bd4960c32e13ec2) Importer(815301076,1909f56bfc062723c751e8b465ee728b)
Start importing Assets/BrokenVector/LowPolyRockPack/Models/Rock Type2 02.dae using Guid(815ec0c049d4ec849bd4960c32e13ec2) Importer(815301076,1909f56bfc062723c751e8b465ee728b)  -> (artifact id: 'db602c512dfe81effb143392255864ea') in 0.083600 seconds 
Number of updated asset objects reloaded before import = 0
Number of asset objects unloaded after import = 8
========================================================================
Received Import Request.
  Time since last request: 0.000032 seconds.
  path: Assets/BrokenVector/LowPolyRockPack/Models/Rock Type1 03.dae
  artifactKey: Guid(9d775005a3ddca74096b475e99b14c13) Importer(815301076,1909f56bfc062723c751e8b465ee728b)
Start importing Assets/BrokenVector/LowPolyRockPack/Models/Rock Type1 03.dae using Guid(9d775005a3ddca74096b475e99b14c13) Importer(815301076,1909f56bfc062723c751e8b465ee728b)  -> (artifact id: '93e9eba43ec0a5baf87631d2c764a4cc') in 0.071364 seconds 
Number of updated asset objects reloaded before import = 0
Number of asset objects unloaded after import = 8
========================================================================
Received Import Request.
  Time since last request: 0.000082 seconds.
  path: Assets/BrokenVector/LowPolyRockPack/Models/Rock Type6 01.dae
  artifactKey: Guid(5f0c6f2eeb60c374aad117bde2bd80a1) Importer(815301076,1909f56bfc062723c751e8b465ee728b)
Start importing Assets/BrokenVector/LowPolyRockPack/Models/Rock Type6 01.dae using Guid(5f0c6f2eeb60c374aad117bde2bd80a1) Importer(815301076,1909f56bfc062723c751e8b465ee728b)  -> (artifact id: '3c082247a88ea9c712dd961afefabd0e') in 0.068563 seconds 
Number of updated asset objects reloaded before import = 0
Number of asset objects unloaded after import = 8
========================================================================
Received Import Request.
  Time since last request: 8.151945 seconds.
  path: Assets/Game Buffs
  artifactKey: Guid(a993d28798bf59545874cf984daf5e1c) Importer(815301076,1909f56bfc062723c751e8b465ee728b)
Start importing Assets/Game Buffs using Guid(a993d28798bf59545874cf984daf5e1c) Importer(815301076,1909f56bfc062723c751e8b465ee728b)  -> (artifact id: 'e4ee2e3a56a5b1713cfb04f305cbbfe1') in 0.000748 seconds 
Number of updated asset objects reloaded before import = 0
Number of asset objects unloaded after import = 0
========================================================================
Received Import Request.
  Time since last request: 0.961413 seconds.
  path: Assets/Game Buffs/Free Stylized Textures
  artifactKey: Guid(90d18ef464232c34bbd0adec4bec8bce) Importer(815301076,1909f56bfc062723c751e8b465ee728b)
Start importing Assets/Game Buffs/Free Stylized Textures using Guid(90d18ef464232c34bbd0adec4bec8bce) Importer(815301076,1909f56bfc062723c751e8b465ee728b)  -> (artifact id: '3aa7c0d6f05382fd8bbb410c30b87d59') in 0.001901 seconds 
Number of updated asset objects reloaded before import = 0
Number of asset objects unloaded after import = 0
========================================================================
Received Import Request.
  Time since last request: 77.125793 seconds.
  path: Assets/FloatingEntities/Scripts/GameEntity/FloatingGameEntityFlat.cs
  artifactKey: Guid(ae8ef0545cd89264bb74ccf46f00d07d) Importer(815301076,1909f56bfc062723c751e8b465ee728b)
Start importing Assets/FloatingEntities/Scripts/GameEntity/FloatingGameEntityFlat.cs using Guid(ae8ef0545cd89264bb74ccf46f00d07d) Importer(815301076,1909f56bfc062723c751e8b465ee728b)  -> (artifact id: '31ac3d76a963bbfeb2a39bf2f8cbfa3e') in 0.000876 seconds 
Number of updated asset objects reloaded before import = 0
Number of asset objects unloaded after import = 0
========================================================================
Received Import Request.
  Time since last request: 34.314589 seconds.
  path: Assets/FloatingEntities/Shaders
  artifactKey: Guid(a37d0721c34a6c843bcf6916f7fb2a5a) Importer(815301076,1909f56bfc062723c751e8b465ee728b)
Start importing Assets/FloatingEntities/Shaders using Guid(a37d0721c34a6c843bcf6916f7fb2a5a) Importer(815301076,1909f56bfc062723c751e8b465ee728b)  -> (artifact id: '912bce6cac36ef1e3c0f385e0cda101f') in 0.000801 seconds 
Number of updated asset objects reloaded before import = 0
Number of asset objects unloaded after import = 0
========================================================================
Received Import Request.
  Time since last request: 0.036838 seconds.
  path: Assets/FloatingEntities/Shaders/foam2bc.jpg
  artifactKey: Guid(4655220673b9a4b4185513be7163ed66) Importer(815301076,1909f56bfc062723c751e8b465ee728b)
Start importing Assets/FloatingEntities/Shaders/foam2bc.jpg using Guid(4655220673b9a4b4185513be7163ed66) Importer(815301076,1909f56bfc062723c751e8b465ee728b)  -> (artifact id: 'b8933ee63f139d085a576aa13e39a235') in 0.037977 seconds 
Number of updated asset objects reloaded before import = 0
Number of asset objects unloaded after import = 2
========================================================================
Received Import Request.
  Time since last request: 0.000100 seconds.
  path: Assets/FloatingEntities/Shaders/WaterToolBox.cginc
  artifactKey: Guid(ce34e924462c00949bc89cc8a01b3d47) Importer(815301076,1909f56bfc062723c751e8b465ee728b)
Start importing Assets/FloatingEntities/Shaders/WaterToolBox.cginc using Guid(ce34e924462c00949bc89cc8a01b3d47) Importer(815301076,1909f56bfc062723c751e8b465ee728b)  -> (artifact id: '67d1733ccbf53e4fb5541f0e5a700ebc') in 0.002661 seconds 
Number of updated asset objects reloaded before import = 0
Number of asset objects unloaded after import = 1
========================================================================
Received Import Request.
  Time since last request: 2.114513 seconds.
  path: Assets/FloatingEntities/Scripts
  artifactKey: Guid(6f89386fb18ffd0479693a7714e3edb2) Importer(815301076,1909f56bfc062723c751e8b465ee728b)
Start importing Assets/FloatingEntities/Scripts using Guid(6f89386fb18ffd0479693a7714e3edb2) Importer(815301076,1909f56bfc062723c751e8b465ee728b)  -> (artifact id: '5f5d1239e3267fed1fbc6637def8a6d6') in 0.001264 seconds 
Number of updated asset objects reloaded before import = 0
Number of asset objects unloaded after import = 0
========================================================================
Received Import Request.
  Time since last request: 4.854234 seconds.
  path: Assets/FloatingEntities/Models/Metal_drum
  artifactKey: Guid(3abc16acab3e4e24283b367ab819caeb) Importer(815301076,1909f56bfc062723c751e8b465ee728b)
Start importing Assets/FloatingEntities/Models/Metal_drum using Guid(3abc16acab3e4e24283b367ab819caeb) Importer(815301076,1909f56bfc062723c751e8b465ee728b)  -> (artifact id: '9aa4f4ffc434bea8957af64a833cb6f4') in 0.000682 seconds 
Number of updated asset objects reloaded before import = 0
Number of asset objects unloaded after import = 0
========================================================================
Received Import Request.
  Time since last request: 0.050289 seconds.
  path: Assets/FloatingEntities/Models/Metal_drum/drum.mat
  artifactKey: Guid(d3df275f4b81309478e4febafc3b5cb9) Importer(815301076,1909f56bfc062723c751e8b465ee728b)
Start importing Assets/FloatingEntities/Models/Metal_drum/drum.mat using Guid(d3df275f4b81309478e4febafc3b5cb9) Importer(815301076,1909f56bfc062723c751e8b465ee728b)  -> (artifact id: '641e7c5f8def7c57b84efd953e0ebe6e') in 0.039857 seconds 
Number of updated asset objects reloaded before import = 0
Number of asset objects unloaded after import = 5
========================================================================
Received Import Request.
  Time since last request: 0.000035 seconds.
  path: Assets/FloatingEntities/Models/Metal_drum/drum_normal.png
  artifactKey: Guid(012763d115f1a974389810917c5279d5) Importer(815301076,1909f56bfc062723c751e8b465ee728b)
Start importing Assets/FloatingEntities/Models/Metal_drum/drum_normal.png using Guid(012763d115f1a974389810917c5279d5) Importer(815301076,1909f56bfc062723c751e8b465ee728b)  -> (artifact id: 'd7ef09b3f0fa579b06f4b63010471819') in 0.064191 seconds 
Number of updated asset objects reloaded before import = 0
Number of asset objects unloaded after import = 2
========================================================================
Received Import Request.
  Time since last request: 0.000043 seconds.
  path: Assets/FloatingEntities/Models/Metal_drum/proxy.FBX
  artifactKey: Guid(ee86c1e202286444da9f950e33d5654a) Importer(815301076,1909f56bfc062723c751e8b465ee728b)
Start importing Assets/FloatingEntities/Models/Metal_drum/proxy.FBX using Guid(ee86c1e202286444da9f950e33d5654a) Importer(815301076,1909f56bfc062723c751e8b465ee728b)  -> (artifact id: '791d44c1670098f4eef158157410c395') in 0.056927 seconds 
Number of updated asset objects reloaded before import = 0
Number of asset objects unloaded after import = 7
========================================================================
Received Import Request.
  Time since last request: 0.000088 seconds.
  path: Assets/FloatingEntities/Models/Metal_drum/drum_diff.png
  artifactKey: Guid(7a273955164f642438fbec11e6fc12de) Importer(815301076,1909f56bfc062723c751e8b465ee728b)
Start importing Assets/FloatingEntities/Models/Metal_drum/drum_diff.png using Guid(7a273955164f642438fbec11e6fc12de) Importer(815301076,1909f56bfc062723c751e8b465ee728b)  -> (artifact id: 'a5f31c0ac0697b1c1bbd303ef700079a') in 0.053843 seconds 
Number of updated asset objects reloaded before import = 0
Number of asset objects unloaded after import = 2
========================================================================
Received Import Request.
  Time since last request: 0.000117 seconds.
  path: Assets/FloatingEntities/Models/Metal_drum/drum_b.mat
  artifactKey: Guid(8b1907dc760add140ae217c1c5084794) Importer(815301076,1909f56bfc062723c751e8b465ee728b)
Start importing Assets/FloatingEntities/Models/Metal_drum/drum_b.mat using Guid(8b1907dc760add140ae217c1c5084794) Importer(815301076,1909f56bfc062723c751e8b465ee728b)  -> (artifact id: 'd1b768c81aa4b15cab365bb40e78b574') in 0.050113 seconds 
Number of updated asset objects reloaded before import = 0
Number of asset objects unloaded after import = 5
========================================================================
Received Import Request.
  Time since last request: 0.000032 seconds.
  path: Assets/FloatingEntities/Models/Metal_drum/drum_height.tga
  artifactKey: Guid(de80caed81ef0cc4b9dbeb4a29fe71a1) Importer(815301076,1909f56bfc062723c751e8b465ee728b)
Start importing Assets/FloatingEntities/Models/Metal_drum/drum_height.tga using Guid(de80caed81ef0cc4b9dbeb4a29fe71a1) Importer(815301076,1909f56bfc062723c751e8b465ee728b)  -> (artifact id: '94ac5255d781cce9839c6e9d0ba863e9') in 0.034612 seconds 
Number of updated asset objects reloaded before import = 0
Number of asset objects unloaded after import = 2
========================================================================
Received Import Request.
  Time since last request: 14.101193 seconds.
  path: Assets/FloatingEntities/Models/NCGC_VAKTA
  artifactKey: Guid(3f4b70ddad1b1d5448e923c62bf01e27) Importer(815301076,1909f56bfc062723c751e8b465ee728b)
Start importing Assets/FloatingEntities/Models/NCGC_VAKTA using Guid(3f4b70ddad1b1d5448e923c62bf01e27) Importer(815301076,1909f56bfc062723c751e8b465ee728b)  -> (artifact id: 'b3df50fc419bc811a450ca46fa1ebb72') in 0.000800 seconds 
Number of updated asset objects reloaded before import = 0
Number of asset objects unloaded after import = 0
========================================================================
Received Import Request.
  Time since last request: 0.073034 seconds.
  path: Assets/FloatingEntities/Models/NCGC_VAKTA/floor_proxy.FBX
  artifactKey: Guid(a446eaa9722bc2745aba8eb140d20b0b) Importer(815301076,1909f56bfc062723c751e8b465ee728b)
Start importing Assets/FloatingEntities/Models/NCGC_VAKTA/floor_proxy.FBX using Guid(a446eaa9722bc2745aba8eb140d20b0b) Importer(815301076,1909f56bfc062723c751e8b465ee728b)  -> (artifact id: '312224401ccaa87326c6bdbaf415cbab') in 0.067420 seconds 
Number of updated asset objects reloaded before import = 0
Number of asset objects unloaded after import = 7
========================================================================
Received Import Request.
  Time since last request: 2.850874 seconds.
  path: Assets/FloatingEntities/Models/NCGC_VAKTA/Materials
  artifactKey: Guid(ae76783f51dd806428514bb78242816e) Importer(815301076,1909f56bfc062723c751e8b465ee728b)
Start importing Assets/FloatingEntities/Models/NCGC_VAKTA/Materials using Guid(ae76783f51dd806428514bb78242816e) Importer(815301076,1909f56bfc062723c751e8b465ee728b)  -> (artifact id: 'e4f31468d0929f616faa54187fc0c24d') in 0.000657 seconds 
Number of updated asset objects reloaded before import = 0
Number of asset objects unloaded after import = 0
========================================================================
Received Import Request.
  Time since last request: 0.036875 seconds.
  path: Assets/FloatingEntities/Models/NCGC_VAKTA/Materials/No Name.mat
  artifactKey: Guid(a91ad33252e24cb4c96bce62b0d2970a) Importer(815301076,1909f56bfc062723c751e8b465ee728b)
Start importing Assets/FloatingEntities/Models/NCGC_VAKTA/Materials/No Name.mat using Guid(a91ad33252e24cb4c96bce62b0d2970a) Importer(815301076,1909f56bfc062723c751e8b465ee728b)  -> (artifact id: 'b6921461a961fb5ef1d5f651132266a0') in 0.020857 seconds 
Number of updated asset objects reloaded before import = 0
Number of asset objects unloaded after import = 1
========================================================================
Received Import Request.
  Time since last request: 0.007150 seconds.
  path: Assets/FloatingEntities/Models/NCGC_VAKTA/Materials/VAKTA_metal.mat
  artifactKey: Guid(afd3df1f7df40504f8f8fb81597dd4ff) Importer(815301076,1909f56bfc062723c751e8b465ee728b)
Start importing Assets/FloatingEntities/Models/NCGC_VAKTA/Materials/VAKTA_metal.mat using Guid(afd3df1f7df40504f8f8fb81597dd4ff) Importer(815301076,1909f56bfc062723c751e8b465ee728b)  -> (artifact id: 'dd0941ea1a9da20b7c35e9da7e1367e3') in 0.033102 seconds 
Number of updated asset objects reloaded before import = 0
Number of asset objects unloaded after import = 1
========================================================================
Received Import Request.
  Time since last request: 43.702126 seconds.
  path: Assets/FloatingEntities/Models/NCGC_VAKTA/Materials/safety
  artifactKey: Guid(1958625bd1c977b4eadfc4ef1207ffcb) Importer(815301076,1909f56bfc062723c751e8b465ee728b)
Start importing Assets/FloatingEntities/Models/NCGC_VAKTA/Materials/safety using Guid(1958625bd1c977b4eadfc4ef1207ffcb) Importer(815301076,1909f56bfc062723c751e8b465ee728b)  -> (artifact id: '9418605f019610a763884d6e4d051ced') in 0.000622 seconds 
Number of updated asset objects reloaded before import = 0
Number of asset objects unloaded after import = 0
========================================================================
Received Import Request.
  Time since last request: 0.053717 seconds.
  path: Assets/FloatingEntities/Models/NCGC_VAKTA/Materials/safety/safety_ao.tga
  artifactKey: Guid(3dedbc14d1bbc1e4c99fcaa70738604a) Importer(815301076,1909f56bfc062723c751e8b465ee728b)
Start importing Assets/FloatingEntities/Models/NCGC_VAKTA/Materials/safety/safety_ao.tga using Guid(3dedbc14d1bbc1e4c99fcaa70738604a) Importer(815301076,1909f56bfc062723c751e8b465ee728b)  -> (artifact id: 'a4071c9ea8cb15080f06bec00d06e45e') in 0.042344 seconds 
Number of updated asset objects reloaded before import = 0
Number of asset objects unloaded after import = 2
Editor requested this worker to shutdown with reason: Scaling down because of idle timeout
TcpMessagingSession - receive error: operation aborted. errorcode: 995, details: Lopration dentre/sortie a t abandonne en raison de larrt dun thread ou  la demande dune application.
AssetImportWorker is now disconnected from the server
Process exiting
Exiting without the bug reporter. Application will terminate with return code 0