Using pre-set license
Built from '2022.2/staging' branch; Version is '2022.2.5f1 (551d45108343) revision 5578053'; Using compiler version '192829333'; Build Type 'Release'
OS: 'Windows 11  (10.0.22621) 64bit Core' Language: 'fr' Physical Memory: 15720 MB
BatchMode: 1, IsHumanControllingUs: 0, StartBugReporterOnCrash: 0, Is64bit: 1, IsPro: 1

COMMAND LINE ARGUMENTS:
C:\Program Files\Unity\Hub\Editor\2022.2.5f1\Editor\Unity.exe
-adb2
-batchMode
-noUpm
-name
AssetImportWorker8
-projectPath
C:/Users/staba/ProjetS2/Projet S2
-logFile
Logs/AssetImportWorker8.log
-srvPort
63432
Successfully changed project path to: C:/Users/staba/ProjetS2/Projet S2
C:/Users/staba/ProjetS2/Projet S2
[UnityMemory] Configuration Parameters - Can be set up in boot.config
    "memorysetup-bucket-allocator-granularity=16"
    "memorysetup-bucket-allocator-bucket-count=8"
    "memorysetup-bucket-allocator-block-size=33554432"
    "memorysetup-bucket-allocator-block-count=8"
    "memorysetup-main-allocator-block-size=16777216"
    "memorysetup-thread-allocator-block-size=16777216"
    "memorysetup-gfx-main-allocator-block-size=16777216"
    "memorysetup-gfx-thread-allocator-block-size=16777216"
    "memorysetup-cache-allocator-block-size=4194304"
    "memorysetup-typetree-allocator-block-size=2097152"
    "memorysetup-profiler-bucket-allocator-granularity=16"
    "memorysetup-profiler-bucket-allocator-bucket-count=8"
    "memorysetup-profiler-bucket-allocator-block-size=33554432"
    "memorysetup-profiler-bucket-allocator-block-count=8"
    "memorysetup-profiler-allocator-block-size=16777216"
    "memorysetup-profiler-editor-allocator-block-size=1048576"
    "memorysetup-temp-allocator-size-main=16777216"
    "memorysetup-job-temp-allocator-block-size=2097152"
    "memorysetup-job-temp-allocator-block-size-background=1048576"
    "memorysetup-job-temp-allocator-reduction-small-platforms=262144"
    "memorysetup-temp-allocator-size-background-worker=32768"
    "memorysetup-temp-allocator-size-job-worker=262144"
    "memorysetup-temp-allocator-size-preload-manager=33554432"
    "memorysetup-temp-allocator-size-nav-mesh-worker=65536"
    "memorysetup-temp-allocator-size-audio-worker=65536"
    "memorysetup-temp-allocator-size-cloud-worker=32768"
    "memorysetup-temp-allocator-size-gi-baking-worker=262144"
    "memorysetup-temp-allocator-size-gfx=262144"
Player connection [15540] Host "[IP] 192.168.1.36 [Port] 0 [Flags] 2 [Guid] 3066652049 [EditorId] 3066652049 [Version] 1048832 [Id] WindowsEditor(7,DESKTOP-ETVF3KA) [Debug] 1 [PackageName] WindowsEditor [ProjectName] Editor" joined multi-casting on [225.0.0.222:54997]...

Player connection [15540] Host "[IP] 192.168.1.36 [Port] 0 [Flags] 2 [Guid] 3066652049 [EditorId] 3066652049 [Version] 1048832 [Id] WindowsEditor(7,DESKTOP-ETVF3KA) [Debug] 1 [PackageName] WindowsEditor [ProjectName] Editor" joined alternative multi-casting on [225.0.0.222:34997]...

Refreshing native plugins compatible for Editor in 32.89 ms, found 3 plugins.
Preloading 0 native plugins for Editor in 0.00 ms.
Initialize engine version: 2022.2.5f1 (551d45108343)
[Subsystems] Discovering subsystems at path C:/Program Files/Unity/Hub/Editor/2022.2.5f1/Editor/Data/Resources/UnitySubsystems
[Subsystems] Discovering subsystems at path C:/Users/staba/ProjetS2/Projet S2/Assets
GfxDevice: creating device client; threaded=0; jobified=0
Direct3D:
    Version:  Direct3D 11.0 [level 11.1]
    Renderer: NVIDIA GeForce RTX 3060 Laptop GPU (ID=0x2560)
    Vendor:   NVIDIA
    VRAM:     6009 MB
    Driver:   31.0.15.2756
Initialize mono
Mono path[0] = 'C:/Program Files/Unity/Hub/Editor/2022.2.5f1/Editor/Data/Managed'
Mono path[1] = 'C:/Program Files/Unity/Hub/Editor/2022.2.5f1/Editor/Data/MonoBleedingEdge/lib/mono/unityjit-win32'
Mono config path = 'C:/Program Files/Unity/Hub/Editor/2022.2.5f1/Editor/Data/MonoBleedingEdge/etc'
Using monoOptions --debugger-agent=transport=dt_socket,embedding=1,server=y,suspend=n,address=127.0.0.1:56588
Begin MonoManager ReloadAssembly
Registering precompiled unity dll's ...
Register platform support module: C:/Program Files/Unity/Hub/Editor/2022.2.5f1/Editor/Data/PlaybackEngines/WindowsStandaloneSupport/UnityEditor.WindowsStandalone.Extensions.dll
Registered in 0.005253 seconds.
- Loaded All Assemblies, in  0.266 seconds
Native extension for WindowsStandalone target not found
Mono: successfully reloaded assembly
- Finished resetting the current domain, in  0.293 seconds
Domain Reload Profiling:
	ReloadAssembly (164ms)
		BeginReloadAssembly (67ms)
			ExecutionOrderSort (0ms)
			DisableScriptedObjects (0ms)
			BackupInstance (0ms)
			ReleaseScriptingObjects (0ms)
			CreateAndSetChildDomain (1ms)
		LoadAllAssembliesAndSetupDomain (0ms)
			LoadAssemblies (65ms)
			RebuildTransferFunctionScriptingTraits (0ms)
			SetupTypeCache (96ms)
				TypeCache.Initialize (95ms)
					TypeCache.ScanAssembly (93ms)
				ResolveRequiredComponents (1ms)
		FinalizeReload (0ms)
			ReleaseScriptCaches (0ms)
			RebuildScriptCaches (0ms)
			SetupLoadedEditorAssemblies (238ms)
				LogAssemblyErrors (0ms)
				InitializePlatformSupportModulesInManaged (11ms)
				SetLoadedEditorAssemblies (9ms)
				RefreshPlugins (0ms)
				BeforeProcessingInitializeOnLoad (2ms)
				ProcessInitializeOnLoadAttributes (171ms)
				ProcessInitializeOnLoadMethodAttributes (45ms)
				AfterProcessingInitializeOnLoad (0ms)
				EditorAssembliesLoaded (0ms)
			ExecutionOrderSort2 (0ms)
			AwakeInstancesAfterBackupRestoration (0ms)
========================================================================
Worker process is ready to serve import requests
Begin MonoManager ReloadAssembly
Symbol file LoadedFromMemory doesn't match image C:\Users\staba\ProjetS2\Projet S2\Library\PackageCache\com.unity.visualscripting@1.8.0\Editor\VisualScripting.Core\Dependencies\YamlDotNet\Unity.VisualScripting.YamlDotNet.dll
Symbol file LoadedFromMemory doesn't match image C:\Users\staba\ProjetS2\Projet S2\Library\PackageCache\com.unity.visualscripting@1.8.0\Editor\VisualScripting.Core\Dependencies\DotNetZip\Unity.VisualScripting.IonicZip.dll
- Loaded All Assemblies, in  0.844 seconds
Refreshing native plugins compatible for Editor in 12.46 ms, found 3 plugins.
Native extension for WindowsStandalone target not found
Mono: successfully reloaded assembly
- Finished resetting the current domain, in  0.640 seconds
Domain Reload Profiling:
	ReloadAssembly (186ms)
		BeginReloadAssembly (105ms)
			ExecutionOrderSort (0ms)
			DisableScriptedObjects (6ms)
			BackupInstance (0ms)
			ReleaseScriptingObjects (0ms)
			CreateAndSetChildDomain (21ms)
		LoadAllAssembliesAndSetupDomain (655ms)
			LoadAssemblies (269ms)
			RebuildTransferFunctionScriptingTraits (0ms)
			SetupTypeCache (426ms)
				TypeCache.Initialize (241ms)
					TypeCache.ScanAssembly (236ms)
				ResolveRequiredComponents (4ms)
		FinalizeReload (0ms)
			ReleaseScriptCaches (0ms)
			RebuildScriptCaches (0ms)
			SetupLoadedEditorAssemblies (504ms)
				LogAssemblyErrors (0ms)
				InitializePlatformSupportModulesInManaged (5ms)
				SetLoadedEditorAssemblies (3ms)
				RefreshPlugins (0ms)
				BeforeProcessingInitializeOnLoad (64ms)
				ProcessInitializeOnLoadAttributes (316ms)
				ProcessInitializeOnLoadMethodAttributes (110ms)
				AfterProcessingInitializeOnLoad (6ms)
				EditorAssembliesLoaded (0ms)
			ExecutionOrderSort2 (0ms)
			AwakeInstancesAfterBackupRestoration (6ms)
Launched and connected shader compiler UnityShaderCompiler.exe after 0.04 seconds
Refreshing native plugins compatible for Editor in 11.24 ms, found 3 plugins.
Preloading 0 native plugins for Editor in 0.00 ms.
Unloading 4342 Unused Serialized files (Serialized files now loaded: 0)
Unloading 72 unused Assets / (418.4 KB). Loaded Objects now: 4799.
Memory consumption went from 0.68 GB to 0.68 GB.
Total: 7.365600 ms (FindLiveObjects: 0.430200 ms CreateObjectMapping: 0.350600 ms MarkObjects: 6.245900 ms  DeleteObjects: 0.337600 ms)

AssetImportParameters requested are different than current active one (requested -> active):
  custom:container-demuxer-ogg: 62fdf1f143b41e24485cea50d1cbac27 -> 
  custom:video-codec-MediaFoundation-h265: 746d11721c4dcdbdad8f713fa42b33f4 -> 
  custom:video-decoder-ogg-theora: a1e56fd34408186e4bbccfd4996cb3dc -> 
  custom:framework-win-MediaFoundation: 216162199b28c13a410421893ffa2e32 -> 
  custom:container-demuxer-webm: 4f35f7cbe854078d1ac9338744f61a02 -> 
  custom:container-muxer-webm: aa71ff27fc2769a1b78a27578f13a17b -> 
  custom:video-decoder-webm-vp8: 9c59270c3fd7afecdb556c50c9e8de78 -> 
  custom:AudioImporter_EditorPlatform: d09bf68614088b80899f8185d706f6e7 -> 
  custom:video-encoder-webm-vp8: eb34c28f22e8b96e1ab97ce403110664 -> 
  custom:audio-decoder-ogg-vorbis: bf7c407c2cedff20999df2af8eb42d56 -> 
  custom:audio-encoder-webm-vorbis: bf7c407c2cedff20999df2af8eb42d56 -> 
========================================================================
Received Import Request.
  Time since last request: 200234.022352 seconds.
  path: Assets/MaximeBrunoni/CountryHouse/Art/Materials/Flap.mat
  artifactKey: Guid(97578c8489c97af4d98c4a94b11e9907) Importer(815301076,1909f56bfc062723c751e8b465ee728b)
Start importing Assets/MaximeBrunoni/CountryHouse/Art/Materials/Flap.mat using Guid(97578c8489c97af4d98c4a94b11e9907) Importer(815301076,1909f56bfc062723c751e8b465ee728b)  -> (artifact id: 'd56209f6e8dabe2d59c4da20b91b1ed0') in 0.124862 seconds 
Number of updated asset objects reloaded before import = 0
Number of asset objects unloaded after import = 4
========================================================================
Received Import Request.
  Time since last request: 67.070537 seconds.
  path: Assets/Assets de la map/BrokenVector/LowPolyBrickHouses/Prefabs/Birchtree.prefab
  artifactKey: Guid(37338ca5476fa424c932cea9208100d3) Importer(815301076,1909f56bfc062723c751e8b465ee728b)
Start importing Assets/Assets de la map/BrokenVector/LowPolyBrickHouses/Prefabs/Birchtree.prefab using Guid(37338ca5476fa424c932cea9208100d3) Importer(815301076,1909f56bfc062723c751e8b465ee728b)  -> (artifact id: 'f563017b6dd75dea3d62c4cedd84cc51') in 0.139503 seconds 
Number of updated asset objects reloaded before import = 0
Number of asset objects unloaded after import = 12
========================================================================
Received Import Request.
  Time since last request: 0.000024 seconds.
  path: Assets/Assets de la map/BrokenVector/LowPolyBrickHouses/Prefabs/Ship.prefab
  artifactKey: Guid(f6f346a53c4b3a24c867c377bde62d17) Importer(815301076,1909f56bfc062723c751e8b465ee728b)
Start importing Assets/Assets de la map/BrokenVector/LowPolyBrickHouses/Prefabs/Ship.prefab using Guid(f6f346a53c4b3a24c867c377bde62d17) Importer(815301076,1909f56bfc062723c751e8b465ee728b)  -> (artifact id: '29c12df94a785eb31b16b3d5c7c795f2') in 0.031944 seconds 
Number of updated asset objects reloaded before import = 0
Number of asset objects unloaded after import = 10
========================================================================
Received Import Request.
  Time since last request: 0.000044 seconds.
  path: Assets/Assets de la map/BrokenVector/LowPolyBrickHouses/Prefabs/RiverWallOpen.prefab
  artifactKey: Guid(dd6f629302f173646a25d46dbd945d78) Importer(815301076,1909f56bfc062723c751e8b465ee728b)
Start importing Assets/Assets de la map/BrokenVector/LowPolyBrickHouses/Prefabs/RiverWallOpen.prefab using Guid(dd6f629302f173646a25d46dbd945d78) Importer(815301076,1909f56bfc062723c751e8b465ee728b)  -> (artifact id: '7fa454d40f141d5b69b99764901fdb4f') in 0.041884 seconds 
Number of updated asset objects reloaded before import = 0
Number of asset objects unloaded after import = 13
========================================================================
Received Import Request.
  Time since last request: 0.000026 seconds.
  path: Assets/Assets de la map/BrokenVector/LowPolyBrickHouses/Prefabs/Chair.prefab
  artifactKey: Guid(24a5f7c212479624ba65a0ad94f34342) Importer(815301076,1909f56bfc062723c751e8b465ee728b)
Start importing Assets/Assets de la map/BrokenVector/LowPolyBrickHouses/Prefabs/Chair.prefab using Guid(24a5f7c212479624ba65a0ad94f34342) Importer(815301076,1909f56bfc062723c751e8b465ee728b)  -> (artifact id: '107a34d56112cb59248178d61ca429a7') in 0.023204 seconds 
Number of updated asset objects reloaded before import = 0
Number of asset objects unloaded after import = 10
========================================================================
Received Import Request.
  Time since last request: 0.000018 seconds.
  path: Assets/Assets de la map/BrokenVector/LowPolyBrickHouses/Prefabs/FenceEnd.prefab
  artifactKey: Guid(4b9dc5e7010a14f4aab81de3a20f07b0) Importer(815301076,1909f56bfc062723c751e8b465ee728b)
Start importing Assets/Assets de la map/BrokenVector/LowPolyBrickHouses/Prefabs/FenceEnd.prefab using Guid(4b9dc5e7010a14f4aab81de3a20f07b0) Importer(815301076,1909f56bfc062723c751e8b465ee728b)  -> (artifact id: '52efaa5568d7c0a32e4377434a24c71c') in 0.024581 seconds 
Number of updated asset objects reloaded before import = 0
Number of asset objects unloaded after import = 10
========================================================================
Received Import Request.
  Time since last request: 0.000025 seconds.
  path: Assets/Assets de la map/BrokenVector/LowPolyBrickHouses/Prefabs/House_7.prefab
  artifactKey: Guid(14db1ccf5b7890b499bfd6c79b3bf46f) Importer(815301076,1909f56bfc062723c751e8b465ee728b)
Start importing Assets/Assets de la map/BrokenVector/LowPolyBrickHouses/Prefabs/House_7.prefab using Guid(14db1ccf5b7890b499bfd6c79b3bf46f) Importer(815301076,1909f56bfc062723c751e8b465ee728b)  -> (artifact id: '0cfa4d025340f99c083a53a6f6ff7f55') in 0.025953 seconds 
Number of updated asset objects reloaded before import = 0
Number of asset objects unloaded after import = 37
========================================================================
Received Import Request.
  Time since last request: 0.000021 seconds.
  path: Assets/Assets de la map/BrokenVector/LowPolyBrickHouses/Prefabs/Fence.prefab
  artifactKey: Guid(694a9c3445f3cb0448c24a04ce64d96d) Importer(815301076,1909f56bfc062723c751e8b465ee728b)
Start importing Assets/Assets de la map/BrokenVector/LowPolyBrickHouses/Prefabs/Fence.prefab using Guid(694a9c3445f3cb0448c24a04ce64d96d) Importer(815301076,1909f56bfc062723c751e8b465ee728b)  -> (artifact id: 'c434115e0bf1197c38b34156ca0ff84f') in 0.023047 seconds 
Number of updated asset objects reloaded before import = 0
Number of asset objects unloaded after import = 10
========================================================================
Received Import Request.
  Time since last request: 0.000024 seconds.
  path: Assets/Assets de la map/BrokenVector/LowPolyBrickHouses/Prefabs/House_2.prefab
  artifactKey: Guid(544cd25ee8b26f549b827a231b2faf0c) Importer(815301076,1909f56bfc062723c751e8b465ee728b)
Start importing Assets/Assets de la map/BrokenVector/LowPolyBrickHouses/Prefabs/House_2.prefab using Guid(544cd25ee8b26f549b827a231b2faf0c) Importer(815301076,1909f56bfc062723c751e8b465ee728b)  -> (artifact id: 'ff1273bda46495d3ba281e0e5dfef99d') in 0.025558 seconds 
Number of updated asset objects reloaded before import = 0
Number of asset objects unloaded after import = 43
========================================================================
Received Import Request.
  Time since last request: 0.000022 seconds.
  path: Assets/Assets de la map/BrokenVector/LowPolyBrickHouses/Prefabs/RiverBridge.prefab
  artifactKey: Guid(5bf57647fe46deb40a2b6a3b57e4c344) Importer(815301076,1909f56bfc062723c751e8b465ee728b)
Start importing Assets/Assets de la map/BrokenVector/LowPolyBrickHouses/Prefabs/RiverBridge.prefab using Guid(5bf57647fe46deb40a2b6a3b57e4c344) Importer(815301076,1909f56bfc062723c751e8b465ee728b)  -> (artifact id: '4069b6f0ceaeec2bab83fd093448c680') in 0.023967 seconds 
Number of updated asset objects reloaded before import = 0
Number of asset objects unloaded after import = 13
========================================================================
Received Import Request.
  Time since last request: 0.000028 seconds.
  path: Assets/Assets de la map/BrokenVector/LowPolyBrickHouses/Prefabs/RiverLand.prefab
  artifactKey: Guid(f7752189d25c7ce4887212db1164ed51) Importer(815301076,1909f56bfc062723c751e8b465ee728b)
Start importing Assets/Assets de la map/BrokenVector/LowPolyBrickHouses/Prefabs/RiverLand.prefab using Guid(f7752189d25c7ce4887212db1164ed51) Importer(815301076,1909f56bfc062723c751e8b465ee728b)  -> (artifact id: 'b8326c8524a070023f3de88d16075d04') in 0.021747 seconds 
Number of updated asset objects reloaded before import = 0
Number of asset objects unloaded after import = 10
========================================================================
Received Import Request.
  Time since last request: 0.000025 seconds.
  path: Assets/Assets de la map/BrokenVector/LowPolyBrickHouses/Prefabs/House_6.prefab
  artifactKey: Guid(5ff647d15160e7e42917b3e338c66c66) Importer(815301076,1909f56bfc062723c751e8b465ee728b)
Start importing Assets/Assets de la map/BrokenVector/LowPolyBrickHouses/Prefabs/House_6.prefab using Guid(5ff647d15160e7e42917b3e338c66c66) Importer(815301076,1909f56bfc062723c751e8b465ee728b)  -> (artifact id: '574332af792562dbc407fa33281785b9') in 0.023963 seconds 
Number of updated asset objects reloaded before import = 0
Number of asset objects unloaded after import = 25
========================================================================
Received Import Request.
  Time since last request: 0.000034 seconds.
  path: Assets/Assets de la map/BrokenVector/LowPolyBrickHouses/Prefabs/Lighthouse.prefab
  artifactKey: Guid(d362e56f7a8edcf449cea294c0e6acff) Importer(815301076,1909f56bfc062723c751e8b465ee728b)
Start importing Assets/Assets de la map/BrokenVector/LowPolyBrickHouses/Prefabs/Lighthouse.prefab using Guid(d362e56f7a8edcf449cea294c0e6acff) Importer(815301076,1909f56bfc062723c751e8b465ee728b)  -> (artifact id: 'bad58a486f00b5a98dcbb463fb9cddf4') in 0.023537 seconds 
Number of updated asset objects reloaded before import = 0
Number of asset objects unloaded after import = 11
========================================================================
Received Import Request.
  Time since last request: 0.000024 seconds.
  path: Assets/Assets de la map/BrokenVector/LowPolyBrickHouses/Prefabs/Foliage_2.prefab
  artifactKey: Guid(57b13a00f04105d47af5e0707fffd244) Importer(815301076,1909f56bfc062723c751e8b465ee728b)
Start importing Assets/Assets de la map/BrokenVector/LowPolyBrickHouses/Prefabs/Foliage_2.prefab using Guid(57b13a00f04105d47af5e0707fffd244) Importer(815301076,1909f56bfc062723c751e8b465ee728b)  -> (artifact id: '99c34a2ae4091c8728757960b3e1f3f9') in 0.246306 seconds 
Number of updated asset objects reloaded before import = 0
Number of asset objects unloaded after import = 11
========================================================================
Received Import Request.
  Time since last request: 9.210409 seconds.
  path: Assets/Assets de la map/EmaceArt/Slavic World Free/Prefabs/EA_Room_Int_Kitchen_Comp_7x10_01a_PRE.prefab
  artifactKey: Guid(dde4e20405bbdff44a7a8e57f9f6eab8) Importer(815301076,1909f56bfc062723c751e8b465ee728b)
Start importing Assets/Assets de la map/EmaceArt/Slavic World Free/Prefabs/EA_Room_Int_Kitchen_Comp_7x10_01a_PRE.prefab using Guid(dde4e20405bbdff44a7a8e57f9f6eab8) Importer(815301076,1909f56bfc062723c751e8b465ee728b)  -> (artifact id: '3a496d194150a1153c2020ebf56e70b9') in 0.181784 seconds 
Number of updated asset objects reloaded before import = 0
Number of asset objects unloaded after import = 1889
========================================================================
Received Import Request.
  Time since last request: 4.511423 seconds.
  path: Assets/Assets de la map/EmaceArt/Slavic World Free/Prefabs/Town/Building/EA03_Town_House_Comp_02a_PRE.prefab
  artifactKey: Guid(8df3daf84b58c4b4bb283bcedf5d9d62) Importer(815301076,1909f56bfc062723c751e8b465ee728b)
Start importing Assets/Assets de la map/EmaceArt/Slavic World Free/Prefabs/Town/Building/EA03_Town_House_Comp_02a_PRE.prefab using Guid(8df3daf84b58c4b4bb283bcedf5d9d62) Importer(815301076,1909f56bfc062723c751e8b465ee728b)  -> (artifact id: '8bde9a1d1fe29a03c7af4830afaac70e') in 0.030265 seconds 
Number of updated asset objects reloaded before import = 0
Number of asset objects unloaded after import = 442
========================================================================
Received Import Request.
  Time since last request: 0.000029 seconds.
  path: Assets/Assets de la map/EmaceArt/Slavic World Free/Prefabs/Town/Building/EA03_Town_House_Comp_03c_PRE.prefab
  artifactKey: Guid(127ca850a4457ad4b913ff6f1383d396) Importer(815301076,1909f56bfc062723c751e8b465ee728b)
Start importing Assets/Assets de la map/EmaceArt/Slavic World Free/Prefabs/Town/Building/EA03_Town_House_Comp_03c_PRE.prefab using Guid(127ca850a4457ad4b913ff6f1383d396) Importer(815301076,1909f56bfc062723c751e8b465ee728b)  -> (artifact id: 'bab59c8df9f24a1679e23dfe073d6b9b') in 0.036582 seconds 
Number of updated asset objects reloaded before import = 0
Number of asset objects unloaded after import = 809
========================================================================
Received Import Request.
  Time since last request: 10.931122 seconds.
  path: Assets/Assets de la map/EmaceArt/Slavic World Free/Prefabs/Village/Building/Other/EA03_Village_OutBuilding_Convenience_01a_PRE.prefab
  artifactKey: Guid(ea1570d0256864e4c8563689a8122aa8) Importer(815301076,1909f56bfc062723c751e8b465ee728b)
Start importing Assets/Assets de la map/EmaceArt/Slavic World Free/Prefabs/Village/Building/Other/EA03_Village_OutBuilding_Convenience_01a_PRE.prefab using Guid(ea1570d0256864e4c8563689a8122aa8) Importer(815301076,1909f56bfc062723c751e8b465ee728b)  -> (artifact id: 'a6a43c5bf1f732a8f638798ae04178a2') in 0.012795 seconds 
Number of updated asset objects reloaded before import = 0
Number of asset objects unloaded after import = 33
========================================================================
Received Import Request.
  Time since last request: 0.000021 seconds.
  path: Assets/Assets de la map/EmaceArt/Slavic World Free/Prefabs/Village/Building/Other/EA_Roof_01a_PRE.prefab
  artifactKey: Guid(746ffc8b5947a5f438a93068a7fcc424) Importer(815301076,1909f56bfc062723c751e8b465ee728b)
Start importing Assets/Assets de la map/EmaceArt/Slavic World Free/Prefabs/Village/Building/Other/EA_Roof_01a_PRE.prefab using Guid(746ffc8b5947a5f438a93068a7fcc424) Importer(815301076,1909f56bfc062723c751e8b465ee728b)  -> (artifact id: '6bc696c543b14f8378f907ac5aa33f8d') in 0.017091 seconds 
Number of updated asset objects reloaded before import = 0
Number of asset objects unloaded after import = 75
========================================================================
Received Import Request.
  Time since last request: 144.063573 seconds.
  path: Assets/Game Buffs/Free Stylized Textures/Textures/Bones_Debris_1/Bones_Debris_1.mat
  artifactKey: Guid(e36e7f3cf33b7064487e652e84661d14) Importer(815301076,1909f56bfc062723c751e8b465ee728b)
Start importing Assets/Game Buffs/Free Stylized Textures/Textures/Bones_Debris_1/Bones_Debris_1.mat using Guid(e36e7f3cf33b7064487e652e84661d14) Importer(815301076,1909f56bfc062723c751e8b465ee728b)  -> (artifact id: '653fcce77a63a5c5325ab37403173621') in 0.013647 seconds 
Number of updated asset objects reloaded before import = 0
Number of asset objects unloaded after import = 1
========================================================================
Received Import Request.
  Time since last request: 0.000019 seconds.
  path: Assets/Game Buffs/Free Stylized Textures/Textures/Bones_Debris_1/Bones_Debris_1_AO.png
  artifactKey: Guid(6784602c7564c0347a2d5429f0b479b5) Importer(815301076,1909f56bfc062723c751e8b465ee728b)
Start importing Assets/Game Buffs/Free Stylized Textures/Textures/Bones_Debris_1/Bones_Debris_1_AO.png using Guid(6784602c7564c0347a2d5429f0b479b5) Importer(815301076,1909f56bfc062723c751e8b465ee728b)  -> (artifact id: '9c4541420b59569d8a46ab1a32cb1c07') in 0.022149 seconds 
Number of updated asset objects reloaded before import = 0
Number of asset objects unloaded after import = 2
========================================================================
Received Import Request.
  Time since last request: 0.008731 seconds.
  path: Assets/Game Buffs/Free Stylized Textures/Textures/Bones_Debris_1/Bones_Debris_1_Normal.png
  artifactKey: Guid(c8055f3dea7b7734b8c42dc54beac671) Importer(815301076,1909f56bfc062723c751e8b465ee728b)
Start importing Assets/Game Buffs/Free Stylized Textures/Textures/Bones_Debris_1/Bones_Debris_1_Normal.png using Guid(c8055f3dea7b7734b8c42dc54beac671) Importer(815301076,1909f56bfc062723c751e8b465ee728b)  -> (artifact id: '5577ca97e6075717a70e5bbf9932afcc') in 0.030045 seconds 
Number of updated asset objects reloaded before import = 0
Number of asset objects unloaded after import = 2
========================================================================
Received Import Request.
  Time since last request: 0.000031 seconds.
  path: Assets/Assets de la map/MaximeBrunoni/BridgesPack/Art/Textures/BridgeHanging/bridge_hanging_01_AlbedoTransparency.png
  artifactKey: Guid(8a3782bd0202b6348a49e41f9306506a) Importer(815301076,1909f56bfc062723c751e8b465ee728b)
Start importing Assets/Assets de la map/MaximeBrunoni/BridgesPack/Art/Textures/BridgeHanging/bridge_hanging_01_AlbedoTransparency.png using Guid(8a3782bd0202b6348a49e41f9306506a) Importer(815301076,1909f56bfc062723c751e8b465ee728b)  -> (artifact id: '8f4025def1062a59f9d39619a8e0533e') in 0.035698 seconds 
Number of updated asset objects reloaded before import = 0
Number of asset objects unloaded after import = 2
========================================================================
Received Import Request.
  Time since last request: 0.000034 seconds.
  path: Assets/Assets de la map/MaximeBrunoni/BridgesPack/Art/Textures/BridgePontoon/bridge_pontoon_01_AlbedoTransparency.png
  artifactKey: Guid(ec3af77f993aeb54abfa48aecb82bea2) Importer(815301076,1909f56bfc062723c751e8b465ee728b)
Start importing Assets/Assets de la map/MaximeBrunoni/BridgesPack/Art/Textures/BridgePontoon/bridge_pontoon_01_AlbedoTransparency.png using Guid(ec3af77f993aeb54abfa48aecb82bea2) Importer(815301076,1909f56bfc062723c751e8b465ee728b)  -> (artifact id: '758637ac7731e2d1e1e4cf269a89d34f') in 0.027533 seconds 
Number of updated asset objects reloaded before import = 0
Number of asset objects unloaded after import = 2
========================================================================
Received Import Request.
  Time since last request: 0.000018 seconds.
  path: Assets/Assets de la map/MaximeBrunoni/BridgesPack/Art/Textures/BridgeRock/bridge_rock_01_AlbedoTransparency.png
  artifactKey: Guid(9bdccd9e0ba18294eb1594f10070c8ff) Importer(815301076,1909f56bfc062723c751e8b465ee728b)
Start importing Assets/Assets de la map/MaximeBrunoni/BridgesPack/Art/Textures/BridgeRock/bridge_rock_01_AlbedoTransparency.png using Guid(9bdccd9e0ba18294eb1594f10070c8ff) Importer(815301076,1909f56bfc062723c751e8b465ee728b)  -> (artifact id: 'debe70582d294dbbebd69f36c642f5bd') in 0.025177 seconds 
Number of updated asset objects reloaded before import = 0
Number of asset objects unloaded after import = 2
========================================================================
Received Import Request.
  Time since last request: 0.000025 seconds.
  path: Assets/Assets de la map/MaximeBrunoni/BridgesPack/Art/Meshes/BridgeRockBroken.fbx
  artifactKey: Guid(2b39041fe0bd9a74f83447d7fcc06e52) Importer(815301076,1909f56bfc062723c751e8b465ee728b)
Start importing Assets/Assets de la map/MaximeBrunoni/BridgesPack/Art/Meshes/BridgeRockBroken.fbx using Guid(2b39041fe0bd9a74f83447d7fcc06e52) Importer(815301076,1909f56bfc062723c751e8b465ee728b)  -> (artifact id: 'b263675815d635db835d9a89a17d826b') in 0.110713 seconds 
Number of updated asset objects reloaded before import = 0
Number of asset objects unloaded after import = 13
========================================================================
Received Import Request.
  Time since last request: 0.000028 seconds.
  path: Assets/Assets de la map/MaximeBrunoni/BridgesPack/Art/Materials/BridgeHanging.mat
  artifactKey: Guid(a5c88f5ceb5dadc4a948359149697782) Importer(815301076,1909f56bfc062723c751e8b465ee728b)
Start importing Assets/Assets de la map/MaximeBrunoni/BridgesPack/Art/Materials/BridgeHanging.mat using Guid(a5c88f5ceb5dadc4a948359149697782) Importer(815301076,1909f56bfc062723c751e8b465ee728b)  -> (artifact id: '02e696b1425fc766cad1d027517d0f18') in 0.111094 seconds 
Number of updated asset objects reloaded before import = 0
Number of asset objects unloaded after import = 4
========================================================================
Received Import Request.
  Time since last request: 0.000039 seconds.
  path: Assets/Assets de la map/MaximeBrunoni/BridgesPack/Prefabs/BridgePontoon.prefab
  artifactKey: Guid(12eafd3b38e02a046a7f72eda46088a4) Importer(815301076,1909f56bfc062723c751e8b465ee728b)
Start importing Assets/Assets de la map/MaximeBrunoni/BridgesPack/Prefabs/BridgePontoon.prefab using Guid(12eafd3b38e02a046a7f72eda46088a4) Importer(815301076,1909f56bfc062723c751e8b465ee728b)  -> (artifact id: '4dc252e4895ddacf69ac869f49301df1') in 0.085959 seconds 
Number of updated asset objects reloaded before import = 0
Number of asset objects unloaded after import = 34
========================================================================
Received Import Request.
  Time since last request: 0.000018 seconds.
  path: Assets/Assets de la map/MaximeBrunoni/BridgesPack/Prefabs/BridgePontoons.prefab
  artifactKey: Guid(89750c696c45dbf4ea5fc352ddb69ad9) Importer(815301076,1909f56bfc062723c751e8b465ee728b)
Start importing Assets/Assets de la map/MaximeBrunoni/BridgesPack/Prefabs/BridgePontoons.prefab using Guid(89750c696c45dbf4ea5fc352ddb69ad9) Importer(815301076,1909f56bfc062723c751e8b465ee728b)  -> (artifact id: '777b55ddb8e5c9a92d1e6aefe6bab77b') in 0.055274 seconds 
Number of updated asset objects reloaded before import = 0
Number of asset objects unloaded after import = 93
========================================================================
Received Import Request.
  Time since last request: 0.000028 seconds.
  path: Assets/Assets de la map/MaximeBrunoni/BridgesPack/Art/Textures/BridgeHanging/bridge_hanging_01_Normal.png
  artifactKey: Guid(8e3ac8cd1d14aee42b8abb3650bbe73d) Importer(815301076,1909f56bfc062723c751e8b465ee728b)
Start importing Assets/Assets de la map/MaximeBrunoni/BridgesPack/Art/Textures/BridgeHanging/bridge_hanging_01_Normal.png using Guid(8e3ac8cd1d14aee42b8abb3650bbe73d) Importer(815301076,1909f56bfc062723c751e8b465ee728b)  -> (artifact id: 'bf252b691aad3fb589242d8767c0c0ea') in 0.032989 seconds 
Number of updated asset objects reloaded before import = 0
Number of asset objects unloaded after import = 2
========================================================================
Received Import Request.
  Time since last request: 0.000056 seconds.
  path: Assets/Assets de la map/MaximeBrunoni/BridgesPack/Prefabs/BridgeRockBroken.prefab
  artifactKey: Guid(b80442e197f93f3419e56b7366a8e9f2) Importer(815301076,1909f56bfc062723c751e8b465ee728b)
Start importing Assets/Assets de la map/MaximeBrunoni/BridgesPack/Prefabs/BridgeRockBroken.prefab using Guid(b80442e197f93f3419e56b7366a8e9f2) Importer(815301076,1909f56bfc062723c751e8b465ee728b)  -> (artifact id: '162788a9754f949c6a889bbb68b232ce') in 0.056491 seconds 
Number of updated asset objects reloaded before import = 0
Number of asset objects unloaded after import = 24
========================================================================
Received Import Request.
  Time since last request: 0.000030 seconds.
  path: Assets/Assets de la map/MaximeBrunoni/BridgesPack/Art/Textures/BridgeRockBroken/bridge_rock_broken_01_MetallicSmoothness.png
  artifactKey: Guid(83895b9bcfacd904183e8445dc03a4a8) Importer(815301076,1909f56bfc062723c751e8b465ee728b)
Start importing Assets/Assets de la map/MaximeBrunoni/BridgesPack/Art/Textures/BridgeRockBroken/bridge_rock_broken_01_MetallicSmoothness.png using Guid(83895b9bcfacd904183e8445dc03a4a8) Importer(815301076,1909f56bfc062723c751e8b465ee728b)  -> (artifact id: '40940abfe0bdd3512ce73fa2b6b0a873') in 0.027498 seconds 
Number of updated asset objects reloaded before import = 0
Number of asset objects unloaded after import = 2
========================================================================
Received Import Request.
  Time since last request: 0.000046 seconds.
  path: Assets/Assets de la map/MaximeBrunoni/BridgesPack/Art/Textures/BridgePontoon/bridge_pontoon_01_MetallicSmoothness.png
  artifactKey: Guid(58ec78cef8dc9aa478d88d51e571ad04) Importer(815301076,1909f56bfc062723c751e8b465ee728b)
Start importing Assets/Assets de la map/MaximeBrunoni/BridgesPack/Art/Textures/BridgePontoon/bridge_pontoon_01_MetallicSmoothness.png using Guid(58ec78cef8dc9aa478d88d51e571ad04) Importer(815301076,1909f56bfc062723c751e8b465ee728b)  -> (artifact id: '3225ebc579d15f1a37473e3f347004ec') in 0.028111 seconds 
Number of updated asset objects reloaded before import = 0
Number of asset objects unloaded after import = 2
========================================================================
Received Import Request.
  Time since last request: 0.000150 seconds.
  path: Assets/Assets de la map/MaximeBrunoni/BridgesPack/Art/Materials/BridgePontoon.mat
  artifactKey: Guid(ede277ed129b6a74e9d8d7d1b52e8a48) Importer(815301076,1909f56bfc062723c751e8b465ee728b)
Start importing Assets/Assets de la map/MaximeBrunoni/BridgesPack/Art/Materials/BridgePontoon.mat using Guid(ede277ed129b6a74e9d8d7d1b52e8a48) Importer(815301076,1909f56bfc062723c751e8b465ee728b)  -> (artifact id: '71fd0877ffb140f3b3869207ba0bd1b5') in 0.055438 seconds 
Number of updated asset objects reloaded before import = 0
Number of asset objects unloaded after import = 4
========================================================================
Received Import Request.
  Time since last request: 7.488007 seconds.
  path: Assets/Assets de la map/MaximeBrunoni/BridgesPack/Prefabs/SmallBoat.prefab
  artifactKey: Guid(a8abf0e5202774e48a51491da557a333) Importer(815301076,1909f56bfc062723c751e8b465ee728b)
Start importing Assets/Assets de la map/MaximeBrunoni/BridgesPack/Prefabs/SmallBoat.prefab using Guid(a8abf0e5202774e48a51491da557a333) Importer(815301076,1909f56bfc062723c751e8b465ee728b)  -> (artifact id: '50ec0dd307c50e62650fbf7470533178') in 0.112445 seconds 
Number of updated asset objects reloaded before import = 0
Number of asset objects unloaded after import = 33
========================================================================
Received Import Request.
  Time since last request: 0.000024 seconds.
  path: Assets/Assets de la map/MaximeBrunoni/BridgesPack/Prefabs/Well.prefab
  artifactKey: Guid(a7ebb2d62037c6f44be85b88fabc33d4) Importer(815301076,1909f56bfc062723c751e8b465ee728b)
Start importing Assets/Assets de la map/MaximeBrunoni/BridgesPack/Prefabs/Well.prefab using Guid(a7ebb2d62037c6f44be85b88fabc33d4) Importer(815301076,1909f56bfc062723c751e8b465ee728b)  -> (artifact id: '1f0b87eb00f81325f0d141b4b2ca61a0') in 0.085052 seconds 
Number of updated asset objects reloaded before import = 0
Number of asset objects unloaded after import = 24
========================================================================
Received Import Request.
  Time since last request: 3.089950 seconds.
  path: Assets/Assets de la map/CastlePack/FBX/StoneBridge.fbx
  artifactKey: Guid(f6cf0fe113121d342a8c4191c2ea5dd7) Importer(815301076,1909f56bfc062723c751e8b465ee728b)
Start importing Assets/Assets de la map/CastlePack/FBX/StoneBridge.fbx using Guid(f6cf0fe113121d342a8c4191c2ea5dd7) Importer(815301076,1909f56bfc062723c751e8b465ee728b)  -> (artifact id: '9f2efb6c95b8e21eb1efa17165d814af') in 0.016080 seconds 
Number of updated asset objects reloaded before import = 0
Number of asset objects unloaded after import = 7
========================================================================
Received Import Request.
  Time since last request: 0.000021 seconds.
  path: Assets/Assets de la map/CastlePack/FBX/StoneBridgeFlat.fbx
  artifactKey: Guid(1042cedd9f3f9b64798d216dc26d0ba4) Importer(815301076,1909f56bfc062723c751e8b465ee728b)
Start importing Assets/Assets de la map/CastlePack/FBX/StoneBridgeFlat.fbx using Guid(1042cedd9f3f9b64798d216dc26d0ba4) Importer(815301076,1909f56bfc062723c751e8b465ee728b)  -> (artifact id: 'cc5f2a20a9d3bd250785b2a595e2794f') in 0.015130 seconds 
Number of updated asset objects reloaded before import = 0
Number of asset objects unloaded after import = 7
========================================================================
Received Import Request.
  Time since last request: 0.000018 seconds.
  path: Assets/Assets de la map/CastlePack/FBX/StoneBridgeTwoSided.fbx
  artifactKey: Guid(d2b783378e3e87c4dab252c0d9a7e97f) Importer(815301076,1909f56bfc062723c751e8b465ee728b)
Start importing Assets/Assets de la map/CastlePack/FBX/StoneBridgeTwoSided.fbx using Guid(d2b783378e3e87c4dab252c0d9a7e97f) Importer(815301076,1909f56bfc062723c751e8b465ee728b)  -> (artifact id: 'c5c7662d48f1580ab6972d7b65f5dc31') in 0.017661 seconds 
Number of updated asset objects reloaded before import = 0
Number of asset objects unloaded after import = 7
========================================================================
Received Import Request.
  Time since last request: 0.000020 seconds.
  path: Assets/Assets de la map/CastlePack/Prefabs/WoodenBridge.prefab
  artifactKey: Guid(759c52fc18714384b8154129d1b6a10d) Importer(815301076,1909f56bfc062723c751e8b465ee728b)
Start importing Assets/Assets de la map/CastlePack/Prefabs/WoodenBridge.prefab using Guid(759c52fc18714384b8154129d1b6a10d) Importer(815301076,1909f56bfc062723c751e8b465ee728b)  -> (artifact id: '5c76e3e39cf14bf89f36d969624915c8') in 0.015066 seconds 
Number of updated asset objects reloaded before import = 0
Number of asset objects unloaded after import = 14
========================================================================
Received Import Request.
  Time since last request: 3.848496 seconds.
  path: Assets/Assets de la map/EmaceArt/Slavic World Free/Prefabs/Environment/Bridge/EA03_Prop_Pier_04c_PRE.prefab
  artifactKey: Guid(23ee18916fce79947a0499084b2db70a) Importer(815301076,1909f56bfc062723c751e8b465ee728b)
Start importing Assets/Assets de la map/EmaceArt/Slavic World Free/Prefabs/Environment/Bridge/EA03_Prop_Pier_04c_PRE.prefab using Guid(23ee18916fce79947a0499084b2db70a) Importer(815301076,1909f56bfc062723c751e8b465ee728b)  -> (artifact id: '1e8cbb1190649ebf760f351a7fe211f0') in 0.024638 seconds 
Number of updated asset objects reloaded before import = 0
Number of asset objects unloaded after import = 24
